   1              		.cpu cortex-m4
   2              		.eabi_attribute 27, 1
   3              		.eabi_attribute 20, 1
   4              		.eabi_attribute 21, 1
   5              		.eabi_attribute 23, 3
   6              		.eabi_attribute 24, 1
   7              		.eabi_attribute 25, 1
   8              		.eabi_attribute 26, 1
   9              		.eabi_attribute 30, 1
  10              		.eabi_attribute 34, 1
  11              		.eabi_attribute 18, 4
  12              		.file	"EndpointStream_XMC4000.c"
  13              		.text
  14              	.Ltext0:
  15              		.cfi_sections	.debug_frame
  16              		.section	.text.Endpoint_Write_Stream_LE,"ax",%progbits
  17              		.align	1
  18              		.global	Endpoint_Write_Stream_LE
  19              		.syntax unified
  20              		.thumb
  21              		.thumb_func
  22              		.fpu fpv4-sp-d16
  24              	Endpoint_Write_Stream_LE:
  25              	.LFB188:
  26              		.file 1 "/opt/XMClib/XMC_Peripheral_Library_v2.1.16/ThirdPartyLibraries/USBlib/USB/Core/XMC4000/En
   1:/opt/XMClib/XMC_Peripheral_Library_v2.1.16/ThirdPartyLibraries/USBlib/USB/Core/XMC4000/EndpointStream_XMC4000.c **** /*******************************************************************************
   2:/opt/XMClib/XMC_Peripheral_Library_v2.1.16/ThirdPartyLibraries/USBlib/USB/Core/XMC4000/EndpointStream_XMC4000.c ****  Copyright (c) 2013, Infineon Technologies AG                                 **
   3:/opt/XMClib/XMC_Peripheral_Library_v2.1.16/ThirdPartyLibraries/USBlib/USB/Core/XMC4000/EndpointStream_XMC4000.c ****  All rights reserved.                                                         **
   4:/opt/XMClib/XMC_Peripheral_Library_v2.1.16/ThirdPartyLibraries/USBlib/USB/Core/XMC4000/EndpointStream_XMC4000.c ****                                                                               **
   5:/opt/XMClib/XMC_Peripheral_Library_v2.1.16/ThirdPartyLibraries/USBlib/USB/Core/XMC4000/EndpointStream_XMC4000.c ****  Redistribution and use in source and binary forms, with or without           **
   6:/opt/XMClib/XMC_Peripheral_Library_v2.1.16/ThirdPartyLibraries/USBlib/USB/Core/XMC4000/EndpointStream_XMC4000.c ****  modification,are permitted provided that the following conditions are met:   **
   7:/opt/XMClib/XMC_Peripheral_Library_v2.1.16/ThirdPartyLibraries/USBlib/USB/Core/XMC4000/EndpointStream_XMC4000.c ****                                                                               **
   8:/opt/XMClib/XMC_Peripheral_Library_v2.1.16/ThirdPartyLibraries/USBlib/USB/Core/XMC4000/EndpointStream_XMC4000.c ****  *Redistributions of source code must retain the above copyright notice,      **
   9:/opt/XMClib/XMC_Peripheral_Library_v2.1.16/ThirdPartyLibraries/USBlib/USB/Core/XMC4000/EndpointStream_XMC4000.c ****  this list of conditions and the following disclaimer.                        **
  10:/opt/XMClib/XMC_Peripheral_Library_v2.1.16/ThirdPartyLibraries/USBlib/USB/Core/XMC4000/EndpointStream_XMC4000.c ****  *Redistributions in binary form must reproduce the above copyright notice,   **
  11:/opt/XMClib/XMC_Peripheral_Library_v2.1.16/ThirdPartyLibraries/USBlib/USB/Core/XMC4000/EndpointStream_XMC4000.c ****  this list of conditions and the following disclaimer in the documentation    **
  12:/opt/XMClib/XMC_Peripheral_Library_v2.1.16/ThirdPartyLibraries/USBlib/USB/Core/XMC4000/EndpointStream_XMC4000.c ****  and/or other materials provided with the distribution.                       **
  13:/opt/XMClib/XMC_Peripheral_Library_v2.1.16/ThirdPartyLibraries/USBlib/USB/Core/XMC4000/EndpointStream_XMC4000.c ****  *Neither the name of the copyright holders nor the names of its contributors **
  14:/opt/XMClib/XMC_Peripheral_Library_v2.1.16/ThirdPartyLibraries/USBlib/USB/Core/XMC4000/EndpointStream_XMC4000.c ****  may be used to endorse or promote products derived from this software without**
  15:/opt/XMClib/XMC_Peripheral_Library_v2.1.16/ThirdPartyLibraries/USBlib/USB/Core/XMC4000/EndpointStream_XMC4000.c ****  specific prior written permission.                                           **
  16:/opt/XMClib/XMC_Peripheral_Library_v2.1.16/ThirdPartyLibraries/USBlib/USB/Core/XMC4000/EndpointStream_XMC4000.c ****                                                                               **
  17:/opt/XMClib/XMC_Peripheral_Library_v2.1.16/ThirdPartyLibraries/USBlib/USB/Core/XMC4000/EndpointStream_XMC4000.c ****  THIS SOFTWARE IS PROVIDED BY THE COPYRIGHT HOLDERS AND CONTRIBUTORS "AS IS"  **
  18:/opt/XMClib/XMC_Peripheral_Library_v2.1.16/ThirdPartyLibraries/USBlib/USB/Core/XMC4000/EndpointStream_XMC4000.c ****  AND ANY EXPRESS OR IMPLIED WARRANTIES, INCLUDING, BUT NOT LIMITED TO, THE    **
  19:/opt/XMClib/XMC_Peripheral_Library_v2.1.16/ThirdPartyLibraries/USBlib/USB/Core/XMC4000/EndpointStream_XMC4000.c ****  IMPLIED WARRANTIES OF MERCHANTABILITY AND FITNESS FOR A PARTICULAR PURPOSE   **
  20:/opt/XMClib/XMC_Peripheral_Library_v2.1.16/ThirdPartyLibraries/USBlib/USB/Core/XMC4000/EndpointStream_XMC4000.c ****  ARE  DISCLAIMED. IN NO EVENT SHALL THE COPYRIGHT HOLDER OR CONTRIBUTORS BE   **
  21:/opt/XMClib/XMC_Peripheral_Library_v2.1.16/ThirdPartyLibraries/USBlib/USB/Core/XMC4000/EndpointStream_XMC4000.c ****  LIABLE  FOR ANY DIRECT, INDIRECT, INCIDENTAL, SPECIAL, EXEMPLARY, OR         **
  22:/opt/XMClib/XMC_Peripheral_Library_v2.1.16/ThirdPartyLibraries/USBlib/USB/Core/XMC4000/EndpointStream_XMC4000.c ****  CONSEQUENTIAL DAMAGES (INCLUDING, BUT NOT LIMITED TO, PROCUREMENT OF         **
  23:/opt/XMClib/XMC_Peripheral_Library_v2.1.16/ThirdPartyLibraries/USBlib/USB/Core/XMC4000/EndpointStream_XMC4000.c ****  SUBSTITUTE GOODS OR  SERVICES; LOSS OF USE, DATA, OR PROFITS; OR BUSINESS    **
  24:/opt/XMClib/XMC_Peripheral_Library_v2.1.16/ThirdPartyLibraries/USBlib/USB/Core/XMC4000/EndpointStream_XMC4000.c ****  INTERRUPTION) HOWEVER CAUSED AND ON ANY THEORY OF LIABILITY, WHETHER IN      **
  25:/opt/XMClib/XMC_Peripheral_Library_v2.1.16/ThirdPartyLibraries/USBlib/USB/Core/XMC4000/EndpointStream_XMC4000.c ****  CONTRACT, STRICT LIABILITY,OR TORT (INCLUDING NEGLIGENCE OR OTHERWISE)       **
  26:/opt/XMClib/XMC_Peripheral_Library_v2.1.16/ThirdPartyLibraries/USBlib/USB/Core/XMC4000/EndpointStream_XMC4000.c ****  ARISING IN ANY WAY OUT OF THE USE OF THIS SOFTWARE, EVEN IF ADVISED OF THE   **
  27:/opt/XMClib/XMC_Peripheral_Library_v2.1.16/ThirdPartyLibraries/USBlib/USB/Core/XMC4000/EndpointStream_XMC4000.c ****  POSSIBILITY OF SUCH DAMAGE.                                                  **
  28:/opt/XMClib/XMC_Peripheral_Library_v2.1.16/ThirdPartyLibraries/USBlib/USB/Core/XMC4000/EndpointStream_XMC4000.c ****                                                                               **
  29:/opt/XMClib/XMC_Peripheral_Library_v2.1.16/ThirdPartyLibraries/USBlib/USB/Core/XMC4000/EndpointStream_XMC4000.c ****  To improve the quality of the software, users are encouraged to share        **
  30:/opt/XMClib/XMC_Peripheral_Library_v2.1.16/ThirdPartyLibraries/USBlib/USB/Core/XMC4000/EndpointStream_XMC4000.c ****  modifications, enhancements or bug fixes with Infineon Technologies AG       **
  31:/opt/XMClib/XMC_Peripheral_Library_v2.1.16/ThirdPartyLibraries/USBlib/USB/Core/XMC4000/EndpointStream_XMC4000.c ****  dave@infineon.com).                                                          **
  32:/opt/XMClib/XMC_Peripheral_Library_v2.1.16/ThirdPartyLibraries/USBlib/USB/Core/XMC4000/EndpointStream_XMC4000.c ****                                                                               **
  33:/opt/XMClib/XMC_Peripheral_Library_v2.1.16/ThirdPartyLibraries/USBlib/USB/Core/XMC4000/EndpointStream_XMC4000.c **** ********************************************************************************/
  34:/opt/XMClib/XMC_Peripheral_Library_v2.1.16/ThirdPartyLibraries/USBlib/USB/Core/XMC4000/EndpointStream_XMC4000.c **** /**
  35:/opt/XMClib/XMC_Peripheral_Library_v2.1.16/ThirdPartyLibraries/USBlib/USB/Core/XMC4000/EndpointStream_XMC4000.c ****  * @file
  36:/opt/XMClib/XMC_Peripheral_Library_v2.1.16/ThirdPartyLibraries/USBlib/USB/Core/XMC4000/EndpointStream_XMC4000.c ****  *
  37:/opt/XMClib/XMC_Peripheral_Library_v2.1.16/ThirdPartyLibraries/USBlib/USB/Core/XMC4000/EndpointStream_XMC4000.c ****  * @App Version internal release for evaluation, no public release!
  38:/opt/XMClib/XMC_Peripheral_Library_v2.1.16/ThirdPartyLibraries/USBlib/USB/Core/XMC4000/EndpointStream_XMC4000.c ****  *
  39:/opt/XMClib/XMC_Peripheral_Library_v2.1.16/ThirdPartyLibraries/USBlib/USB/Core/XMC4000/EndpointStream_XMC4000.c ****  * @brief Source file for LUFA Endpoint Streaming functions
  40:/opt/XMClib/XMC_Peripheral_Library_v2.1.16/ThirdPartyLibraries/USBlib/USB/Core/XMC4000/EndpointStream_XMC4000.c ****  */
  41:/opt/XMClib/XMC_Peripheral_Library_v2.1.16/ThirdPartyLibraries/USBlib/USB/Core/XMC4000/EndpointStream_XMC4000.c **** 
  42:/opt/XMClib/XMC_Peripheral_Library_v2.1.16/ThirdPartyLibraries/USBlib/USB/Core/XMC4000/EndpointStream_XMC4000.c **** #include "../../Common/Common.h"
  43:/opt/XMClib/XMC_Peripheral_Library_v2.1.16/ThirdPartyLibraries/USBlib/USB/Core/XMC4000/EndpointStream_XMC4000.c **** 
  44:/opt/XMClib/XMC_Peripheral_Library_v2.1.16/ThirdPartyLibraries/USBlib/USB/Core/XMC4000/EndpointStream_XMC4000.c **** #define  __INCLUDE_FROM_USB_DRIVER
  45:/opt/XMClib/XMC_Peripheral_Library_v2.1.16/ThirdPartyLibraries/USBlib/USB/Core/XMC4000/EndpointStream_XMC4000.c **** #include "../USBMode.h"
  46:/opt/XMClib/XMC_Peripheral_Library_v2.1.16/ThirdPartyLibraries/USBlib/USB/Core/XMC4000/EndpointStream_XMC4000.c **** 
  47:/opt/XMClib/XMC_Peripheral_Library_v2.1.16/ThirdPartyLibraries/USBlib/USB/Core/XMC4000/EndpointStream_XMC4000.c **** /*Flag to indicate the zlp to be sent or not*/
  48:/opt/XMClib/XMC_Peripheral_Library_v2.1.16/ThirdPartyLibraries/USBlib/USB/Core/XMC4000/EndpointStream_XMC4000.c **** volatile uint8_t zlp_flag = 0;
  49:/opt/XMClib/XMC_Peripheral_Library_v2.1.16/ThirdPartyLibraries/USBlib/USB/Core/XMC4000/EndpointStream_XMC4000.c **** 
  50:/opt/XMClib/XMC_Peripheral_Library_v2.1.16/ThirdPartyLibraries/USBlib/USB/Core/XMC4000/EndpointStream_XMC4000.c **** #if defined(USB_CAN_BE_DEVICE)
  51:/opt/XMClib/XMC_Peripheral_Library_v2.1.16/ThirdPartyLibraries/USBlib/USB/Core/XMC4000/EndpointStream_XMC4000.c **** 
  52:/opt/XMClib/XMC_Peripheral_Library_v2.1.16/ThirdPartyLibraries/USBlib/USB/Core/XMC4000/EndpointStream_XMC4000.c **** #include "EndpointStream_XMC4000.h"
  53:/opt/XMClib/XMC_Peripheral_Library_v2.1.16/ThirdPartyLibraries/USBlib/USB/Core/XMC4000/EndpointStream_XMC4000.c **** 
  54:/opt/XMClib/XMC_Peripheral_Library_v2.1.16/ThirdPartyLibraries/USBlib/USB/Core/XMC4000/EndpointStream_XMC4000.c **** uint8_t Endpoint_Write_Stream_LE (const void *const Buffer, uint16_t Length, uint16_t *const BytesP
  27              		.loc 1 54 0
  28              		.cfi_startproc
  29              		@ args = 0, pretend = 0, frame = 0
  30              		@ frame_needed = 0, uses_anonymous_args = 0
  31              	.LVL0:
  32 0000 2DE9F84F 		push	{r3, r4, r5, r6, r7, r8, r9, r10, fp, lr}
  33              	.LCFI0:
  34              		.cfi_def_cfa_offset 40
  35              		.cfi_offset 3, -40
  36              		.cfi_offset 4, -36
  37              		.cfi_offset 5, -32
  38              		.cfi_offset 6, -28
  39              		.cfi_offset 7, -24
  40              		.cfi_offset 8, -20
  41              		.cfi_offset 9, -16
  42              		.cfi_offset 10, -12
  43              		.cfi_offset 11, -8
  44              		.cfi_offset 14, -4
  45 0004 8146     		mov	r9, r0
  46 0006 0E46     		mov	r6, r1
  55:/opt/XMClib/XMC_Peripheral_Library_v2.1.16/ThirdPartyLibraries/USBlib/USB/Core/XMC4000/EndpointStream_XMC4000.c **** 	USBD_Endpoint_t* ep = &device.Endpoints[device.CurrentEndpoint];
  47              		.loc 1 55 0
  48 0008 2A4B     		ldr	r3, .L18
  49 000a 93F83CA1 		ldrb	r10, [r3, #316]	@ zero_extendqisi2
  50              	.LVL1:
  56:/opt/XMClib/XMC_Peripheral_Library_v2.1.16/ThirdPartyLibraries/USBlib/USB/Core/XMC4000/EndpointStream_XMC4000.c **** 	uint16_t Bytes = 0;
  57:/opt/XMClib/XMC_Peripheral_Library_v2.1.16/ThirdPartyLibraries/USBlib/USB/Core/XMC4000/EndpointStream_XMC4000.c **** 	uint16_t BytesTransfered = 0;
  58:/opt/XMClib/XMC_Peripheral_Library_v2.1.16/ThirdPartyLibraries/USBlib/USB/Core/XMC4000/EndpointStream_XMC4000.c **** 	uint8_t ErrorCode;
  59:/opt/XMClib/XMC_Peripheral_Library_v2.1.16/ThirdPartyLibraries/USBlib/USB/Core/XMC4000/EndpointStream_XMC4000.c **** 	uint16_t prev_length = 0;
  60:/opt/XMClib/XMC_Peripheral_Library_v2.1.16/ThirdPartyLibraries/USBlib/USB/Core/XMC4000/EndpointStream_XMC4000.c **** 	if (BytesProcessed!=NULL) {
  51              		.loc 1 60 0
  52 000e 9046     		mov	r8, r2
  53 0010 4AB1     		cbz	r2, .L12
  61:/opt/XMClib/XMC_Peripheral_Library_v2.1.16/ThirdPartyLibraries/USBlib/USB/Core/XMC4000/EndpointStream_XMC4000.c **** 		Length -= *BytesProcessed;
  54              		.loc 1 61 0
  55 0012 1788     		ldrh	r7, [r2]
  56 0014 CE1B     		subs	r6, r1, r7
  57 0016 B6B2     		uxth	r6, r6
  58              	.LVL2:
  59              	.L2:
  62:/opt/XMClib/XMC_Peripheral_Library_v2.1.16/ThirdPartyLibraries/USBlib/USB/Core/XMC4000/EndpointStream_XMC4000.c **** 		BytesTransfered = *BytesProcessed;
  63:/opt/XMClib/XMC_Peripheral_Library_v2.1.16/ThirdPartyLibraries/USBlib/USB/Core/XMC4000/EndpointStream_XMC4000.c **** 	}
  64:/opt/XMClib/XMC_Peripheral_Library_v2.1.16/ThirdPartyLibraries/USBlib/USB/Core/XMC4000/EndpointStream_XMC4000.c **** 
  65:/opt/XMClib/XMC_Peripheral_Library_v2.1.16/ThirdPartyLibraries/USBlib/USB/Core/XMC4000/EndpointStream_XMC4000.c **** 	while (Length) {
  66:/opt/XMClib/XMC_Peripheral_Library_v2.1.16/ThirdPartyLibraries/USBlib/USB/Core/XMC4000/EndpointStream_XMC4000.c **** 		if (ep->InInUse)
  67:/opt/XMClib/XMC_Peripheral_Library_v2.1.16/ThirdPartyLibraries/USBlib/USB/Core/XMC4000/EndpointStream_XMC4000.c **** 			continue;
  68:/opt/XMClib/XMC_Peripheral_Library_v2.1.16/ThirdPartyLibraries/USBlib/USB/Core/XMC4000/EndpointStream_XMC4000.c **** 		if (Endpoint_IsReadWriteAllowed()) {
  69:/opt/XMClib/XMC_Peripheral_Library_v2.1.16/ThirdPartyLibraries/USBlib/USB/Core/XMC4000/EndpointStream_XMC4000.c **** 			Bytes = ep->InBufferLength - ep->InBytesAvailable  > Length ? Length : ep->InBufferLength - ep->
  70:/opt/XMClib/XMC_Peripheral_Library_v2.1.16/ThirdPartyLibraries/USBlib/USB/Core/XMC4000/EndpointStream_XMC4000.c **** 			MEMCPY((void *)((uint32_t)ep->InBuffer + (uint32_t)ep->InBytesAvailable), (void *)((uint32_t)Buf
  71:/opt/XMClib/XMC_Peripheral_Library_v2.1.16/ThirdPartyLibraries/USBlib/USB/Core/XMC4000/EndpointStream_XMC4000.c **** 			ep->InBytesAvailable += Bytes;
  72:/opt/XMClib/XMC_Peripheral_Library_v2.1.16/ThirdPartyLibraries/USBlib/USB/Core/XMC4000/EndpointStream_XMC4000.c **** 			BytesTransfered += Bytes;
  73:/opt/XMClib/XMC_Peripheral_Library_v2.1.16/ThirdPartyLibraries/USBlib/USB/Core/XMC4000/EndpointStream_XMC4000.c **** 			prev_length = Length;
  74:/opt/XMClib/XMC_Peripheral_Library_v2.1.16/ThirdPartyLibraries/USBlib/USB/Core/XMC4000/EndpointStream_XMC4000.c **** 			Length -= Bytes;
  60              		.loc 1 74 0
  61 0018 4FF0000B 		mov	fp, #0
  66:/opt/XMClib/XMC_Peripheral_Library_v2.1.16/ThirdPartyLibraries/USBlib/USB/Core/XMC4000/EndpointStream_XMC4000.c **** 			continue;
  62              		.loc 1 66 0
  63 001c 254B     		ldr	r3, .L18
  64 001e 2C25     		movs	r5, #44
  65 0020 05FB0A35 		mla	r5, r5, r10, r3
  66 0024 1AE0     		b	.L3
  67              	.LVL3:
  68              	.L12:
  57:/opt/XMClib/XMC_Peripheral_Library_v2.1.16/ThirdPartyLibraries/USBlib/USB/Core/XMC4000/EndpointStream_XMC4000.c **** 	uint8_t ErrorCode;
  69              		.loc 1 57 0
  70 0026 0027     		movs	r7, #0
  71 0028 F6E7     		b	.L2
  72              	.LVL4:
  73              	.L11:
  68:/opt/XMClib/XMC_Peripheral_Library_v2.1.16/ThirdPartyLibraries/USBlib/USB/Core/XMC4000/EndpointStream_XMC4000.c **** 			Bytes = ep->InBufferLength - ep->InBytesAvailable  > Length ? Length : ep->InBufferLength - ep->
  74              		.loc 1 68 0
  75 002a FFF7FEFF 		bl	Endpoint_IsReadWriteAllowed
  76              	.LVL5:
  77 002e F8B1     		cbz	r0, .L5
  69:/opt/XMClib/XMC_Peripheral_Library_v2.1.16/ThirdPartyLibraries/USBlib/USB/Core/XMC4000/EndpointStream_XMC4000.c **** 			MEMCPY((void *)((uint32_t)ep->InBuffer + (uint32_t)ep->InBytesAvailable), (void *)((uint32_t)Buf
  78              		.loc 1 69 0
  79 0030 EB69     		ldr	r3, [r5, #28]
  80 0032 6C6A     		ldr	r4, [r5, #36]
  81 0034 E41A     		subs	r4, r4, r3
  82 0036 B442     		cmp	r4, r6
  83 0038 28BF     		it	cs
  84 003a 3446     		movcs	r4, r6
  85 003c A4B2     		uxth	r4, r4
  86              	.LVL6:
  70:/opt/XMClib/XMC_Peripheral_Library_v2.1.16/ThirdPartyLibraries/USBlib/USB/Core/XMC4000/EndpointStream_XMC4000.c **** 			ep->InBytesAvailable += Bytes;
  87              		.loc 1 70 0
  88 003e 286A     		ldr	r0, [r5, #32]
  89 0040 2246     		mov	r2, r4
  90 0042 09EB0701 		add	r1, r9, r7
  91 0046 1844     		add	r0, r0, r3
  92 0048 FFF7FEFF 		bl	thumb2_memcpy
  93              	.LVL7:
  71:/opt/XMClib/XMC_Peripheral_Library_v2.1.16/ThirdPartyLibraries/USBlib/USB/Core/XMC4000/EndpointStream_XMC4000.c **** 			BytesTransfered += Bytes;
  94              		.loc 1 71 0
  95 004c EB69     		ldr	r3, [r5, #28]
  96 004e 2344     		add	r3, r3, r4
  97 0050 EB61     		str	r3, [r5, #28]
  72:/opt/XMClib/XMC_Peripheral_Library_v2.1.16/ThirdPartyLibraries/USBlib/USB/Core/XMC4000/EndpointStream_XMC4000.c **** 			prev_length = Length;
  98              		.loc 1 72 0
  99 0052 2744     		add	r7, r7, r4
 100 0054 BFB2     		uxth	r7, r7
 101              	.LVL8:
 102              		.loc 1 74 0
 103 0056 341B     		subs	r4, r6, r4
 104              	.LVL9:
 105 0058 B346     		mov	fp, r6
 106 005a A6B2     		uxth	r6, r4
 107              	.LVL10:
 108              	.L3:
  65:/opt/XMClib/XMC_Peripheral_Library_v2.1.16/ThirdPartyLibraries/USBlib/USB/Core/XMC4000/EndpointStream_XMC4000.c **** 		if (ep->InInUse)
 109              		.loc 1 65 0
 110 005c BEB1     		cbz	r6, .L16
  66:/opt/XMClib/XMC_Peripheral_Library_v2.1.16/ThirdPartyLibraries/USBlib/USB/Core/XMC4000/EndpointStream_XMC4000.c **** 			continue;
 111              		.loc 1 66 0
 112 005e AB68     		ldr	r3, [r5, #8]
 113 0060 13F0100F 		tst	r3, #16
 114 0064 E1D0     		beq	.L11
 115              	.LVL11:
 116              	.L4:
 117 0066 AB68     		ldr	r3, [r5, #8]
 118 0068 13F0100F 		tst	r3, #16
 119 006c FBD1     		bne	.L4
 120 006e DCE7     		b	.L11
 121              	.L5:
  75:/opt/XMClib/XMC_Peripheral_Library_v2.1.16/ThirdPartyLibraries/USBlib/USB/Core/XMC4000/EndpointStream_XMC4000.c **** 		}
  76:/opt/XMClib/XMC_Peripheral_Library_v2.1.16/ThirdPartyLibraries/USBlib/USB/Core/XMC4000/EndpointStream_XMC4000.c **** 		else {
  77:/opt/XMClib/XMC_Peripheral_Library_v2.1.16/ThirdPartyLibraries/USBlib/USB/Core/XMC4000/EndpointStream_XMC4000.c **** 			Endpoint_ClearIN();
 122              		.loc 1 77 0
 123 0070 FFF7FEFF 		bl	Endpoint_ClearIN
 124              	.LVL12:
  78:/opt/XMClib/XMC_Peripheral_Library_v2.1.16/ThirdPartyLibraries/USBlib/USB/Core/XMC4000/EndpointStream_XMC4000.c **** 			if (BytesProcessed!=NULL) {
 125              		.loc 1 78 0
 126 0074 B8F1000F 		cmp	r8, #0
 127 0078 05D1     		bne	.L17
  79:/opt/XMClib/XMC_Peripheral_Library_v2.1.16/ThirdPartyLibraries/USBlib/USB/Core/XMC4000/EndpointStream_XMC4000.c **** 				*BytesProcessed = BytesTransfered;
  80:/opt/XMClib/XMC_Peripheral_Library_v2.1.16/ThirdPartyLibraries/USBlib/USB/Core/XMC4000/EndpointStream_XMC4000.c **** 				return ENDPOINT_RWSTREAM_IncompleteTransfer;
  81:/opt/XMClib/XMC_Peripheral_Library_v2.1.16/ThirdPartyLibraries/USBlib/USB/Core/XMC4000/EndpointStream_XMC4000.c **** 			}
  82:/opt/XMClib/XMC_Peripheral_Library_v2.1.16/ThirdPartyLibraries/USBlib/USB/Core/XMC4000/EndpointStream_XMC4000.c **** 
  83:/opt/XMClib/XMC_Peripheral_Library_v2.1.16/ThirdPartyLibraries/USBlib/USB/Core/XMC4000/EndpointStream_XMC4000.c **** 			if ((ErrorCode = Endpoint_WaitUntilReady()) != 0) {
 128              		.loc 1 83 0
 129 007a FFF7FEFF 		bl	Endpoint_WaitUntilReady
 130              	.LVL13:
 131 007e 0346     		mov	r3, r0
 132 0080 0028     		cmp	r0, #0
 133 0082 EBD0     		beq	.L3
 134 0084 0EE0     		b	.L8
 135              	.LVL14:
 136              	.L17:
  79:/opt/XMClib/XMC_Peripheral_Library_v2.1.16/ThirdPartyLibraries/USBlib/USB/Core/XMC4000/EndpointStream_XMC4000.c **** 				*BytesProcessed = BytesTransfered;
 137              		.loc 1 79 0
 138 0086 A8F80070 		strh	r7, [r8]	@ movhi
  80:/opt/XMClib/XMC_Peripheral_Library_v2.1.16/ThirdPartyLibraries/USBlib/USB/Core/XMC4000/EndpointStream_XMC4000.c **** 			}
 139              		.loc 1 80 0
 140 008a 0523     		movs	r3, #5
 141 008c 0AE0     		b	.L8
 142              	.LVL15:
 143              	.L16:
  84:/opt/XMClib/XMC_Peripheral_Library_v2.1.16/ThirdPartyLibraries/USBlib/USB/Core/XMC4000/EndpointStream_XMC4000.c **** 				return ErrorCode;
  85:/opt/XMClib/XMC_Peripheral_Library_v2.1.16/ThirdPartyLibraries/USBlib/USB/Core/XMC4000/EndpointStream_XMC4000.c **** 			}
  86:/opt/XMClib/XMC_Peripheral_Library_v2.1.16/ThirdPartyLibraries/USBlib/USB/Core/XMC4000/EndpointStream_XMC4000.c **** 
  87:/opt/XMClib/XMC_Peripheral_Library_v2.1.16/ThirdPartyLibraries/USBlib/USB/Core/XMC4000/EndpointStream_XMC4000.c **** 
  88:/opt/XMClib/XMC_Peripheral_Library_v2.1.16/ThirdPartyLibraries/USBlib/USB/Core/XMC4000/EndpointStream_XMC4000.c **** 		}
  89:/opt/XMClib/XMC_Peripheral_Library_v2.1.16/ThirdPartyLibraries/USBlib/USB/Core/XMC4000/EndpointStream_XMC4000.c **** 	}
  90:/opt/XMClib/XMC_Peripheral_Library_v2.1.16/ThirdPartyLibraries/USBlib/USB/Core/XMC4000/EndpointStream_XMC4000.c **** 	
  91:/opt/XMClib/XMC_Peripheral_Library_v2.1.16/ThirdPartyLibraries/USBlib/USB/Core/XMC4000/EndpointStream_XMC4000.c **** 	if((Length == 0) && (prev_length == ep->MaxPacketSize))
 144              		.loc 1 91 0
 145 008e 094B     		ldr	r3, .L18
 146 0090 2C22     		movs	r2, #44
 147 0092 02FB0A3A 		mla	r10, r2, r10, r3
 148              	.LVL16:
 149 0096 BAF80830 		ldrh	r3, [r10, #8]
 150 009a C3F38613 		ubfx	r3, r3, #6, #7
 151 009e 5B45     		cmp	r3, fp
 152 00a0 03D0     		beq	.L10
  92:/opt/XMClib/XMC_Peripheral_Library_v2.1.16/ThirdPartyLibraries/USBlib/USB/Core/XMC4000/EndpointStream_XMC4000.c **** 	{
  93:/opt/XMClib/XMC_Peripheral_Library_v2.1.16/ThirdPartyLibraries/USBlib/USB/Core/XMC4000/EndpointStream_XMC4000.c **** 	   zlp_flag = true;
  94:/opt/XMClib/XMC_Peripheral_Library_v2.1.16/ThirdPartyLibraries/USBlib/USB/Core/XMC4000/EndpointStream_XMC4000.c **** 	}
  95:/opt/XMClib/XMC_Peripheral_Library_v2.1.16/ThirdPartyLibraries/USBlib/USB/Core/XMC4000/EndpointStream_XMC4000.c **** 	return ENDPOINT_RWSTREAM_NoError;
 153              		.loc 1 95 0
 154 00a2 0023     		movs	r3, #0
 155              	.LVL17:
 156              	.L8:
  96:/opt/XMClib/XMC_Peripheral_Library_v2.1.16/ThirdPartyLibraries/USBlib/USB/Core/XMC4000/EndpointStream_XMC4000.c **** }
 157              		.loc 1 96 0
 158 00a4 1846     		mov	r0, r3
 159 00a6 BDE8F88F 		pop	{r3, r4, r5, r6, r7, r8, r9, r10, fp, pc}
 160              	.LVL18:
 161              	.L10:
  93:/opt/XMClib/XMC_Peripheral_Library_v2.1.16/ThirdPartyLibraries/USBlib/USB/Core/XMC4000/EndpointStream_XMC4000.c **** 	}
 162              		.loc 1 93 0
 163 00aa 034B     		ldr	r3, .L18+4
 164 00ac 0122     		movs	r2, #1
 165 00ae 1A70     		strb	r2, [r3]
  95:/opt/XMClib/XMC_Peripheral_Library_v2.1.16/ThirdPartyLibraries/USBlib/USB/Core/XMC4000/EndpointStream_XMC4000.c **** }
 166              		.loc 1 95 0
 167 00b0 0023     		movs	r3, #0
 168 00b2 F7E7     		b	.L8
 169              	.L19:
 170              		.align	2
 171              	.L18:
 172 00b4 00000000 		.word	device
 173 00b8 00000000 		.word	.LANCHOR0
 174              		.cfi_endproc
 175              	.LFE188:
 177              		.section	.text.SwapCopy,"ax",%progbits
 178              		.align	1
 179              		.global	SwapCopy
 180              		.syntax unified
 181              		.thumb
 182              		.thumb_func
 183              		.fpu fpv4-sp-d16
 185              	SwapCopy:
 186              	.LFB189:
  97:/opt/XMClib/XMC_Peripheral_Library_v2.1.16/ThirdPartyLibraries/USBlib/USB/Core/XMC4000/EndpointStream_XMC4000.c **** 
  98:/opt/XMClib/XMC_Peripheral_Library_v2.1.16/ThirdPartyLibraries/USBlib/USB/Core/XMC4000/EndpointStream_XMC4000.c **** void SwapCopy(void *const Dest, const void *const Src,uint32_t Length) {
 187              		.loc 1 98 0
 188              		.cfi_startproc
 189              		@ args = 0, pretend = 0, frame = 0
 190              		@ frame_needed = 0, uses_anonymous_args = 0
 191              		@ link register save eliminated.
 192              	.LVL19:
  99:/opt/XMClib/XMC_Peripheral_Library_v2.1.16/ThirdPartyLibraries/USBlib/USB/Core/XMC4000/EndpointStream_XMC4000.c **** 	uint32_t i = 0;
 100:/opt/XMClib/XMC_Peripheral_Library_v2.1.16/ThirdPartyLibraries/USBlib/USB/Core/XMC4000/EndpointStream_XMC4000.c **** 	while(i<Length) {
 193              		.loc 1 100 0
 194 0000 72B1     		cbz	r2, .L25
  98:/opt/XMClib/XMC_Peripheral_Library_v2.1.16/ThirdPartyLibraries/USBlib/USB/Core/XMC4000/EndpointStream_XMC4000.c **** 	uint32_t i = 0;
 195              		.loc 1 98 0
 196 0002 10B4     		push	{r4}
 197              	.LCFI1:
 198              		.cfi_def_cfa_offset 4
 199              		.cfi_offset 4, -4
 200 0004 4B1E     		subs	r3, r1, #1
 201 0006 0138     		subs	r0, r0, #1
 202              	.LVL20:
 203 0008 1044     		add	r0, r0, r2
 204              	.LVL21:
 205 000a 1144     		add	r1, r1, r2
 206              	.LVL22:
 207 000c 0139     		subs	r1, r1, #1
 208              	.LVL23:
 209              	.L22:
 101:/opt/XMClib/XMC_Peripheral_Library_v2.1.16/ThirdPartyLibraries/USBlib/USB/Core/XMC4000/EndpointStream_XMC4000.c **** 		*(uint8_t*)((uint32_t)Dest + (Length - 1 - i)) = *(uint8_t*)((uint32_t)Src + i);
 210              		.loc 1 101 0
 211 000e 13F8012F 		ldrb	r2, [r3, #1]!	@ zero_extendqisi2
 212              	.LVL24:
 213 0012 00F80129 		strb	r2, [r0], #-1
 214              	.LVL25:
 100:/opt/XMClib/XMC_Peripheral_Library_v2.1.16/ThirdPartyLibraries/USBlib/USB/Core/XMC4000/EndpointStream_XMC4000.c **** 		*(uint8_t*)((uint32_t)Dest + (Length - 1 - i)) = *(uint8_t*)((uint32_t)Src + i);
 215              		.loc 1 100 0
 216 0016 8B42     		cmp	r3, r1
 217 0018 F9D1     		bne	.L22
 102:/opt/XMClib/XMC_Peripheral_Library_v2.1.16/ThirdPartyLibraries/USBlib/USB/Core/XMC4000/EndpointStream_XMC4000.c **** 		i++;
 103:/opt/XMClib/XMC_Peripheral_Library_v2.1.16/ThirdPartyLibraries/USBlib/USB/Core/XMC4000/EndpointStream_XMC4000.c **** 	}
 104:/opt/XMClib/XMC_Peripheral_Library_v2.1.16/ThirdPartyLibraries/USBlib/USB/Core/XMC4000/EndpointStream_XMC4000.c **** }
 218              		.loc 1 104 0
 219 001a 5DF8044B 		ldr	r4, [sp], #4
 220              	.LCFI2:
 221              		.cfi_restore 4
 222              		.cfi_def_cfa_offset 0
 223 001e 7047     		bx	lr
 224              	.LVL26:
 225              	.L25:
 226 0020 7047     		bx	lr
 227              		.cfi_endproc
 228              	.LFE189:
 230              		.section	.text.Endpoint_Write_Stream_BE,"ax",%progbits
 231              		.align	1
 232              		.global	Endpoint_Write_Stream_BE
 233              		.syntax unified
 234              		.thumb
 235              		.thumb_func
 236              		.fpu fpv4-sp-d16
 238              	Endpoint_Write_Stream_BE:
 239              	.LFB190:
 105:/opt/XMClib/XMC_Peripheral_Library_v2.1.16/ThirdPartyLibraries/USBlib/USB/Core/XMC4000/EndpointStream_XMC4000.c **** uint8_t	Endpoint_Write_Stream_BE (const void *const Buffer, uint16_t Length, uint16_t *const BytesP
 240              		.loc 1 105 0
 241              		.cfi_startproc
 242              		@ args = 0, pretend = 0, frame = 0
 243              		@ frame_needed = 0, uses_anonymous_args = 0
 244              	.LVL27:
 245 0000 2DE9F843 		push	{r3, r4, r5, r6, r7, r8, r9, lr}
 246              	.LCFI3:
 247              		.cfi_def_cfa_offset 32
 248              		.cfi_offset 3, -32
 249              		.cfi_offset 4, -28
 250              		.cfi_offset 5, -24
 251              		.cfi_offset 6, -20
 252              		.cfi_offset 7, -16
 253              		.cfi_offset 8, -12
 254              		.cfi_offset 9, -8
 255              		.cfi_offset 14, -4
 256 0004 8046     		mov	r8, r0
 257 0006 8946     		mov	r9, r1
 106:/opt/XMClib/XMC_Peripheral_Library_v2.1.16/ThirdPartyLibraries/USBlib/USB/Core/XMC4000/EndpointStream_XMC4000.c **** 	USBD_Endpoint_t* ep = &device.Endpoints[device.CurrentEndpoint];
 258              		.loc 1 106 0
 259 0008 224B     		ldr	r3, .L43
 260 000a 93F83C51 		ldrb	r5, [r3, #316]	@ zero_extendqisi2
 261              	.LVL28:
 107:/opt/XMClib/XMC_Peripheral_Library_v2.1.16/ThirdPartyLibraries/USBlib/USB/Core/XMC4000/EndpointStream_XMC4000.c **** 	uint16_t Bytes = 0;
 108:/opt/XMClib/XMC_Peripheral_Library_v2.1.16/ThirdPartyLibraries/USBlib/USB/Core/XMC4000/EndpointStream_XMC4000.c **** 	uint16_t BytesTransfered = 0;
 109:/opt/XMClib/XMC_Peripheral_Library_v2.1.16/ThirdPartyLibraries/USBlib/USB/Core/XMC4000/EndpointStream_XMC4000.c **** 	uint8_t ErrorCode;
 110:/opt/XMClib/XMC_Peripheral_Library_v2.1.16/ThirdPartyLibraries/USBlib/USB/Core/XMC4000/EndpointStream_XMC4000.c **** 
 111:/opt/XMClib/XMC_Peripheral_Library_v2.1.16/ThirdPartyLibraries/USBlib/USB/Core/XMC4000/EndpointStream_XMC4000.c **** 	if (BytesProcessed!=NULL) {
 262              		.loc 1 111 0
 263 000e 1746     		mov	r7, r2
 264 0010 42B1     		cbz	r2, .L37
 112:/opt/XMClib/XMC_Peripheral_Library_v2.1.16/ThirdPartyLibraries/USBlib/USB/Core/XMC4000/EndpointStream_XMC4000.c **** 		Length -= *BytesProcessed;
 265              		.loc 1 112 0
 266 0012 1688     		ldrh	r6, [r2]
 267 0014 8C1B     		subs	r4, r1, r6
 268 0016 1FFA84F9 		uxth	r9, r4
 269              	.LVL29:
 270              	.L29:
 113:/opt/XMClib/XMC_Peripheral_Library_v2.1.16/ThirdPartyLibraries/USBlib/USB/Core/XMC4000/EndpointStream_XMC4000.c **** 		BytesTransfered = *BytesProcessed;
 114:/opt/XMClib/XMC_Peripheral_Library_v2.1.16/ThirdPartyLibraries/USBlib/USB/Core/XMC4000/EndpointStream_XMC4000.c **** 	}
 115:/opt/XMClib/XMC_Peripheral_Library_v2.1.16/ThirdPartyLibraries/USBlib/USB/Core/XMC4000/EndpointStream_XMC4000.c **** 
 116:/opt/XMClib/XMC_Peripheral_Library_v2.1.16/ThirdPartyLibraries/USBlib/USB/Core/XMC4000/EndpointStream_XMC4000.c **** 	while (Length) {
 117:/opt/XMClib/XMC_Peripheral_Library_v2.1.16/ThirdPartyLibraries/USBlib/USB/Core/XMC4000/EndpointStream_XMC4000.c **** 		if (ep->InInUse)
 271              		.loc 1 117 0
 272 001a 1E4B     		ldr	r3, .L43
 273 001c 2C22     		movs	r2, #44
 274              	.LVL30:
 275 001e 02FB0535 		mla	r5, r2, r5, r3
 276              	.LVL31:
 277 0022 1BE0     		b	.L30
 278              	.LVL32:
 279              	.L37:
 108:/opt/XMClib/XMC_Peripheral_Library_v2.1.16/ThirdPartyLibraries/USBlib/USB/Core/XMC4000/EndpointStream_XMC4000.c **** 	uint8_t ErrorCode;
 280              		.loc 1 108 0
 281 0024 0026     		movs	r6, #0
 282 0026 F8E7     		b	.L29
 283              	.LVL33:
 284              	.L36:
 118:/opt/XMClib/XMC_Peripheral_Library_v2.1.16/ThirdPartyLibraries/USBlib/USB/Core/XMC4000/EndpointStream_XMC4000.c **** 			continue;
 119:/opt/XMClib/XMC_Peripheral_Library_v2.1.16/ThirdPartyLibraries/USBlib/USB/Core/XMC4000/EndpointStream_XMC4000.c **** 		if (Endpoint_IsReadWriteAllowed()) {
 285              		.loc 1 119 0
 286 0028 FFF7FEFF 		bl	Endpoint_IsReadWriteAllowed
 287              	.LVL34:
 288 002c 10B3     		cbz	r0, .L32
 120:/opt/XMClib/XMC_Peripheral_Library_v2.1.16/ThirdPartyLibraries/USBlib/USB/Core/XMC4000/EndpointStream_XMC4000.c **** 			Bytes = ep->InBufferLength - ep->InBytesAvailable  > Length ? Length : ep->InBufferLength - ep->
 289              		.loc 1 120 0
 290 002e E869     		ldr	r0, [r5, #28]
 291 0030 6B6A     		ldr	r3, [r5, #36]
 292 0032 1B1A     		subs	r3, r3, r0
 293 0034 4B45     		cmp	r3, r9
 294 0036 28BF     		it	cs
 295 0038 4B46     		movcs	r3, r9
 296 003a 9CB2     		uxth	r4, r3
 297              	.LVL35:
 121:/opt/XMClib/XMC_Peripheral_Library_v2.1.16/ThirdPartyLibraries/USBlib/USB/Core/XMC4000/EndpointStream_XMC4000.c **** 			SwapCopy((void *)((uint32_t)ep->InBuffer + (uint32_t)ep->InBytesAvailable),(void *)((uint32_t)Bu
 298              		.loc 1 121 0
 299 003c 2B6A     		ldr	r3, [r5, #32]
 300 003e 2246     		mov	r2, r4
 301 0040 08EB0601 		add	r1, r8, r6
 302 0044 1844     		add	r0, r0, r3
 303 0046 FFF7FEFF 		bl	SwapCopy
 304              	.LVL36:
 122:/opt/XMClib/XMC_Peripheral_Library_v2.1.16/ThirdPartyLibraries/USBlib/USB/Core/XMC4000/EndpointStream_XMC4000.c **** 			ep->InBytesAvailable += Bytes;
 305              		.loc 1 122 0
 306 004a EB69     		ldr	r3, [r5, #28]
 307 004c 2344     		add	r3, r3, r4
 308 004e EB61     		str	r3, [r5, #28]
 123:/opt/XMClib/XMC_Peripheral_Library_v2.1.16/ThirdPartyLibraries/USBlib/USB/Core/XMC4000/EndpointStream_XMC4000.c **** 			BytesTransfered += Bytes;
 309              		.loc 1 123 0
 310 0050 2644     		add	r6, r6, r4
 311 0052 B6B2     		uxth	r6, r6
 312              	.LVL37:
 124:/opt/XMClib/XMC_Peripheral_Library_v2.1.16/ThirdPartyLibraries/USBlib/USB/Core/XMC4000/EndpointStream_XMC4000.c **** 			Length -= Bytes;
 313              		.loc 1 124 0
 314 0054 A9EB0404 		sub	r4, r9, r4
 315              	.LVL38:
 316 0058 1FFA84F9 		uxth	r9, r4
 317              	.LVL39:
 318              	.L30:
 116:/opt/XMClib/XMC_Peripheral_Library_v2.1.16/ThirdPartyLibraries/USBlib/USB/Core/XMC4000/EndpointStream_XMC4000.c **** 		if (ep->InInUse)
 319              		.loc 1 116 0
 320 005c B9F1000F 		cmp	r9, #0
 321 0060 14D0     		beq	.L38
 117:/opt/XMClib/XMC_Peripheral_Library_v2.1.16/ThirdPartyLibraries/USBlib/USB/Core/XMC4000/EndpointStream_XMC4000.c **** 			continue;
 322              		.loc 1 117 0
 323 0062 AB68     		ldr	r3, [r5, #8]
 324 0064 13F0100F 		tst	r3, #16
 325 0068 DED0     		beq	.L36
 326              	.LVL40:
 327              	.L31:
 328 006a AB68     		ldr	r3, [r5, #8]
 329 006c 13F0100F 		tst	r3, #16
 330 0070 FBD1     		bne	.L31
 331 0072 D9E7     		b	.L36
 332              	.L32:
 125:/opt/XMClib/XMC_Peripheral_Library_v2.1.16/ThirdPartyLibraries/USBlib/USB/Core/XMC4000/EndpointStream_XMC4000.c **** 		}
 126:/opt/XMClib/XMC_Peripheral_Library_v2.1.16/ThirdPartyLibraries/USBlib/USB/Core/XMC4000/EndpointStream_XMC4000.c **** 		else {
 127:/opt/XMClib/XMC_Peripheral_Library_v2.1.16/ThirdPartyLibraries/USBlib/USB/Core/XMC4000/EndpointStream_XMC4000.c **** 			Endpoint_ClearIN();
 333              		.loc 1 127 0
 334 0074 FFF7FEFF 		bl	Endpoint_ClearIN
 335              	.LVL41:
 128:/opt/XMClib/XMC_Peripheral_Library_v2.1.16/ThirdPartyLibraries/USBlib/USB/Core/XMC4000/EndpointStream_XMC4000.c **** 			if (BytesProcessed!=NULL) {
 336              		.loc 1 128 0
 337 0078 2FB9     		cbnz	r7, .L42
 129:/opt/XMClib/XMC_Peripheral_Library_v2.1.16/ThirdPartyLibraries/USBlib/USB/Core/XMC4000/EndpointStream_XMC4000.c **** 				*BytesProcessed = BytesTransfered;
 130:/opt/XMClib/XMC_Peripheral_Library_v2.1.16/ThirdPartyLibraries/USBlib/USB/Core/XMC4000/EndpointStream_XMC4000.c **** 				return ENDPOINT_RWSTREAM_IncompleteTransfer;
 131:/opt/XMClib/XMC_Peripheral_Library_v2.1.16/ThirdPartyLibraries/USBlib/USB/Core/XMC4000/EndpointStream_XMC4000.c **** 			}
 132:/opt/XMClib/XMC_Peripheral_Library_v2.1.16/ThirdPartyLibraries/USBlib/USB/Core/XMC4000/EndpointStream_XMC4000.c **** 
 133:/opt/XMClib/XMC_Peripheral_Library_v2.1.16/ThirdPartyLibraries/USBlib/USB/Core/XMC4000/EndpointStream_XMC4000.c **** 			if ((ErrorCode = Endpoint_WaitUntilReady()) != 0) {
 338              		.loc 1 133 0
 339 007a FFF7FEFF 		bl	Endpoint_WaitUntilReady
 340              	.LVL42:
 341 007e 0346     		mov	r3, r0
 342 0080 0028     		cmp	r0, #0
 343 0082 EBD0     		beq	.L30
 344 0084 03E0     		b	.L35
 345              	.LVL43:
 346              	.L42:
 129:/opt/XMClib/XMC_Peripheral_Library_v2.1.16/ThirdPartyLibraries/USBlib/USB/Core/XMC4000/EndpointStream_XMC4000.c **** 				*BytesProcessed = BytesTransfered;
 347              		.loc 1 129 0
 348 0086 3E80     		strh	r6, [r7]	@ movhi
 130:/opt/XMClib/XMC_Peripheral_Library_v2.1.16/ThirdPartyLibraries/USBlib/USB/Core/XMC4000/EndpointStream_XMC4000.c **** 			}
 349              		.loc 1 130 0
 350 0088 0523     		movs	r3, #5
 351 008a 00E0     		b	.L35
 352              	.LVL44:
 353              	.L38:
 134:/opt/XMClib/XMC_Peripheral_Library_v2.1.16/ThirdPartyLibraries/USBlib/USB/Core/XMC4000/EndpointStream_XMC4000.c **** 				return ErrorCode;
 135:/opt/XMClib/XMC_Peripheral_Library_v2.1.16/ThirdPartyLibraries/USBlib/USB/Core/XMC4000/EndpointStream_XMC4000.c **** 			}
 136:/opt/XMClib/XMC_Peripheral_Library_v2.1.16/ThirdPartyLibraries/USBlib/USB/Core/XMC4000/EndpointStream_XMC4000.c **** 
 137:/opt/XMClib/XMC_Peripheral_Library_v2.1.16/ThirdPartyLibraries/USBlib/USB/Core/XMC4000/EndpointStream_XMC4000.c **** 
 138:/opt/XMClib/XMC_Peripheral_Library_v2.1.16/ThirdPartyLibraries/USBlib/USB/Core/XMC4000/EndpointStream_XMC4000.c **** 		}
 139:/opt/XMClib/XMC_Peripheral_Library_v2.1.16/ThirdPartyLibraries/USBlib/USB/Core/XMC4000/EndpointStream_XMC4000.c **** 	}
 140:/opt/XMClib/XMC_Peripheral_Library_v2.1.16/ThirdPartyLibraries/USBlib/USB/Core/XMC4000/EndpointStream_XMC4000.c **** 	return ENDPOINT_RWSTREAM_NoError;
 354              		.loc 1 140 0
 355 008c 0023     		movs	r3, #0
 356              	.LVL45:
 357              	.L35:
 141:/opt/XMClib/XMC_Peripheral_Library_v2.1.16/ThirdPartyLibraries/USBlib/USB/Core/XMC4000/EndpointStream_XMC4000.c **** }
 358              		.loc 1 141 0
 359 008e 1846     		mov	r0, r3
 360 0090 BDE8F883 		pop	{r3, r4, r5, r6, r7, r8, r9, pc}
 361              	.LVL46:
 362              	.L44:
 363              		.align	2
 364              	.L43:
 365 0094 00000000 		.word	device
 366              		.cfi_endproc
 367              	.LFE190:
 369              		.section	.text.Endpoint_Read_Stream_LE,"ax",%progbits
 370              		.align	1
 371              		.global	Endpoint_Read_Stream_LE
 372              		.syntax unified
 373              		.thumb
 374              		.thumb_func
 375              		.fpu fpv4-sp-d16
 377              	Endpoint_Read_Stream_LE:
 378              	.LFB191:
 142:/opt/XMClib/XMC_Peripheral_Library_v2.1.16/ThirdPartyLibraries/USBlib/USB/Core/XMC4000/EndpointStream_XMC4000.c **** 
 143:/opt/XMClib/XMC_Peripheral_Library_v2.1.16/ThirdPartyLibraries/USBlib/USB/Core/XMC4000/EndpointStream_XMC4000.c **** uint8_t	Endpoint_Read_Stream_LE (void *const Buffer, uint16_t Length, uint16_t *const BytesProcesse
 379              		.loc 1 143 0
 380              		.cfi_startproc
 381              		@ args = 0, pretend = 0, frame = 0
 382              		@ frame_needed = 0, uses_anonymous_args = 0
 383              	.LVL47:
 384 0000 2DE9F843 		push	{r3, r4, r5, r6, r7, r8, r9, lr}
 385              	.LCFI4:
 386              		.cfi_def_cfa_offset 32
 387              		.cfi_offset 3, -32
 388              		.cfi_offset 4, -28
 389              		.cfi_offset 5, -24
 390              		.cfi_offset 6, -20
 391              		.cfi_offset 7, -16
 392              		.cfi_offset 8, -12
 393              		.cfi_offset 9, -8
 394              		.cfi_offset 14, -4
 395 0004 8146     		mov	r9, r0
 396 0006 0E46     		mov	r6, r1
 144:/opt/XMClib/XMC_Peripheral_Library_v2.1.16/ThirdPartyLibraries/USBlib/USB/Core/XMC4000/EndpointStream_XMC4000.c **** 	USBD_Endpoint_t* ep = &device.Endpoints[device.CurrentEndpoint];
 397              		.loc 1 144 0
 398 0008 224B     		ldr	r3, .L60
 399 000a 93F83C51 		ldrb	r5, [r3, #316]	@ zero_extendqisi2
 400              	.LVL48:
 145:/opt/XMClib/XMC_Peripheral_Library_v2.1.16/ThirdPartyLibraries/USBlib/USB/Core/XMC4000/EndpointStream_XMC4000.c **** 	uint16_t Bytes = 0;
 146:/opt/XMClib/XMC_Peripheral_Library_v2.1.16/ThirdPartyLibraries/USBlib/USB/Core/XMC4000/EndpointStream_XMC4000.c **** 	uint16_t BytesTransfered = 0;
 147:/opt/XMClib/XMC_Peripheral_Library_v2.1.16/ThirdPartyLibraries/USBlib/USB/Core/XMC4000/EndpointStream_XMC4000.c **** 	uint8_t ErrorCode;
 148:/opt/XMClib/XMC_Peripheral_Library_v2.1.16/ThirdPartyLibraries/USBlib/USB/Core/XMC4000/EndpointStream_XMC4000.c **** 
 149:/opt/XMClib/XMC_Peripheral_Library_v2.1.16/ThirdPartyLibraries/USBlib/USB/Core/XMC4000/EndpointStream_XMC4000.c **** 	if (BytesProcessed!=NULL) {
 401              		.loc 1 149 0
 402 000e 9046     		mov	r8, r2
 403 0010 3AB1     		cbz	r2, .L54
 150:/opt/XMClib/XMC_Peripheral_Library_v2.1.16/ThirdPartyLibraries/USBlib/USB/Core/XMC4000/EndpointStream_XMC4000.c **** 		Length -= *BytesProcessed;
 404              		.loc 1 150 0
 405 0012 1788     		ldrh	r7, [r2]
 406 0014 CC1B     		subs	r4, r1, r7
 407 0016 A6B2     		uxth	r6, r4
 408              	.LVL49:
 409              	.L46:
 151:/opt/XMClib/XMC_Peripheral_Library_v2.1.16/ThirdPartyLibraries/USBlib/USB/Core/XMC4000/EndpointStream_XMC4000.c **** 		BytesTransfered = *BytesProcessed;
 152:/opt/XMClib/XMC_Peripheral_Library_v2.1.16/ThirdPartyLibraries/USBlib/USB/Core/XMC4000/EndpointStream_XMC4000.c **** 	}
 153:/opt/XMClib/XMC_Peripheral_Library_v2.1.16/ThirdPartyLibraries/USBlib/USB/Core/XMC4000/EndpointStream_XMC4000.c **** 
 154:/opt/XMClib/XMC_Peripheral_Library_v2.1.16/ThirdPartyLibraries/USBlib/USB/Core/XMC4000/EndpointStream_XMC4000.c **** 	while (Length) {
 155:/opt/XMClib/XMC_Peripheral_Library_v2.1.16/ThirdPartyLibraries/USBlib/USB/Core/XMC4000/EndpointStream_XMC4000.c **** 		if (ep->OutInUse)
 410              		.loc 1 155 0
 411 0018 1E4B     		ldr	r3, .L60
 412 001a 2C22     		movs	r2, #44
 413              	.LVL50:
 414 001c 02FB0535 		mla	r5, r2, r5, r3
 415              	.LVL51:
 416 0020 1BE0     		b	.L47
 417              	.LVL52:
 418              	.L54:
 146:/opt/XMClib/XMC_Peripheral_Library_v2.1.16/ThirdPartyLibraries/USBlib/USB/Core/XMC4000/EndpointStream_XMC4000.c **** 	uint8_t ErrorCode;
 419              		.loc 1 146 0
 420 0022 0027     		movs	r7, #0
 421 0024 F8E7     		b	.L46
 422              	.LVL53:
 423              	.L53:
 156:/opt/XMClib/XMC_Peripheral_Library_v2.1.16/ThirdPartyLibraries/USBlib/USB/Core/XMC4000/EndpointStream_XMC4000.c **** 			continue;
 157:/opt/XMClib/XMC_Peripheral_Library_v2.1.16/ThirdPartyLibraries/USBlib/USB/Core/XMC4000/EndpointStream_XMC4000.c **** 		if (Endpoint_IsReadWriteAllowed()) {
 424              		.loc 1 157 0
 425 0026 FFF7FEFF 		bl	Endpoint_IsReadWriteAllowed
 426              	.LVL54:
 427 002a 00B3     		cbz	r0, .L49
 158:/opt/XMClib/XMC_Peripheral_Library_v2.1.16/ThirdPartyLibraries/USBlib/USB/Core/XMC4000/EndpointStream_XMC4000.c **** 			Bytes = ep->OutBytesAvailable  > Length ? Length : ep->OutBytesAvailable;
 428              		.loc 1 158 0
 429 002c EC68     		ldr	r4, [r5, #12]
 430 002e B442     		cmp	r4, r6
 431 0030 28BF     		it	cs
 432 0032 3446     		movcs	r4, r6
 433 0034 A4B2     		uxth	r4, r4
 434              	.LVL55:
 159:/opt/XMClib/XMC_Peripheral_Library_v2.1.16/ThirdPartyLibraries/USBlib/USB/Core/XMC4000/EndpointStream_XMC4000.c **** 			MEMCPY((void *)((uint32_t)Buffer + (uint32_t)BytesTransfered), (void *)((uint32_t)ep->OutBuffer 
 435              		.loc 1 159 0
 436 0036 6969     		ldr	r1, [r5, #20]
 437 0038 2B69     		ldr	r3, [r5, #16]
 438 003a 2246     		mov	r2, r4
 439 003c 1944     		add	r1, r1, r3
 440 003e 09EB0700 		add	r0, r9, r7
 441 0042 FFF7FEFF 		bl	thumb2_memcpy
 442              	.LVL56:
 160:/opt/XMClib/XMC_Peripheral_Library_v2.1.16/ThirdPartyLibraries/USBlib/USB/Core/XMC4000/EndpointStream_XMC4000.c **** 			ep->OutBytesAvailable -= Bytes;
 443              		.loc 1 160 0
 444 0046 EB68     		ldr	r3, [r5, #12]
 445 0048 1B1B     		subs	r3, r3, r4
 446 004a EB60     		str	r3, [r5, #12]
 161:/opt/XMClib/XMC_Peripheral_Library_v2.1.16/ThirdPartyLibraries/USBlib/USB/Core/XMC4000/EndpointStream_XMC4000.c **** 			ep->OutOffset += Bytes;
 447              		.loc 1 161 0
 448 004c 2B69     		ldr	r3, [r5, #16]
 449 004e 2344     		add	r3, r3, r4
 450 0050 2B61     		str	r3, [r5, #16]
 162:/opt/XMClib/XMC_Peripheral_Library_v2.1.16/ThirdPartyLibraries/USBlib/USB/Core/XMC4000/EndpointStream_XMC4000.c **** 			BytesTransfered += Bytes;
 451              		.loc 1 162 0
 452 0052 2744     		add	r7, r7, r4
 453 0054 BFB2     		uxth	r7, r7
 454              	.LVL57:
 163:/opt/XMClib/XMC_Peripheral_Library_v2.1.16/ThirdPartyLibraries/USBlib/USB/Core/XMC4000/EndpointStream_XMC4000.c **** 			Length -= Bytes;
 455              		.loc 1 163 0
 456 0056 341B     		subs	r4, r6, r4
 457              	.LVL58:
 458 0058 A6B2     		uxth	r6, r4
 459              	.LVL59:
 460              	.L47:
 154:/opt/XMClib/XMC_Peripheral_Library_v2.1.16/ThirdPartyLibraries/USBlib/USB/Core/XMC4000/EndpointStream_XMC4000.c **** 		if (ep->OutInUse)
 461              		.loc 1 154 0
 462 005a BEB1     		cbz	r6, .L55
 155:/opt/XMClib/XMC_Peripheral_Library_v2.1.16/ThirdPartyLibraries/USBlib/USB/Core/XMC4000/EndpointStream_XMC4000.c **** 			continue;
 463              		.loc 1 155 0
 464 005c AB68     		ldr	r3, [r5, #8]
 465 005e 13F0080F 		tst	r3, #8
 466 0062 E0D0     		beq	.L53
 467              	.LVL60:
 468              	.L48:
 469 0064 AB68     		ldr	r3, [r5, #8]
 470 0066 13F0080F 		tst	r3, #8
 471 006a FBD1     		bne	.L48
 472 006c DBE7     		b	.L53
 473              	.L49:
 164:/opt/XMClib/XMC_Peripheral_Library_v2.1.16/ThirdPartyLibraries/USBlib/USB/Core/XMC4000/EndpointStream_XMC4000.c **** 		}
 165:/opt/XMClib/XMC_Peripheral_Library_v2.1.16/ThirdPartyLibraries/USBlib/USB/Core/XMC4000/EndpointStream_XMC4000.c **** 		else {
 166:/opt/XMClib/XMC_Peripheral_Library_v2.1.16/ThirdPartyLibraries/USBlib/USB/Core/XMC4000/EndpointStream_XMC4000.c **** 			Endpoint_ClearOUT();
 474              		.loc 1 166 0
 475 006e FFF7FEFF 		bl	Endpoint_ClearOUT
 476              	.LVL61:
 167:/opt/XMClib/XMC_Peripheral_Library_v2.1.16/ThirdPartyLibraries/USBlib/USB/Core/XMC4000/EndpointStream_XMC4000.c **** 			if (BytesProcessed!=NULL) {
 477              		.loc 1 167 0
 478 0072 B8F1000F 		cmp	r8, #0
 479 0076 05D1     		bne	.L59
 168:/opt/XMClib/XMC_Peripheral_Library_v2.1.16/ThirdPartyLibraries/USBlib/USB/Core/XMC4000/EndpointStream_XMC4000.c **** 				*BytesProcessed = BytesTransfered;
 169:/opt/XMClib/XMC_Peripheral_Library_v2.1.16/ThirdPartyLibraries/USBlib/USB/Core/XMC4000/EndpointStream_XMC4000.c **** 				return ENDPOINT_RWSTREAM_IncompleteTransfer;
 170:/opt/XMClib/XMC_Peripheral_Library_v2.1.16/ThirdPartyLibraries/USBlib/USB/Core/XMC4000/EndpointStream_XMC4000.c **** 			}
 171:/opt/XMClib/XMC_Peripheral_Library_v2.1.16/ThirdPartyLibraries/USBlib/USB/Core/XMC4000/EndpointStream_XMC4000.c **** 
 172:/opt/XMClib/XMC_Peripheral_Library_v2.1.16/ThirdPartyLibraries/USBlib/USB/Core/XMC4000/EndpointStream_XMC4000.c **** 			if ((ErrorCode = Endpoint_WaitUntilReady()) != 0) {
 480              		.loc 1 172 0
 481 0078 FFF7FEFF 		bl	Endpoint_WaitUntilReady
 482              	.LVL62:
 483 007c 0346     		mov	r3, r0
 484 007e 0028     		cmp	r0, #0
 485 0080 EBD0     		beq	.L47
 486 0082 04E0     		b	.L52
 487              	.LVL63:
 488              	.L59:
 168:/opt/XMClib/XMC_Peripheral_Library_v2.1.16/ThirdPartyLibraries/USBlib/USB/Core/XMC4000/EndpointStream_XMC4000.c **** 				*BytesProcessed = BytesTransfered;
 489              		.loc 1 168 0
 490 0084 A8F80070 		strh	r7, [r8]	@ movhi
 169:/opt/XMClib/XMC_Peripheral_Library_v2.1.16/ThirdPartyLibraries/USBlib/USB/Core/XMC4000/EndpointStream_XMC4000.c **** 			}
 491              		.loc 1 169 0
 492 0088 0523     		movs	r3, #5
 493 008a 00E0     		b	.L52
 494              	.LVL64:
 495              	.L55:
 173:/opt/XMClib/XMC_Peripheral_Library_v2.1.16/ThirdPartyLibraries/USBlib/USB/Core/XMC4000/EndpointStream_XMC4000.c **** 				return ErrorCode;
 174:/opt/XMClib/XMC_Peripheral_Library_v2.1.16/ThirdPartyLibraries/USBlib/USB/Core/XMC4000/EndpointStream_XMC4000.c **** 			}
 175:/opt/XMClib/XMC_Peripheral_Library_v2.1.16/ThirdPartyLibraries/USBlib/USB/Core/XMC4000/EndpointStream_XMC4000.c **** 
 176:/opt/XMClib/XMC_Peripheral_Library_v2.1.16/ThirdPartyLibraries/USBlib/USB/Core/XMC4000/EndpointStream_XMC4000.c **** 		}
 177:/opt/XMClib/XMC_Peripheral_Library_v2.1.16/ThirdPartyLibraries/USBlib/USB/Core/XMC4000/EndpointStream_XMC4000.c **** 	}
 178:/opt/XMClib/XMC_Peripheral_Library_v2.1.16/ThirdPartyLibraries/USBlib/USB/Core/XMC4000/EndpointStream_XMC4000.c **** 	return ENDPOINT_RWSTREAM_NoError;
 496              		.loc 1 178 0
 497 008c 0023     		movs	r3, #0
 498              	.LVL65:
 499              	.L52:
 179:/opt/XMClib/XMC_Peripheral_Library_v2.1.16/ThirdPartyLibraries/USBlib/USB/Core/XMC4000/EndpointStream_XMC4000.c **** }
 500              		.loc 1 179 0
 501 008e 1846     		mov	r0, r3
 502 0090 BDE8F883 		pop	{r3, r4, r5, r6, r7, r8, r9, pc}
 503              	.LVL66:
 504              	.L61:
 505              		.align	2
 506              	.L60:
 507 0094 00000000 		.word	device
 508              		.cfi_endproc
 509              	.LFE191:
 511              		.section	.text.Endpoint_Read_Stream_BE,"ax",%progbits
 512              		.align	1
 513              		.global	Endpoint_Read_Stream_BE
 514              		.syntax unified
 515              		.thumb
 516              		.thumb_func
 517              		.fpu fpv4-sp-d16
 519              	Endpoint_Read_Stream_BE:
 520              	.LFB192:
 180:/opt/XMClib/XMC_Peripheral_Library_v2.1.16/ThirdPartyLibraries/USBlib/USB/Core/XMC4000/EndpointStream_XMC4000.c **** 
 181:/opt/XMClib/XMC_Peripheral_Library_v2.1.16/ThirdPartyLibraries/USBlib/USB/Core/XMC4000/EndpointStream_XMC4000.c **** uint8_t	Endpoint_Read_Stream_BE (void *const Buffer, uint16_t Length, uint16_t *const BytesProcesse
 521              		.loc 1 181 0
 522              		.cfi_startproc
 523              		@ args = 0, pretend = 0, frame = 0
 524              		@ frame_needed = 0, uses_anonymous_args = 0
 525              	.LVL67:
 526 0000 2DE9F843 		push	{r3, r4, r5, r6, r7, r8, r9, lr}
 527              	.LCFI5:
 528              		.cfi_def_cfa_offset 32
 529              		.cfi_offset 3, -32
 530              		.cfi_offset 4, -28
 531              		.cfi_offset 5, -24
 532              		.cfi_offset 6, -20
 533              		.cfi_offset 7, -16
 534              		.cfi_offset 8, -12
 535              		.cfi_offset 9, -8
 536              		.cfi_offset 14, -4
 537 0004 8146     		mov	r9, r0
 538 0006 0E46     		mov	r6, r1
 182:/opt/XMClib/XMC_Peripheral_Library_v2.1.16/ThirdPartyLibraries/USBlib/USB/Core/XMC4000/EndpointStream_XMC4000.c **** 	USBD_Endpoint_t* ep = &device.Endpoints[device.CurrentEndpoint];
 539              		.loc 1 182 0
 540 0008 224B     		ldr	r3, .L77
 541 000a 93F83C51 		ldrb	r5, [r3, #316]	@ zero_extendqisi2
 542              	.LVL68:
 183:/opt/XMClib/XMC_Peripheral_Library_v2.1.16/ThirdPartyLibraries/USBlib/USB/Core/XMC4000/EndpointStream_XMC4000.c **** 	uint16_t Bytes = 0;
 184:/opt/XMClib/XMC_Peripheral_Library_v2.1.16/ThirdPartyLibraries/USBlib/USB/Core/XMC4000/EndpointStream_XMC4000.c **** 	uint16_t BytesTransfered = 0;
 185:/opt/XMClib/XMC_Peripheral_Library_v2.1.16/ThirdPartyLibraries/USBlib/USB/Core/XMC4000/EndpointStream_XMC4000.c **** 	uint8_t ErrorCode;
 186:/opt/XMClib/XMC_Peripheral_Library_v2.1.16/ThirdPartyLibraries/USBlib/USB/Core/XMC4000/EndpointStream_XMC4000.c **** 
 187:/opt/XMClib/XMC_Peripheral_Library_v2.1.16/ThirdPartyLibraries/USBlib/USB/Core/XMC4000/EndpointStream_XMC4000.c **** 	if (BytesProcessed!=NULL) {
 543              		.loc 1 187 0
 544 000e 9046     		mov	r8, r2
 545 0010 3AB1     		cbz	r2, .L71
 188:/opt/XMClib/XMC_Peripheral_Library_v2.1.16/ThirdPartyLibraries/USBlib/USB/Core/XMC4000/EndpointStream_XMC4000.c **** 		Length -= *BytesProcessed;
 546              		.loc 1 188 0
 547 0012 1788     		ldrh	r7, [r2]
 548 0014 CC1B     		subs	r4, r1, r7
 549 0016 A6B2     		uxth	r6, r4
 550              	.LVL69:
 551              	.L63:
 189:/opt/XMClib/XMC_Peripheral_Library_v2.1.16/ThirdPartyLibraries/USBlib/USB/Core/XMC4000/EndpointStream_XMC4000.c **** 		BytesTransfered = *BytesProcessed;
 190:/opt/XMClib/XMC_Peripheral_Library_v2.1.16/ThirdPartyLibraries/USBlib/USB/Core/XMC4000/EndpointStream_XMC4000.c **** 	}
 191:/opt/XMClib/XMC_Peripheral_Library_v2.1.16/ThirdPartyLibraries/USBlib/USB/Core/XMC4000/EndpointStream_XMC4000.c **** 
 192:/opt/XMClib/XMC_Peripheral_Library_v2.1.16/ThirdPartyLibraries/USBlib/USB/Core/XMC4000/EndpointStream_XMC4000.c **** 	while (Length) {
 193:/opt/XMClib/XMC_Peripheral_Library_v2.1.16/ThirdPartyLibraries/USBlib/USB/Core/XMC4000/EndpointStream_XMC4000.c **** 		if (ep->InInUse)
 552              		.loc 1 193 0
 553 0018 1E4B     		ldr	r3, .L77
 554 001a 2C22     		movs	r2, #44
 555              	.LVL70:
 556 001c 02FB0535 		mla	r5, r2, r5, r3
 557              	.LVL71:
 558 0020 1BE0     		b	.L64
 559              	.LVL72:
 560              	.L71:
 184:/opt/XMClib/XMC_Peripheral_Library_v2.1.16/ThirdPartyLibraries/USBlib/USB/Core/XMC4000/EndpointStream_XMC4000.c **** 	uint8_t ErrorCode;
 561              		.loc 1 184 0
 562 0022 0027     		movs	r7, #0
 563 0024 F8E7     		b	.L63
 564              	.LVL73:
 565              	.L70:
 194:/opt/XMClib/XMC_Peripheral_Library_v2.1.16/ThirdPartyLibraries/USBlib/USB/Core/XMC4000/EndpointStream_XMC4000.c **** 			continue;
 195:/opt/XMClib/XMC_Peripheral_Library_v2.1.16/ThirdPartyLibraries/USBlib/USB/Core/XMC4000/EndpointStream_XMC4000.c **** 		if (Endpoint_IsReadWriteAllowed()) {
 566              		.loc 1 195 0
 567 0026 FFF7FEFF 		bl	Endpoint_IsReadWriteAllowed
 568              	.LVL74:
 569 002a 00B3     		cbz	r0, .L66
 196:/opt/XMClib/XMC_Peripheral_Library_v2.1.16/ThirdPartyLibraries/USBlib/USB/Core/XMC4000/EndpointStream_XMC4000.c **** 			Bytes = ep->OutBytesAvailable  > Length ? Length : ep->OutBytesAvailable;
 570              		.loc 1 196 0
 571 002c EC68     		ldr	r4, [r5, #12]
 572 002e B442     		cmp	r4, r6
 573 0030 28BF     		it	cs
 574 0032 3446     		movcs	r4, r6
 575 0034 A4B2     		uxth	r4, r4
 576              	.LVL75:
 197:/opt/XMClib/XMC_Peripheral_Library_v2.1.16/ThirdPartyLibraries/USBlib/USB/Core/XMC4000/EndpointStream_XMC4000.c **** 			SwapCopy((void *)((uint32_t)Buffer + (uint32_t)BytesTransfered), (void *)((uint32_t)ep->OutBuffe
 577              		.loc 1 197 0
 578 0036 6969     		ldr	r1, [r5, #20]
 579 0038 2B69     		ldr	r3, [r5, #16]
 580 003a 2246     		mov	r2, r4
 581 003c 1944     		add	r1, r1, r3
 582 003e 09EB0700 		add	r0, r9, r7
 583 0042 FFF7FEFF 		bl	SwapCopy
 584              	.LVL76:
 198:/opt/XMClib/XMC_Peripheral_Library_v2.1.16/ThirdPartyLibraries/USBlib/USB/Core/XMC4000/EndpointStream_XMC4000.c **** 			ep->OutBytesAvailable -= Bytes;
 585              		.loc 1 198 0
 586 0046 EB68     		ldr	r3, [r5, #12]
 587 0048 1B1B     		subs	r3, r3, r4
 588 004a EB60     		str	r3, [r5, #12]
 199:/opt/XMClib/XMC_Peripheral_Library_v2.1.16/ThirdPartyLibraries/USBlib/USB/Core/XMC4000/EndpointStream_XMC4000.c **** 			ep->OutOffset += Bytes;
 589              		.loc 1 199 0
 590 004c 2B69     		ldr	r3, [r5, #16]
 591 004e 2344     		add	r3, r3, r4
 592 0050 2B61     		str	r3, [r5, #16]
 200:/opt/XMClib/XMC_Peripheral_Library_v2.1.16/ThirdPartyLibraries/USBlib/USB/Core/XMC4000/EndpointStream_XMC4000.c **** 			BytesTransfered += Bytes;
 593              		.loc 1 200 0
 594 0052 2744     		add	r7, r7, r4
 595 0054 BFB2     		uxth	r7, r7
 596              	.LVL77:
 201:/opt/XMClib/XMC_Peripheral_Library_v2.1.16/ThirdPartyLibraries/USBlib/USB/Core/XMC4000/EndpointStream_XMC4000.c **** 			Length -= Bytes;
 597              		.loc 1 201 0
 598 0056 341B     		subs	r4, r6, r4
 599              	.LVL78:
 600 0058 A6B2     		uxth	r6, r4
 601              	.LVL79:
 602              	.L64:
 192:/opt/XMClib/XMC_Peripheral_Library_v2.1.16/ThirdPartyLibraries/USBlib/USB/Core/XMC4000/EndpointStream_XMC4000.c **** 		if (ep->InInUse)
 603              		.loc 1 192 0
 604 005a BEB1     		cbz	r6, .L72
 193:/opt/XMClib/XMC_Peripheral_Library_v2.1.16/ThirdPartyLibraries/USBlib/USB/Core/XMC4000/EndpointStream_XMC4000.c **** 			continue;
 605              		.loc 1 193 0
 606 005c AB68     		ldr	r3, [r5, #8]
 607 005e 13F0100F 		tst	r3, #16
 608 0062 E0D0     		beq	.L70
 609              	.LVL80:
 610              	.L65:
 611 0064 AB68     		ldr	r3, [r5, #8]
 612 0066 13F0100F 		tst	r3, #16
 613 006a FBD1     		bne	.L65
 614 006c DBE7     		b	.L70
 615              	.L66:
 202:/opt/XMClib/XMC_Peripheral_Library_v2.1.16/ThirdPartyLibraries/USBlib/USB/Core/XMC4000/EndpointStream_XMC4000.c **** 		}
 203:/opt/XMClib/XMC_Peripheral_Library_v2.1.16/ThirdPartyLibraries/USBlib/USB/Core/XMC4000/EndpointStream_XMC4000.c **** 		else {
 204:/opt/XMClib/XMC_Peripheral_Library_v2.1.16/ThirdPartyLibraries/USBlib/USB/Core/XMC4000/EndpointStream_XMC4000.c **** 			Endpoint_ClearOUT();
 616              		.loc 1 204 0
 617 006e FFF7FEFF 		bl	Endpoint_ClearOUT
 618              	.LVL81:
 205:/opt/XMClib/XMC_Peripheral_Library_v2.1.16/ThirdPartyLibraries/USBlib/USB/Core/XMC4000/EndpointStream_XMC4000.c **** 			if (BytesProcessed!=NULL) {
 619              		.loc 1 205 0
 620 0072 B8F1000F 		cmp	r8, #0
 621 0076 05D1     		bne	.L76
 206:/opt/XMClib/XMC_Peripheral_Library_v2.1.16/ThirdPartyLibraries/USBlib/USB/Core/XMC4000/EndpointStream_XMC4000.c **** 				*BytesProcessed = BytesTransfered;
 207:/opt/XMClib/XMC_Peripheral_Library_v2.1.16/ThirdPartyLibraries/USBlib/USB/Core/XMC4000/EndpointStream_XMC4000.c **** 				return ENDPOINT_RWSTREAM_IncompleteTransfer;
 208:/opt/XMClib/XMC_Peripheral_Library_v2.1.16/ThirdPartyLibraries/USBlib/USB/Core/XMC4000/EndpointStream_XMC4000.c **** 			}
 209:/opt/XMClib/XMC_Peripheral_Library_v2.1.16/ThirdPartyLibraries/USBlib/USB/Core/XMC4000/EndpointStream_XMC4000.c **** 
 210:/opt/XMClib/XMC_Peripheral_Library_v2.1.16/ThirdPartyLibraries/USBlib/USB/Core/XMC4000/EndpointStream_XMC4000.c **** 			if ((ErrorCode = Endpoint_WaitUntilReady()) != 0) {
 622              		.loc 1 210 0
 623 0078 FFF7FEFF 		bl	Endpoint_WaitUntilReady
 624              	.LVL82:
 625 007c 0346     		mov	r3, r0
 626 007e 0028     		cmp	r0, #0
 627 0080 EBD0     		beq	.L64
 628 0082 04E0     		b	.L69
 629              	.LVL83:
 630              	.L76:
 206:/opt/XMClib/XMC_Peripheral_Library_v2.1.16/ThirdPartyLibraries/USBlib/USB/Core/XMC4000/EndpointStream_XMC4000.c **** 				*BytesProcessed = BytesTransfered;
 631              		.loc 1 206 0
 632 0084 A8F80070 		strh	r7, [r8]	@ movhi
 207:/opt/XMClib/XMC_Peripheral_Library_v2.1.16/ThirdPartyLibraries/USBlib/USB/Core/XMC4000/EndpointStream_XMC4000.c **** 			}
 633              		.loc 1 207 0
 634 0088 0523     		movs	r3, #5
 635 008a 00E0     		b	.L69
 636              	.LVL84:
 637              	.L72:
 211:/opt/XMClib/XMC_Peripheral_Library_v2.1.16/ThirdPartyLibraries/USBlib/USB/Core/XMC4000/EndpointStream_XMC4000.c **** 				return ErrorCode;
 212:/opt/XMClib/XMC_Peripheral_Library_v2.1.16/ThirdPartyLibraries/USBlib/USB/Core/XMC4000/EndpointStream_XMC4000.c **** 			}
 213:/opt/XMClib/XMC_Peripheral_Library_v2.1.16/ThirdPartyLibraries/USBlib/USB/Core/XMC4000/EndpointStream_XMC4000.c **** 
 214:/opt/XMClib/XMC_Peripheral_Library_v2.1.16/ThirdPartyLibraries/USBlib/USB/Core/XMC4000/EndpointStream_XMC4000.c **** 
 215:/opt/XMClib/XMC_Peripheral_Library_v2.1.16/ThirdPartyLibraries/USBlib/USB/Core/XMC4000/EndpointStream_XMC4000.c **** 		}
 216:/opt/XMClib/XMC_Peripheral_Library_v2.1.16/ThirdPartyLibraries/USBlib/USB/Core/XMC4000/EndpointStream_XMC4000.c **** 	}
 217:/opt/XMClib/XMC_Peripheral_Library_v2.1.16/ThirdPartyLibraries/USBlib/USB/Core/XMC4000/EndpointStream_XMC4000.c **** 	return ENDPOINT_RWSTREAM_NoError;
 638              		.loc 1 217 0
 639 008c 0023     		movs	r3, #0
 640              	.LVL85:
 641              	.L69:
 218:/opt/XMClib/XMC_Peripheral_Library_v2.1.16/ThirdPartyLibraries/USBlib/USB/Core/XMC4000/EndpointStream_XMC4000.c **** }
 642              		.loc 1 218 0
 643 008e 1846     		mov	r0, r3
 644 0090 BDE8F883 		pop	{r3, r4, r5, r6, r7, r8, r9, pc}
 645              	.LVL86:
 646              	.L78:
 647              		.align	2
 648              	.L77:
 649 0094 00000000 		.word	device
 650              		.cfi_endproc
 651              	.LFE192:
 653              		.section	.text.Endpoint_Write_Control_Stream_LE,"ax",%progbits
 654              		.align	1
 655              		.global	Endpoint_Write_Control_Stream_LE
 656              		.syntax unified
 657              		.thumb
 658              		.thumb_func
 659              		.fpu fpv4-sp-d16
 661              	Endpoint_Write_Control_Stream_LE:
 662              	.LFB193:
 219:/opt/XMClib/XMC_Peripheral_Library_v2.1.16/ThirdPartyLibraries/USBlib/USB/Core/XMC4000/EndpointStream_XMC4000.c **** 
 220:/opt/XMClib/XMC_Peripheral_Library_v2.1.16/ThirdPartyLibraries/USBlib/USB/Core/XMC4000/EndpointStream_XMC4000.c **** uint8_t	Endpoint_Write_Control_Stream_LE (const void *const Buffer, uint16_t Length) {
 663              		.loc 1 220 0
 664              		.cfi_startproc
 665              		@ args = 0, pretend = 0, frame = 0
 666              		@ frame_needed = 0, uses_anonymous_args = 0
 667              	.LVL87:
 668 0000 F8B5     		push	{r3, r4, r5, r6, r7, lr}
 669              	.LCFI6:
 670              		.cfi_def_cfa_offset 24
 671              		.cfi_offset 3, -24
 672              		.cfi_offset 4, -20
 673              		.cfi_offset 5, -16
 674              		.cfi_offset 6, -12
 675              		.cfi_offset 7, -8
 676              		.cfi_offset 14, -4
 677 0002 0746     		mov	r7, r0
 678 0004 0E46     		mov	r6, r1
 679              	.LVL88:
 221:/opt/XMClib/XMC_Peripheral_Library_v2.1.16/ThirdPartyLibraries/USBlib/USB/Core/XMC4000/EndpointStream_XMC4000.c **** 	USBD_Endpoint_t *EndPoint = &device.Endpoints[0];
 222:/opt/XMClib/XMC_Peripheral_Library_v2.1.16/ThirdPartyLibraries/USBlib/USB/Core/XMC4000/EndpointStream_XMC4000.c **** 	uint16_t Bytes;
 223:/opt/XMClib/XMC_Peripheral_Library_v2.1.16/ThirdPartyLibraries/USBlib/USB/Core/XMC4000/EndpointStream_XMC4000.c **** 
 224:/opt/XMClib/XMC_Peripheral_Library_v2.1.16/ThirdPartyLibraries/USBlib/USB/Core/XMC4000/EndpointStream_XMC4000.c **** 	while (Length) {
 225:/opt/XMClib/XMC_Peripheral_Library_v2.1.16/ThirdPartyLibraries/USBlib/USB/Core/XMC4000/EndpointStream_XMC4000.c **** 		if (!EndPoint->InInUse) {
 680              		.loc 1 225 0
 681 0006 0F4C     		ldr	r4, .L89
 682              	.LVL89:
 683              	.L80:
 224:/opt/XMClib/XMC_Peripheral_Library_v2.1.16/ThirdPartyLibraries/USBlib/USB/Core/XMC4000/EndpointStream_XMC4000.c **** 		if (!EndPoint->InInUse) {
 684              		.loc 1 224 0
 685 0008 CEB1     		cbz	r6, .L83
 686              		.loc 1 225 0
 687 000a A368     		ldr	r3, [r4, #8]
 688 000c 13F0100F 		tst	r3, #16
 689 0010 03D0     		beq	.L84
 690              	.LVL90:
 691              	.L81:
 692 0012 A368     		ldr	r3, [r4, #8]
 693 0014 13F0100F 		tst	r3, #16
 694 0018 FBD1     		bne	.L81
 695              	.L84:
 226:/opt/XMClib/XMC_Peripheral_Library_v2.1.16/ThirdPartyLibraries/USBlib/USB/Core/XMC4000/EndpointStream_XMC4000.c **** 			if (EndPoint->InBufferLength > Length) {
 696              		.loc 1 226 0
 697 001a 656A     		ldr	r5, [r4, #36]
 698 001c B542     		cmp	r5, r6
 227:/opt/XMClib/XMC_Peripheral_Library_v2.1.16/ThirdPartyLibraries/USBlib/USB/Core/XMC4000/EndpointStream_XMC4000.c **** 				Bytes = Length;
 228:/opt/XMClib/XMC_Peripheral_Library_v2.1.16/ThirdPartyLibraries/USBlib/USB/Core/XMC4000/EndpointStream_XMC4000.c **** 			} else {
 229:/opt/XMClib/XMC_Peripheral_Library_v2.1.16/ThirdPartyLibraries/USBlib/USB/Core/XMC4000/EndpointStream_XMC4000.c **** 				Bytes = EndPoint->InBufferLength;
 699              		.loc 1 229 0
 700 001e 94BF     		ite	ls
 701 0020 ADB2     		uxthls	r5, r5
 702              	.LVL91:
 703 0022 3546     		movhi	r5, r6
 704              	.LVL92:
 230:/opt/XMClib/XMC_Peripheral_Library_v2.1.16/ThirdPartyLibraries/USBlib/USB/Core/XMC4000/EndpointStream_XMC4000.c **** 			}
 231:/opt/XMClib/XMC_Peripheral_Library_v2.1.16/ThirdPartyLibraries/USBlib/USB/Core/XMC4000/EndpointStream_XMC4000.c **** 			MEMCPY(EndPoint->InBuffer,Buffer,Bytes);
 705              		.loc 1 231 0
 706 0024 2A46     		mov	r2, r5
 707 0026 3946     		mov	r1, r7
 708 0028 206A     		ldr	r0, [r4, #32]
 709 002a FFF7FEFF 		bl	thumb2_memcpy
 710              	.LVL93:
 232:/opt/XMClib/XMC_Peripheral_Library_v2.1.16/ThirdPartyLibraries/USBlib/USB/Core/XMC4000/EndpointStream_XMC4000.c **** 			EndPoint->InBytesAvailable += Bytes;
 711              		.loc 1 232 0
 712 002e E369     		ldr	r3, [r4, #28]
 713 0030 2B44     		add	r3, r3, r5
 714 0032 E361     		str	r3, [r4, #28]
 233:/opt/XMClib/XMC_Peripheral_Library_v2.1.16/ThirdPartyLibraries/USBlib/USB/Core/XMC4000/EndpointStream_XMC4000.c **** 			Length -= Bytes;
 715              		.loc 1 233 0
 716 0034 751B     		subs	r5, r6, r5
 717              	.LVL94:
 718 0036 AEB2     		uxth	r6, r5
 719              	.LVL95:
 234:/opt/XMClib/XMC_Peripheral_Library_v2.1.16/ThirdPartyLibraries/USBlib/USB/Core/XMC4000/EndpointStream_XMC4000.c **** 
 235:/opt/XMClib/XMC_Peripheral_Library_v2.1.16/ThirdPartyLibraries/USBlib/USB/Core/XMC4000/EndpointStream_XMC4000.c **** 			Endpoint_ClearIN();
 720              		.loc 1 235 0
 721 0038 FFF7FEFF 		bl	Endpoint_ClearIN
 722              	.LVL96:
 723 003c E4E7     		b	.L80
 724              	.L83:
 236:/opt/XMClib/XMC_Peripheral_Library_v2.1.16/ThirdPartyLibraries/USBlib/USB/Core/XMC4000/EndpointStream_XMC4000.c **** 		}
 237:/opt/XMClib/XMC_Peripheral_Library_v2.1.16/ThirdPartyLibraries/USBlib/USB/Core/XMC4000/EndpointStream_XMC4000.c **** 	}
 238:/opt/XMClib/XMC_Peripheral_Library_v2.1.16/ThirdPartyLibraries/USBlib/USB/Core/XMC4000/EndpointStream_XMC4000.c **** 	return ENDPOINT_RWCSTREAM_NoError;
 239:/opt/XMClib/XMC_Peripheral_Library_v2.1.16/ThirdPartyLibraries/USBlib/USB/Core/XMC4000/EndpointStream_XMC4000.c **** }
 725              		.loc 1 239 0
 726 003e 0020     		movs	r0, #0
 727 0040 F8BD     		pop	{r3, r4, r5, r6, r7, pc}
 728              	.LVL97:
 729              	.L90:
 730 0042 00BF     		.align	2
 731              	.L89:
 732 0044 00000000 		.word	device
 733              		.cfi_endproc
 734              	.LFE193:
 736              		.section	.text.Endpoint_Write_Control_Stream_BE,"ax",%progbits
 737              		.align	1
 738              		.global	Endpoint_Write_Control_Stream_BE
 739              		.syntax unified
 740              		.thumb
 741              		.thumb_func
 742              		.fpu fpv4-sp-d16
 744              	Endpoint_Write_Control_Stream_BE:
 745              	.LFB194:
 240:/opt/XMClib/XMC_Peripheral_Library_v2.1.16/ThirdPartyLibraries/USBlib/USB/Core/XMC4000/EndpointStream_XMC4000.c **** 
 241:/opt/XMClib/XMC_Peripheral_Library_v2.1.16/ThirdPartyLibraries/USBlib/USB/Core/XMC4000/EndpointStream_XMC4000.c **** uint8_t	Endpoint_Write_Control_Stream_BE (const void *const Buffer, uint16_t Length) {
 746              		.loc 1 241 0
 747              		.cfi_startproc
 748              		@ args = 0, pretend = 0, frame = 0
 749              		@ frame_needed = 0, uses_anonymous_args = 0
 750              	.LVL98:
 751 0000 08B5     		push	{r3, lr}
 752              	.LCFI7:
 753              		.cfi_def_cfa_offset 8
 754              		.cfi_offset 3, -8
 755              		.cfi_offset 14, -4
 242:/opt/XMClib/XMC_Peripheral_Library_v2.1.16/ThirdPartyLibraries/USBlib/USB/Core/XMC4000/EndpointStream_XMC4000.c **** 	return Endpoint_Write_Control_Stream_LE(Buffer,Length);
 756              		.loc 1 242 0
 757 0002 FFF7FEFF 		bl	Endpoint_Write_Control_Stream_LE
 758              	.LVL99:
 243:/opt/XMClib/XMC_Peripheral_Library_v2.1.16/ThirdPartyLibraries/USBlib/USB/Core/XMC4000/EndpointStream_XMC4000.c **** }
 759              		.loc 1 243 0
 760 0006 08BD     		pop	{r3, pc}
 761              		.cfi_endproc
 762              	.LFE194:
 764              		.section	.text.Endpoint_Read_Control_Stream_LE,"ax",%progbits
 765              		.align	1
 766              		.global	Endpoint_Read_Control_Stream_LE
 767              		.syntax unified
 768              		.thumb
 769              		.thumb_func
 770              		.fpu fpv4-sp-d16
 772              	Endpoint_Read_Control_Stream_LE:
 773              	.LFB195:
 244:/opt/XMClib/XMC_Peripheral_Library_v2.1.16/ThirdPartyLibraries/USBlib/USB/Core/XMC4000/EndpointStream_XMC4000.c **** 
 245:/opt/XMClib/XMC_Peripheral_Library_v2.1.16/ThirdPartyLibraries/USBlib/USB/Core/XMC4000/EndpointStream_XMC4000.c **** uint8_t	Endpoint_Read_Control_Stream_LE (void *const Buffer, uint16_t Length) {
 774              		.loc 1 245 0
 775              		.cfi_startproc
 776              		@ args = 0, pretend = 0, frame = 0
 777              		@ frame_needed = 0, uses_anonymous_args = 0
 778              	.LVL100:
 779 0000 2DE9F041 		push	{r4, r5, r6, r7, r8, lr}
 780              	.LCFI8:
 781              		.cfi_def_cfa_offset 24
 782              		.cfi_offset 4, -24
 783              		.cfi_offset 5, -20
 784              		.cfi_offset 6, -16
 785              		.cfi_offset 7, -12
 786              		.cfi_offset 8, -8
 787              		.cfi_offset 14, -4
 788 0004 0746     		mov	r7, r0
 789 0006 0E46     		mov	r6, r1
 790              	.LVL101:
 246:/opt/XMClib/XMC_Peripheral_Library_v2.1.16/ThirdPartyLibraries/USBlib/USB/Core/XMC4000/EndpointStream_XMC4000.c **** 	USBD_Endpoint_t *EndPoint = &device.Endpoints[0];
 247:/opt/XMClib/XMC_Peripheral_Library_v2.1.16/ThirdPartyLibraries/USBlib/USB/Core/XMC4000/EndpointStream_XMC4000.c **** 	uint16_t Bytes;
 248:/opt/XMClib/XMC_Peripheral_Library_v2.1.16/ThirdPartyLibraries/USBlib/USB/Core/XMC4000/EndpointStream_XMC4000.c **** 
 249:/opt/XMClib/XMC_Peripheral_Library_v2.1.16/ThirdPartyLibraries/USBlib/USB/Core/XMC4000/EndpointStream_XMC4000.c **** 	while (Length) {
 250:/opt/XMClib/XMC_Peripheral_Library_v2.1.16/ThirdPartyLibraries/USBlib/USB/Core/XMC4000/EndpointStream_XMC4000.c **** 		if (EndPoint->IsOutRecieved) {
 791              		.loc 1 250 0
 792 0008 104C     		ldr	r4, .L100
 793              	.LVL102:
 794              	.L94:
 249:/opt/XMClib/XMC_Peripheral_Library_v2.1.16/ThirdPartyLibraries/USBlib/USB/Core/XMC4000/EndpointStream_XMC4000.c **** 		if (EndPoint->IsOutRecieved) {
 795              		.loc 1 249 0
 796 000a DEB1     		cbz	r6, .L96
 797              		.loc 1 250 0
 798 000c A368     		ldr	r3, [r4, #8]
 799 000e 13F0200F 		tst	r3, #32
 800 0012 03D1     		bne	.L97
 801              	.LVL103:
 802              	.L95:
 803 0014 A368     		ldr	r3, [r4, #8]
 804 0016 13F0200F 		tst	r3, #32
 805 001a FBD0     		beq	.L95
 806              	.L97:
 251:/opt/XMClib/XMC_Peripheral_Library_v2.1.16/ThirdPartyLibraries/USBlib/USB/Core/XMC4000/EndpointStream_XMC4000.c **** 			Bytes = EndPoint->OutBytesAvailable > Length
 252:/opt/XMClib/XMC_Peripheral_Library_v2.1.16/ThirdPartyLibraries/USBlib/USB/Core/XMC4000/EndpointStream_XMC4000.c **** 					? Length : EndPoint->OutBytesAvailable;
 807              		.loc 1 252 0
 808 001c E568     		ldr	r5, [r4, #12]
 809 001e B542     		cmp	r5, r6
 810 0020 28BF     		it	cs
 811 0022 3546     		movcs	r5, r6
 812              	.LVL104:
 813 0024 1FFA85F8 		uxth	r8, r5
 253:/opt/XMClib/XMC_Peripheral_Library_v2.1.16/ThirdPartyLibraries/USBlib/USB/Core/XMC4000/EndpointStream_XMC4000.c **** 			MEMCPY(Buffer,EndPoint->OutBuffer,Bytes);
 814              		.loc 1 253 0
 815 0028 4246     		mov	r2, r8
 816 002a 6169     		ldr	r1, [r4, #20]
 817 002c 3846     		mov	r0, r7
 818 002e FFF7FEFF 		bl	thumb2_memcpy
 819              	.LVL105:
 254:/opt/XMClib/XMC_Peripheral_Library_v2.1.16/ThirdPartyLibraries/USBlib/USB/Core/XMC4000/EndpointStream_XMC4000.c **** 			EndPoint->OutBytesAvailable -= Bytes;
 820              		.loc 1 254 0
 821 0032 E368     		ldr	r3, [r4, #12]
 822 0034 A3EB0803 		sub	r3, r3, r8
 823 0038 E360     		str	r3, [r4, #12]
 255:/opt/XMClib/XMC_Peripheral_Library_v2.1.16/ThirdPartyLibraries/USBlib/USB/Core/XMC4000/EndpointStream_XMC4000.c **** 			Length -= Bytes;
 824              		.loc 1 255 0
 825 003a 751B     		subs	r5, r6, r5
 826              	.LVL106:
 827 003c AEB2     		uxth	r6, r5
 828              	.LVL107:
 256:/opt/XMClib/XMC_Peripheral_Library_v2.1.16/ThirdPartyLibraries/USBlib/USB/Core/XMC4000/EndpointStream_XMC4000.c **** 
 257:/opt/XMClib/XMC_Peripheral_Library_v2.1.16/ThirdPartyLibraries/USBlib/USB/Core/XMC4000/EndpointStream_XMC4000.c **** 			Endpoint_ClearOUT();
 829              		.loc 1 257 0
 830 003e FFF7FEFF 		bl	Endpoint_ClearOUT
 831              	.LVL108:
 832 0042 E2E7     		b	.L94
 833              	.LVL109:
 834              	.L96:
 258:/opt/XMClib/XMC_Peripheral_Library_v2.1.16/ThirdPartyLibraries/USBlib/USB/Core/XMC4000/EndpointStream_XMC4000.c **** 		}
 259:/opt/XMClib/XMC_Peripheral_Library_v2.1.16/ThirdPartyLibraries/USBlib/USB/Core/XMC4000/EndpointStream_XMC4000.c **** 	}
 260:/opt/XMClib/XMC_Peripheral_Library_v2.1.16/ThirdPartyLibraries/USBlib/USB/Core/XMC4000/EndpointStream_XMC4000.c **** 	return ENDPOINT_RWCSTREAM_NoError;
 261:/opt/XMClib/XMC_Peripheral_Library_v2.1.16/ThirdPartyLibraries/USBlib/USB/Core/XMC4000/EndpointStream_XMC4000.c **** }
 835              		.loc 1 261 0
 836 0044 0020     		movs	r0, #0
 837 0046 BDE8F081 		pop	{r4, r5, r6, r7, r8, pc}
 838              	.LVL110:
 839              	.L101:
 840 004a 00BF     		.align	2
 841              	.L100:
 842 004c 00000000 		.word	device
 843              		.cfi_endproc
 844              	.LFE195:
 846              		.section	.text.Endpoint_Read_Control_Stream_BE,"ax",%progbits
 847              		.align	1
 848              		.global	Endpoint_Read_Control_Stream_BE
 849              		.syntax unified
 850              		.thumb
 851              		.thumb_func
 852              		.fpu fpv4-sp-d16
 854              	Endpoint_Read_Control_Stream_BE:
 855              	.LFB196:
 262:/opt/XMClib/XMC_Peripheral_Library_v2.1.16/ThirdPartyLibraries/USBlib/USB/Core/XMC4000/EndpointStream_XMC4000.c **** 
 263:/opt/XMClib/XMC_Peripheral_Library_v2.1.16/ThirdPartyLibraries/USBlib/USB/Core/XMC4000/EndpointStream_XMC4000.c **** uint8_t	Endpoint_Read_Control_Stream_BE (void *const Buffer, uint16_t Length) {
 856              		.loc 1 263 0
 857              		.cfi_startproc
 858              		@ args = 0, pretend = 0, frame = 0
 859              		@ frame_needed = 0, uses_anonymous_args = 0
 860              	.LVL111:
 861 0000 08B5     		push	{r3, lr}
 862              	.LCFI9:
 863              		.cfi_def_cfa_offset 8
 864              		.cfi_offset 3, -8
 865              		.cfi_offset 14, -4
 264:/opt/XMClib/XMC_Peripheral_Library_v2.1.16/ThirdPartyLibraries/USBlib/USB/Core/XMC4000/EndpointStream_XMC4000.c **** 	return Endpoint_Read_Control_Stream_LE(Buffer,Length);
 866              		.loc 1 264 0
 867 0002 FFF7FEFF 		bl	Endpoint_Read_Control_Stream_LE
 868              	.LVL112:
 265:/opt/XMClib/XMC_Peripheral_Library_v2.1.16/ThirdPartyLibraries/USBlib/USB/Core/XMC4000/EndpointStream_XMC4000.c **** }
 869              		.loc 1 265 0
 870 0006 08BD     		pop	{r3, pc}
 871              		.cfi_endproc
 872              	.LFE196:
 874              		.section	.text.Endpoint_Null_Stream,"ax",%progbits
 875              		.align	1
 876              		.global	Endpoint_Null_Stream
 877              		.syntax unified
 878              		.thumb
 879              		.thumb_func
 880              		.fpu fpv4-sp-d16
 882              	Endpoint_Null_Stream:
 883              	.LFB197:
 266:/opt/XMClib/XMC_Peripheral_Library_v2.1.16/ThirdPartyLibraries/USBlib/USB/Core/XMC4000/EndpointStream_XMC4000.c **** 
 267:/opt/XMClib/XMC_Peripheral_Library_v2.1.16/ThirdPartyLibraries/USBlib/USB/Core/XMC4000/EndpointStream_XMC4000.c **** uint8_t Endpoint_Null_Stream(uint16_t Length,
 268:/opt/XMClib/XMC_Peripheral_Library_v2.1.16/ThirdPartyLibraries/USBlib/USB/Core/XMC4000/EndpointStream_XMC4000.c **** 								 uint16_t* const BytesProcessed) {
 884              		.loc 1 268 0
 885              		.cfi_startproc
 886              		@ args = 0, pretend = 0, frame = 0
 887              		@ frame_needed = 0, uses_anonymous_args = 0
 888              	.LVL113:
 889 0000 2DE9F843 		push	{r3, r4, r5, r6, r7, r8, r9, lr}
 890              	.LCFI10:
 891              		.cfi_def_cfa_offset 32
 892              		.cfi_offset 3, -32
 893              		.cfi_offset 4, -28
 894              		.cfi_offset 5, -24
 895              		.cfi_offset 6, -20
 896              		.cfi_offset 7, -16
 897              		.cfi_offset 8, -12
 898              		.cfi_offset 9, -8
 899              		.cfi_offset 14, -4
 900 0004 8146     		mov	r9, r0
 269:/opt/XMClib/XMC_Peripheral_Library_v2.1.16/ThirdPartyLibraries/USBlib/USB/Core/XMC4000/EndpointStream_XMC4000.c **** 	USBD_Endpoint_t* ep = &device.Endpoints[device.CurrentEndpoint];
 901              		.loc 1 269 0
 902 0006 234B     		ldr	r3, .L119
 903 0008 93F83C51 		ldrb	r5, [r3, #316]	@ zero_extendqisi2
 904              	.LVL114:
 270:/opt/XMClib/XMC_Peripheral_Library_v2.1.16/ThirdPartyLibraries/USBlib/USB/Core/XMC4000/EndpointStream_XMC4000.c **** 		uint16_t Bytes = 0;
 271:/opt/XMClib/XMC_Peripheral_Library_v2.1.16/ThirdPartyLibraries/USBlib/USB/Core/XMC4000/EndpointStream_XMC4000.c **** 		uint16_t BytesTransfered = 0;
 272:/opt/XMClib/XMC_Peripheral_Library_v2.1.16/ThirdPartyLibraries/USBlib/USB/Core/XMC4000/EndpointStream_XMC4000.c **** 		uint8_t ErrorCode;
 273:/opt/XMClib/XMC_Peripheral_Library_v2.1.16/ThirdPartyLibraries/USBlib/USB/Core/XMC4000/EndpointStream_XMC4000.c **** 
 274:/opt/XMClib/XMC_Peripheral_Library_v2.1.16/ThirdPartyLibraries/USBlib/USB/Core/XMC4000/EndpointStream_XMC4000.c **** 		if (BytesProcessed!=NULL) {
 905              		.loc 1 274 0
 906 000c 0F46     		mov	r7, r1
 907 000e 51B1     		cbz	r1, .L113
 275:/opt/XMClib/XMC_Peripheral_Library_v2.1.16/ThirdPartyLibraries/USBlib/USB/Core/XMC4000/EndpointStream_XMC4000.c **** 			Length -= *BytesProcessed;
 908              		.loc 1 275 0
 909 0010 0E88     		ldrh	r6, [r1]
 910 0012 841B     		subs	r4, r0, r6
 911 0014 1FFA84F9 		uxth	r9, r4
 912              	.LVL115:
 913              	.L105:
 276:/opt/XMClib/XMC_Peripheral_Library_v2.1.16/ThirdPartyLibraries/USBlib/USB/Core/XMC4000/EndpointStream_XMC4000.c **** 			BytesTransfered = *BytesProcessed;
 277:/opt/XMClib/XMC_Peripheral_Library_v2.1.16/ThirdPartyLibraries/USBlib/USB/Core/XMC4000/EndpointStream_XMC4000.c **** 		}
 278:/opt/XMClib/XMC_Peripheral_Library_v2.1.16/ThirdPartyLibraries/USBlib/USB/Core/XMC4000/EndpointStream_XMC4000.c **** 
 279:/opt/XMClib/XMC_Peripheral_Library_v2.1.16/ThirdPartyLibraries/USBlib/USB/Core/XMC4000/EndpointStream_XMC4000.c **** 		while (Length) {
 280:/opt/XMClib/XMC_Peripheral_Library_v2.1.16/ThirdPartyLibraries/USBlib/USB/Core/XMC4000/EndpointStream_XMC4000.c **** 			if (ep->InInUse)
 914              		.loc 1 280 0
 915 0018 1E4B     		ldr	r3, .L119
 916 001a 2C22     		movs	r2, #44
 917 001c 02FB0535 		mla	r5, r2, r5, r3
 918              	.LVL116:
 281:/opt/XMClib/XMC_Peripheral_Library_v2.1.16/ThirdPartyLibraries/USBlib/USB/Core/XMC4000/EndpointStream_XMC4000.c **** 				continue;
 282:/opt/XMClib/XMC_Peripheral_Library_v2.1.16/ThirdPartyLibraries/USBlib/USB/Core/XMC4000/EndpointStream_XMC4000.c **** 			if (Endpoint_IsReadWriteAllowed()) {
 283:/opt/XMClib/XMC_Peripheral_Library_v2.1.16/ThirdPartyLibraries/USBlib/USB/Core/XMC4000/EndpointStream_XMC4000.c **** 				Bytes = ep->InBufferLength - ep->InBytesAvailable  > Length ? Length : ep->InBufferLength - ep-
 284:/opt/XMClib/XMC_Peripheral_Library_v2.1.16/ThirdPartyLibraries/USBlib/USB/Core/XMC4000/EndpointStream_XMC4000.c **** 				memset(ep->InBuffer + ep->InBytesAvailable,0x0,Bytes);
 919              		.loc 1 284 0
 920 0020 4FF00008 		mov	r8, #0
 921 0024 1AE0     		b	.L106
 922              	.LVL117:
 923              	.L113:
 271:/opt/XMClib/XMC_Peripheral_Library_v2.1.16/ThirdPartyLibraries/USBlib/USB/Core/XMC4000/EndpointStream_XMC4000.c **** 		uint8_t ErrorCode;
 924              		.loc 1 271 0
 925 0026 0026     		movs	r6, #0
 926 0028 F6E7     		b	.L105
 927              	.LVL118:
 928              	.L112:
 282:/opt/XMClib/XMC_Peripheral_Library_v2.1.16/ThirdPartyLibraries/USBlib/USB/Core/XMC4000/EndpointStream_XMC4000.c **** 				Bytes = ep->InBufferLength - ep->InBytesAvailable  > Length ? Length : ep->InBufferLength - ep-
 929              		.loc 1 282 0
 930 002a FFF7FEFF 		bl	Endpoint_IsReadWriteAllowed
 931              	.LVL119:
 932 002e 08B3     		cbz	r0, .L108
 283:/opt/XMClib/XMC_Peripheral_Library_v2.1.16/ThirdPartyLibraries/USBlib/USB/Core/XMC4000/EndpointStream_XMC4000.c **** 				memset(ep->InBuffer + ep->InBytesAvailable,0x0,Bytes);
 933              		.loc 1 283 0
 934 0030 E869     		ldr	r0, [r5, #28]
 935 0032 6B6A     		ldr	r3, [r5, #36]
 936 0034 1B1A     		subs	r3, r3, r0
 937 0036 4B45     		cmp	r3, r9
 938 0038 28BF     		it	cs
 939 003a 4B46     		movcs	r3, r9
 940 003c 9CB2     		uxth	r4, r3
 941              	.LVL120:
 942              		.loc 1 284 0
 943 003e 2B6A     		ldr	r3, [r5, #32]
 944 0040 2246     		mov	r2, r4
 945 0042 4146     		mov	r1, r8
 946 0044 1844     		add	r0, r0, r3
 947 0046 FFF7FEFF 		bl	memset
 948              	.LVL121:
 285:/opt/XMClib/XMC_Peripheral_Library_v2.1.16/ThirdPartyLibraries/USBlib/USB/Core/XMC4000/EndpointStream_XMC4000.c **** 				ep->InBytesAvailable += Bytes;
 949              		.loc 1 285 0
 950 004a EB69     		ldr	r3, [r5, #28]
 951 004c 2344     		add	r3, r3, r4
 952 004e EB61     		str	r3, [r5, #28]
 286:/opt/XMClib/XMC_Peripheral_Library_v2.1.16/ThirdPartyLibraries/USBlib/USB/Core/XMC4000/EndpointStream_XMC4000.c **** 				BytesTransfered += Bytes;
 953              		.loc 1 286 0
 954 0050 2644     		add	r6, r6, r4
 955 0052 B6B2     		uxth	r6, r6
 956              	.LVL122:
 287:/opt/XMClib/XMC_Peripheral_Library_v2.1.16/ThirdPartyLibraries/USBlib/USB/Core/XMC4000/EndpointStream_XMC4000.c **** 				Length -= Bytes;
 957              		.loc 1 287 0
 958 0054 A9EB0404 		sub	r4, r9, r4
 959              	.LVL123:
 960 0058 1FFA84F9 		uxth	r9, r4
 961              	.LVL124:
 962              	.L106:
 279:/opt/XMClib/XMC_Peripheral_Library_v2.1.16/ThirdPartyLibraries/USBlib/USB/Core/XMC4000/EndpointStream_XMC4000.c **** 			if (ep->InInUse)
 963              		.loc 1 279 0
 964 005c B9F1000F 		cmp	r9, #0
 965 0060 14D0     		beq	.L114
 280:/opt/XMClib/XMC_Peripheral_Library_v2.1.16/ThirdPartyLibraries/USBlib/USB/Core/XMC4000/EndpointStream_XMC4000.c **** 				continue;
 966              		.loc 1 280 0
 967 0062 AB68     		ldr	r3, [r5, #8]
 968 0064 13F0100F 		tst	r3, #16
 969 0068 DFD0     		beq	.L112
 970              	.LVL125:
 971              	.L107:
 972 006a AB68     		ldr	r3, [r5, #8]
 973 006c 13F0100F 		tst	r3, #16
 974 0070 FBD1     		bne	.L107
 975 0072 DAE7     		b	.L112
 976              	.L108:
 288:/opt/XMClib/XMC_Peripheral_Library_v2.1.16/ThirdPartyLibraries/USBlib/USB/Core/XMC4000/EndpointStream_XMC4000.c **** 			}
 289:/opt/XMClib/XMC_Peripheral_Library_v2.1.16/ThirdPartyLibraries/USBlib/USB/Core/XMC4000/EndpointStream_XMC4000.c **** 			else {
 290:/opt/XMClib/XMC_Peripheral_Library_v2.1.16/ThirdPartyLibraries/USBlib/USB/Core/XMC4000/EndpointStream_XMC4000.c **** 				Endpoint_ClearIN();
 977              		.loc 1 290 0
 978 0074 FFF7FEFF 		bl	Endpoint_ClearIN
 979              	.LVL126:
 291:/opt/XMClib/XMC_Peripheral_Library_v2.1.16/ThirdPartyLibraries/USBlib/USB/Core/XMC4000/EndpointStream_XMC4000.c **** 				if (BytesProcessed!=NULL) {
 980              		.loc 1 291 0
 981 0078 2FB9     		cbnz	r7, .L118
 292:/opt/XMClib/XMC_Peripheral_Library_v2.1.16/ThirdPartyLibraries/USBlib/USB/Core/XMC4000/EndpointStream_XMC4000.c **** 					*BytesProcessed = BytesTransfered;
 293:/opt/XMClib/XMC_Peripheral_Library_v2.1.16/ThirdPartyLibraries/USBlib/USB/Core/XMC4000/EndpointStream_XMC4000.c **** 					return ENDPOINT_RWSTREAM_IncompleteTransfer;
 294:/opt/XMClib/XMC_Peripheral_Library_v2.1.16/ThirdPartyLibraries/USBlib/USB/Core/XMC4000/EndpointStream_XMC4000.c **** 				}
 295:/opt/XMClib/XMC_Peripheral_Library_v2.1.16/ThirdPartyLibraries/USBlib/USB/Core/XMC4000/EndpointStream_XMC4000.c **** 
 296:/opt/XMClib/XMC_Peripheral_Library_v2.1.16/ThirdPartyLibraries/USBlib/USB/Core/XMC4000/EndpointStream_XMC4000.c **** 				if ((ErrorCode = Endpoint_WaitUntilReady()) != 0) {
 982              		.loc 1 296 0
 983 007a FFF7FEFF 		bl	Endpoint_WaitUntilReady
 984              	.LVL127:
 985 007e 0346     		mov	r3, r0
 986 0080 0028     		cmp	r0, #0
 987 0082 EBD0     		beq	.L106
 988 0084 03E0     		b	.L111
 989              	.LVL128:
 990              	.L118:
 292:/opt/XMClib/XMC_Peripheral_Library_v2.1.16/ThirdPartyLibraries/USBlib/USB/Core/XMC4000/EndpointStream_XMC4000.c **** 					*BytesProcessed = BytesTransfered;
 991              		.loc 1 292 0
 992 0086 3E80     		strh	r6, [r7]	@ movhi
 293:/opt/XMClib/XMC_Peripheral_Library_v2.1.16/ThirdPartyLibraries/USBlib/USB/Core/XMC4000/EndpointStream_XMC4000.c **** 				}
 993              		.loc 1 293 0
 994 0088 0523     		movs	r3, #5
 995 008a 00E0     		b	.L111
 996              	.LVL129:
 997              	.L114:
 297:/opt/XMClib/XMC_Peripheral_Library_v2.1.16/ThirdPartyLibraries/USBlib/USB/Core/XMC4000/EndpointStream_XMC4000.c **** 					return ErrorCode;
 298:/opt/XMClib/XMC_Peripheral_Library_v2.1.16/ThirdPartyLibraries/USBlib/USB/Core/XMC4000/EndpointStream_XMC4000.c **** 				}
 299:/opt/XMClib/XMC_Peripheral_Library_v2.1.16/ThirdPartyLibraries/USBlib/USB/Core/XMC4000/EndpointStream_XMC4000.c **** 
 300:/opt/XMClib/XMC_Peripheral_Library_v2.1.16/ThirdPartyLibraries/USBlib/USB/Core/XMC4000/EndpointStream_XMC4000.c **** 
 301:/opt/XMClib/XMC_Peripheral_Library_v2.1.16/ThirdPartyLibraries/USBlib/USB/Core/XMC4000/EndpointStream_XMC4000.c **** 			}
 302:/opt/XMClib/XMC_Peripheral_Library_v2.1.16/ThirdPartyLibraries/USBlib/USB/Core/XMC4000/EndpointStream_XMC4000.c **** 		}
 303:/opt/XMClib/XMC_Peripheral_Library_v2.1.16/ThirdPartyLibraries/USBlib/USB/Core/XMC4000/EndpointStream_XMC4000.c **** 		return ENDPOINT_RWSTREAM_NoError;
 998              		.loc 1 303 0
 999 008c 0023     		movs	r3, #0
 1000              	.LVL130:
 1001              	.L111:
 304:/opt/XMClib/XMC_Peripheral_Library_v2.1.16/ThirdPartyLibraries/USBlib/USB/Core/XMC4000/EndpointStream_XMC4000.c **** }
 1002              		.loc 1 304 0
 1003 008e 1846     		mov	r0, r3
 1004 0090 BDE8F883 		pop	{r3, r4, r5, r6, r7, r8, r9, pc}
 1005              	.LVL131:
 1006              	.L120:
 1007              		.align	2
 1008              	.L119:
 1009 0094 00000000 		.word	device
 1010              		.cfi_endproc
 1011              	.LFE197:
 1013              		.global	zlp_flag
 1014              		.bss
 1015              		.set	.LANCHOR0,. + 0
 1018              	zlp_flag:
 1019 0000 00       		.space	1
 1020              		.text
 1021              	.Letext0:
 1022              		.file 2 "/usr/arm-none-eabi/include/machine/_default_types.h"
 1023              		.file 3 "/usr/arm-none-eabi/include/sys/_stdint.h"
 1024              		.file 4 "/usr/arm-none-eabi/include/sys/lock.h"
 1025              		.file 5 "/usr/arm-none-eabi/include/sys/_types.h"
 1026              		.file 6 "/usr/lib/gcc/arm-none-eabi/7.3.1/include/stddef.h"
 1027              		.file 7 "/usr/arm-none-eabi/include/sys/reent.h"
 1028              		.file 8 "/opt/XMClib/XMC_Peripheral_Library_v2.1.16/CMSIS/Include/core_cm4.h"
 1029              		.file 9 "/opt/XMClib/XMC_Peripheral_Library_v2.1.16/CMSIS/Infineon/XMC4500_series/Include/system_X
 1030              		.file 10 "/opt/XMClib/XMC_Peripheral_Library_v2.1.16/CMSIS/Infineon/XMC4500_series/Include/XMC4500
 1031              		.file 11 "/usr/arm-none-eabi/include/stdlib.h"
 1032              		.file 12 "/opt/XMClib/XMC_Peripheral_Library_v2.1.16/XMCLib/inc/xmc_usbd_regs.h"
 1033              		.file 13 "/opt/XMClib/XMC_Peripheral_Library_v2.1.16/XMCLib/inc/xmc_usbd.h"
 1034              		.file 14 "/opt/XMClib/XMC_Peripheral_Library_v2.1.16/ThirdPartyLibraries/USBlib/USB/Core/XMC4000/.
 1035              		.file 15 "/opt/XMClib/XMC_Peripheral_Library_v2.1.16/ThirdPartyLibraries/USBlib/USB/Core/XMC4000/.
 1036              		.file 16 "/opt/XMClib/XMC_Peripheral_Library_v2.1.16/ThirdPartyLibraries/USBlib/USB/Core/XMC4000/.
 1037              		.file 17 "/opt/XMClib/XMC_Peripheral_Library_v2.1.16/ThirdPartyLibraries/USBlib/USB/Core/XMC4000/.
 1038              		.file 18 "/opt/XMClib/XMC_Peripheral_Library_v2.1.16/ThirdPartyLibraries/USBlib/USB/Core/XMC4000/.
 1039              		.file 19 "/opt/XMClib/XMC_Peripheral_Library_v2.1.16/ThirdPartyLibraries/USBlib/USB/Core/XMC4000/.
 1040              		.file 20 "/opt/XMClib/XMC_Peripheral_Library_v2.1.16/ThirdPartyLibraries/USBlib/USB/Core/XMC4000/.
 1041              		.file 21 "<built-in>"
DEFINED SYMBOLS
                            *ABS*:0000000000000000 EndpointStream_XMC4000.c
     /tmp/ccbcWvTJ.s:17     .text.Endpoint_Write_Stream_LE:0000000000000000 $t
     /tmp/ccbcWvTJ.s:24     .text.Endpoint_Write_Stream_LE:0000000000000000 Endpoint_Write_Stream_LE
     /tmp/ccbcWvTJ.s:172    .text.Endpoint_Write_Stream_LE:00000000000000b4 $d
     /tmp/ccbcWvTJ.s:178    .text.SwapCopy:0000000000000000 $t
     /tmp/ccbcWvTJ.s:185    .text.SwapCopy:0000000000000000 SwapCopy
     /tmp/ccbcWvTJ.s:231    .text.Endpoint_Write_Stream_BE:0000000000000000 $t
     /tmp/ccbcWvTJ.s:238    .text.Endpoint_Write_Stream_BE:0000000000000000 Endpoint_Write_Stream_BE
     /tmp/ccbcWvTJ.s:365    .text.Endpoint_Write_Stream_BE:0000000000000094 $d
     /tmp/ccbcWvTJ.s:370    .text.Endpoint_Read_Stream_LE:0000000000000000 $t
     /tmp/ccbcWvTJ.s:377    .text.Endpoint_Read_Stream_LE:0000000000000000 Endpoint_Read_Stream_LE
     /tmp/ccbcWvTJ.s:507    .text.Endpoint_Read_Stream_LE:0000000000000094 $d
     /tmp/ccbcWvTJ.s:512    .text.Endpoint_Read_Stream_BE:0000000000000000 $t
     /tmp/ccbcWvTJ.s:519    .text.Endpoint_Read_Stream_BE:0000000000000000 Endpoint_Read_Stream_BE
     /tmp/ccbcWvTJ.s:649    .text.Endpoint_Read_Stream_BE:0000000000000094 $d
     /tmp/ccbcWvTJ.s:654    .text.Endpoint_Write_Control_Stream_LE:0000000000000000 $t
     /tmp/ccbcWvTJ.s:661    .text.Endpoint_Write_Control_Stream_LE:0000000000000000 Endpoint_Write_Control_Stream_LE
     /tmp/ccbcWvTJ.s:732    .text.Endpoint_Write_Control_Stream_LE:0000000000000044 $d
     /tmp/ccbcWvTJ.s:737    .text.Endpoint_Write_Control_Stream_BE:0000000000000000 $t
     /tmp/ccbcWvTJ.s:744    .text.Endpoint_Write_Control_Stream_BE:0000000000000000 Endpoint_Write_Control_Stream_BE
     /tmp/ccbcWvTJ.s:765    .text.Endpoint_Read_Control_Stream_LE:0000000000000000 $t
     /tmp/ccbcWvTJ.s:772    .text.Endpoint_Read_Control_Stream_LE:0000000000000000 Endpoint_Read_Control_Stream_LE
     /tmp/ccbcWvTJ.s:842    .text.Endpoint_Read_Control_Stream_LE:000000000000004c $d
     /tmp/ccbcWvTJ.s:847    .text.Endpoint_Read_Control_Stream_BE:0000000000000000 $t
     /tmp/ccbcWvTJ.s:854    .text.Endpoint_Read_Control_Stream_BE:0000000000000000 Endpoint_Read_Control_Stream_BE
     /tmp/ccbcWvTJ.s:875    .text.Endpoint_Null_Stream:0000000000000000 $t
     /tmp/ccbcWvTJ.s:882    .text.Endpoint_Null_Stream:0000000000000000 Endpoint_Null_Stream
     /tmp/ccbcWvTJ.s:1009   .text.Endpoint_Null_Stream:0000000000000094 $d
     /tmp/ccbcWvTJ.s:1018   .bss:0000000000000000 zlp_flag
     /tmp/ccbcWvTJ.s:1019   .bss:0000000000000000 $d
                           .group:0000000000000000 wm4.0.36326cb9f2f282db52d0a8f4d7f6f490
                           .group:0000000000000000 wm4.Common.h.60.c2f00e237f5994003db83c2422602b22
                           .group:0000000000000000 wm4._newlib_version.h.4.875b979a44719054cd750d0952ad3fd6
                           .group:0000000000000000 wm4.features.h.33.5bd1eea2d80518b50f7af0b5ce6750e0
                           .group:0000000000000000 wm4._default_types.h.15.247e5cd201eca3442cbf5404108c4935
                           .group:0000000000000000 wm4._intsup.h.10.cce27fed8484c08a33f522034c30d2b5
                           .group:0000000000000000 wm4._stdint.h.10.c24fa3af3bc1706662bb5593a907e841
                           .group:0000000000000000 wm4.stdint.h.23.d53047a68f4a85177f80b422d52785ed
                           .group:0000000000000000 wm4.stdbool.h.29.07dce69c3b78884144b7f7bd19483461
                           .group:0000000000000000 wm4.newlib.h.8.f6e543eac3f2f65163ba2ffe3b04987b
                           .group:0000000000000000 wm4.ieeefp.h.77.220d9cccac42cd58761758bee2df4ce6
                           .group:0000000000000000 wm4.config.h.220.6cac6a9685cfce5e83c17784171638d9
                           .group:0000000000000000 wm4._ansi.h.31.de524f58584151836e90d8620a16f8e8
                           .group:0000000000000000 wm4.stddef.h.39.99b5021e28f91cdb161c889e07266673
                           .group:0000000000000000 wm4.lock.h.2.1461d1fff82dffe8bfddc23307f6484f
                           .group:0000000000000000 wm4._types.h.125.5cf8a495f1f7ef36777ad868a1e32068
                           .group:0000000000000000 wm4.stddef.h.161.5349cb105733e8777bfb0cf53c4e3f34
                           .group:0000000000000000 wm4._types.h.184.03611d4f6b5bec9997bcf4279eceba07
                           .group:0000000000000000 wm4.reent.h.17.90c2574d4acdcfce933db5cb09ff35fe
                           .group:0000000000000000 wm4.cdefs.h.47.14fad0b327eb9dcf106599b738d85132
                           .group:0000000000000000 wm4.string.h.15.dab3980bf35408a4c507182805e2de3a
                           .group:0000000000000000 wm4.stddef.h.161.19e15733342b50ead2919490b095303e
                           .group:0000000000000000 wm4.BoardTypes.h.52.ca64813ccee737bcc2115eab5e075fdb
                           .group:0000000000000000 wm4.CompilerSpecific.h.55.4a5e5ff77cd35e49c89cf2115251aee0
                           .group:0000000000000000 wm4.Attributes.h.56.73b3ee26b0836c2dec569a5fa6f1b355
                           .group:0000000000000000 wm4.xmc_device.h.61.ba2d082e12f51240746cffdd60d42b81
                           .group:0000000000000000 wm4.XMC4500.h.55.9aa45b9b5790506b2dcb963e4e7adeaf
                           .group:0000000000000000 wm4.core_cm4.h.32.6c6eb1c8daeca23ce7ba79c8e8120d52
                           .group:0000000000000000 wm4.cmsis_gcc.h.26.91b63349961c35637933e4fba51b867b
                           .group:0000000000000000 wm4.core_cm4.h.172.fdd5a388a160bb6ff767b7d7ee212268
                           .group:0000000000000000 wm4.system_XMC4500.h.42.99124977c10ca8844a71949adbeabd70
                           .group:0000000000000000 wm4.XMC4500.h.208.b340195df97f067735c4c769ba59985a
                           .group:0000000000000000 wm4.xmc_device.h.1460.8860499b404961ffcfbb8d1fefcb2146
                           .group:0000000000000000 wm4.xmc_common.h.92.3f4336a80569affab05a81145b87c2fc
                           .group:0000000000000000 wm4.Endianness.h.57.3ac00c5468f4b91b806a0e6dba047e9c
                           .group:0000000000000000 wm4.Common.h.105.4b937a9cc9dcdb26c3f07541b0b763a8
                           .group:0000000000000000 wm4.USBController.h.49.cbfc73805155b6fff6267400af3f4eec
                           .group:0000000000000000 wm4.stdlib.h.13.4ed386f5c1a80d71e72172885d946ef2
                           .group:0000000000000000 wm4.alloca.h.8.dfc0c703c47ec3e69746825b17d9e66d
                           .group:0000000000000000 wm4.stdlib.h.56.d4493cd3736e51e9d56335045f26df45
                           .group:0000000000000000 wm4.xmc_usbd_regs.h.80.57c6c85fa0ecbc9f8327ce445aebb9bc
                           .group:0000000000000000 wm4.xmc4_scu.h.83.0449f5880ac071460ec1a8072311ea51
                           .group:0000000000000000 wm4.xmc_usbd.h.122.ce57a9e6a9da48ee33ece02813c49593
                           .group:0000000000000000 wm4.USBController_XMC4000.h.71.902f2653e09cb8b25245faa82cc6b907
                           .group:0000000000000000 wm4.StdDescriptors.h.73.7d17e8be7a73b855fc0f8827303b7597
                           .group:0000000000000000 wm4.Endpoint.h.73.3734de3e84ab23fb43d81f41fba620ec
                           .group:0000000000000000 wm4.Device_XMC4000.h.86.6803bdd99d84e764a570256c87a24d0a
                           .group:0000000000000000 wm4.StdRequestType.h.50.461dce94a3ee1fa9ff31ec5f28bd9699

UNDEFINED SYMBOLS
Endpoint_IsReadWriteAllowed
thumb2_memcpy
Endpoint_ClearIN
Endpoint_WaitUntilReady
device
Endpoint_ClearOUT
memset
