   1              		.cpu cortex-m4
   2              		.eabi_attribute 27, 1
   3              		.eabi_attribute 20, 1
   4              		.eabi_attribute 21, 1
   5              		.eabi_attribute 23, 3
   6              		.eabi_attribute 24, 1
   7              		.eabi_attribute 25, 1
   8              		.eabi_attribute 26, 1
   9              		.eabi_attribute 30, 1
  10              		.eabi_attribute 34, 1
  11              		.eabi_attribute 18, 4
  12              		.file	"syscalls.c"
  13              		.text
  14              	.Ltext0:
  15              		.cfi_sections	.debug_frame
  16              		.section	.text._sbrk,"ax",%progbits
  17              		.align	1
  18              		.global	_sbrk
  19              		.syntax unified
  20              		.thumb
  21              		.thumb_func
  22              		.fpu fpv4-sp-d16
  24              	_sbrk:
  25              	.LFB0:
  26              		.file 1 "/opt/XMClib/XMC_Peripheral_Library_v2.1.16/ThirdPartyLibraries/Newlib/syscalls.c"
   1:/opt/XMClib/XMC_Peripheral_Library_v2.1.16/ThirdPartyLibraries/Newlib/syscalls.c **** /**************************************************************************************************
   2:/opt/XMClib/XMC_Peripheral_Library_v2.1.16/ThirdPartyLibraries/Newlib/syscalls.c ****  * @file     syscalls.c
   3:/opt/XMClib/XMC_Peripheral_Library_v2.1.16/ThirdPartyLibraries/Newlib/syscalls.c ****  * @brief    Newlib stubs
   4:/opt/XMClib/XMC_Peripheral_Library_v2.1.16/ThirdPartyLibraries/Newlib/syscalls.c ****  * @version  V1.6
   5:/opt/XMClib/XMC_Peripheral_Library_v2.1.16/ThirdPartyLibraries/Newlib/syscalls.c ****  * @date     20 Apr 2017
   6:/opt/XMClib/XMC_Peripheral_Library_v2.1.16/ThirdPartyLibraries/Newlib/syscalls.c ****  *
   7:/opt/XMClib/XMC_Peripheral_Library_v2.1.16/ThirdPartyLibraries/Newlib/syscalls.c ****  * @cond
   8:/opt/XMClib/XMC_Peripheral_Library_v2.1.16/ThirdPartyLibraries/Newlib/syscalls.c ****  **************************************************************************************************
   9:/opt/XMClib/XMC_Peripheral_Library_v2.1.16/ThirdPartyLibraries/Newlib/syscalls.c ****  * Copyright (c) 2015-2017, Infineon Technologies AG
  10:/opt/XMClib/XMC_Peripheral_Library_v2.1.16/ThirdPartyLibraries/Newlib/syscalls.c ****  * All rights reserved.
  11:/opt/XMClib/XMC_Peripheral_Library_v2.1.16/ThirdPartyLibraries/Newlib/syscalls.c ****  *
  12:/opt/XMClib/XMC_Peripheral_Library_v2.1.16/ThirdPartyLibraries/Newlib/syscalls.c ****  * Redistribution and use in source and binary forms, with or without modification,are permitted pr
  13:/opt/XMClib/XMC_Peripheral_Library_v2.1.16/ThirdPartyLibraries/Newlib/syscalls.c ****  * following conditions are met:
  14:/opt/XMClib/XMC_Peripheral_Library_v2.1.16/ThirdPartyLibraries/Newlib/syscalls.c ****  *
  15:/opt/XMClib/XMC_Peripheral_Library_v2.1.16/ThirdPartyLibraries/Newlib/syscalls.c ****  * Redistributions of source code must retain the above copyright notice, this list of conditions a
  16:/opt/XMClib/XMC_Peripheral_Library_v2.1.16/ThirdPartyLibraries/Newlib/syscalls.c ****  * disclaimer.
  17:/opt/XMClib/XMC_Peripheral_Library_v2.1.16/ThirdPartyLibraries/Newlib/syscalls.c ****  *
  18:/opt/XMClib/XMC_Peripheral_Library_v2.1.16/ThirdPartyLibraries/Newlib/syscalls.c ****  * Redistributions in binary form must reproduce the above copyright notice, this list of condition
  19:/opt/XMClib/XMC_Peripheral_Library_v2.1.16/ThirdPartyLibraries/Newlib/syscalls.c ****  * disclaimer in the documentation and/or other materials provided with the distribution.
  20:/opt/XMClib/XMC_Peripheral_Library_v2.1.16/ThirdPartyLibraries/Newlib/syscalls.c ****  *
  21:/opt/XMClib/XMC_Peripheral_Library_v2.1.16/ThirdPartyLibraries/Newlib/syscalls.c ****  * Neither the name of the copyright holders nor the names of its contributors may be used to endor
  22:/opt/XMClib/XMC_Peripheral_Library_v2.1.16/ThirdPartyLibraries/Newlib/syscalls.c ****  * products derived from this software without specific prior written permission.
  23:/opt/XMClib/XMC_Peripheral_Library_v2.1.16/ThirdPartyLibraries/Newlib/syscalls.c ****  *
  24:/opt/XMClib/XMC_Peripheral_Library_v2.1.16/ThirdPartyLibraries/Newlib/syscalls.c ****  * THIS SOFTWARE IS PROVIDED BY THE COPYRIGHT HOLDERS AND CONTRIBUTORS "AS IS" AND ANY EXPRESS OR I
  25:/opt/XMClib/XMC_Peripheral_Library_v2.1.16/ThirdPartyLibraries/Newlib/syscalls.c ****  * INCLUDING, BUT NOT LIMITED TO, THE IMPLIED WARRANTIES OF MERCHANTABILITY AND FITNESS FOR A PARTI
  26:/opt/XMClib/XMC_Peripheral_Library_v2.1.16/ThirdPartyLibraries/Newlib/syscalls.c ****  * DISCLAIMED. IN NO EVENT SHALL THE COPYRIGHT HOLDER OR CONTRIBUTORS BE LIABLE  FOR ANY DIRECT, IN
  27:/opt/XMClib/XMC_Peripheral_Library_v2.1.16/ThirdPartyLibraries/Newlib/syscalls.c ****  * SPECIAL, EXEMPLARY, OR CONSEQUENTIAL DAMAGES (INCLUDING, BUT NOT LIMITED TO, PROCUREMENT OF SUBS
  28:/opt/XMClib/XMC_Peripheral_Library_v2.1.16/ThirdPartyLibraries/Newlib/syscalls.c ****  * SERVICES; LOSS OF USE, DATA, OR PROFITS; OR BUSINESS INTERRUPTION) HOWEVER CAUSED AND ON ANY THE
  29:/opt/XMClib/XMC_Peripheral_Library_v2.1.16/ThirdPartyLibraries/Newlib/syscalls.c ****  * WHETHER IN CONTRACT, STRICT LIABILITY,OR TORT (INCLUDING NEGLIGENCE OR OTHERWISE) ARISING IN ANY
  30:/opt/XMClib/XMC_Peripheral_Library_v2.1.16/ThirdPartyLibraries/Newlib/syscalls.c ****  * OF THIS SOFTWARE, EVEN IF ADVISED OF THE POSSIBILITY OF SUCH DAMAGE.
  31:/opt/XMClib/XMC_Peripheral_Library_v2.1.16/ThirdPartyLibraries/Newlib/syscalls.c ****  *
  32:/opt/XMClib/XMC_Peripheral_Library_v2.1.16/ThirdPartyLibraries/Newlib/syscalls.c ****  * To improve the quality of the software, users are encouraged to share modifications, enhancement
  33:/opt/XMClib/XMC_Peripheral_Library_v2.1.16/ThirdPartyLibraries/Newlib/syscalls.c ****  * Infineon Technologies AG dave@infineon.com).
  34:/opt/XMClib/XMC_Peripheral_Library_v2.1.16/ThirdPartyLibraries/Newlib/syscalls.c ****  **************************************************************************************************
  35:/opt/XMClib/XMC_Peripheral_Library_v2.1.16/ThirdPartyLibraries/Newlib/syscalls.c ****  *
  36:/opt/XMClib/XMC_Peripheral_Library_v2.1.16/ThirdPartyLibraries/Newlib/syscalls.c ****  * *************************** Change history ********************************
  37:/opt/XMClib/XMC_Peripheral_Library_v2.1.16/ThirdPartyLibraries/Newlib/syscalls.c ****  * V0.1                  : Initial version
  38:/opt/XMClib/XMC_Peripheral_Library_v2.1.16/ThirdPartyLibraries/Newlib/syscalls.c ****  * V0.2                  : Label updates
  39:/opt/XMClib/XMC_Peripheral_Library_v2.1.16/ThirdPartyLibraries/Newlib/syscalls.c ****  * V1.0                  : Made _sbrk device agnostic
  40:/opt/XMClib/XMC_Peripheral_Library_v2.1.16/ThirdPartyLibraries/Newlib/syscalls.c ****  * V1.1                  : C++ support
  41:/opt/XMClib/XMC_Peripheral_Library_v2.1.16/ThirdPartyLibraries/Newlib/syscalls.c ****  * V1.2                  : Restored compatibility with old project files
  42:/opt/XMClib/XMC_Peripheral_Library_v2.1.16/ThirdPartyLibraries/Newlib/syscalls.c ****  * V1.3    Jan 2014, PKB : Encapsulating everything in this file for use only with GCC
  43:/opt/XMClib/XMC_Peripheral_Library_v2.1.16/ThirdPartyLibraries/Newlib/syscalls.c ****  * V1.4 11 Dec 2015, JFT : Fix heap overflow
  44:/opt/XMClib/XMC_Peripheral_Library_v2.1.16/ThirdPartyLibraries/Newlib/syscalls.c ****  * V1.5 09 Mar 2016, JFT : Add dso_handle to support destructors call at exit 
  45:/opt/XMClib/XMC_Peripheral_Library_v2.1.16/ThirdPartyLibraries/Newlib/syscalls.c ****  * V1.6 20 Apr 2017, JFT : Foward declaration of __sbrk to fix link time optimization (-flto) compi
  46:/opt/XMClib/XMC_Peripheral_Library_v2.1.16/ThirdPartyLibraries/Newlib/syscalls.c ****  * @endcond
  47:/opt/XMClib/XMC_Peripheral_Library_v2.1.16/ThirdPartyLibraries/Newlib/syscalls.c ****  */
  48:/opt/XMClib/XMC_Peripheral_Library_v2.1.16/ThirdPartyLibraries/Newlib/syscalls.c **** 
  49:/opt/XMClib/XMC_Peripheral_Library_v2.1.16/ThirdPartyLibraries/Newlib/syscalls.c **** /*
  50:/opt/XMClib/XMC_Peripheral_Library_v2.1.16/ThirdPartyLibraries/Newlib/syscalls.c ****  * This file contains stubs for standard C library functionality that must
  51:/opt/XMClib/XMC_Peripheral_Library_v2.1.16/ThirdPartyLibraries/Newlib/syscalls.c ****  * typically be provided for the underlying platform.
  52:/opt/XMClib/XMC_Peripheral_Library_v2.1.16/ThirdPartyLibraries/Newlib/syscalls.c ****  *
  53:/opt/XMClib/XMC_Peripheral_Library_v2.1.16/ThirdPartyLibraries/Newlib/syscalls.c ****  */
  54:/opt/XMClib/XMC_Peripheral_Library_v2.1.16/ThirdPartyLibraries/Newlib/syscalls.c **** #if defined ( __GNUC__ )
  55:/opt/XMClib/XMC_Peripheral_Library_v2.1.16/ThirdPartyLibraries/Newlib/syscalls.c **** 
  56:/opt/XMClib/XMC_Peripheral_Library_v2.1.16/ThirdPartyLibraries/Newlib/syscalls.c **** #include <stdint.h>
  57:/opt/XMClib/XMC_Peripheral_Library_v2.1.16/ThirdPartyLibraries/Newlib/syscalls.c **** #include <errno.h>
  58:/opt/XMClib/XMC_Peripheral_Library_v2.1.16/ThirdPartyLibraries/Newlib/syscalls.c **** #include <sys/types.h>
  59:/opt/XMClib/XMC_Peripheral_Library_v2.1.16/ThirdPartyLibraries/Newlib/syscalls.c **** 
  60:/opt/XMClib/XMC_Peripheral_Library_v2.1.16/ThirdPartyLibraries/Newlib/syscalls.c **** /* Forward prototypes.  */
  61:/opt/XMClib/XMC_Peripheral_Library_v2.1.16/ThirdPartyLibraries/Newlib/syscalls.c **** caddr_t _sbrk(int nbytes) __attribute__((externally_visible));
  62:/opt/XMClib/XMC_Peripheral_Library_v2.1.16/ThirdPartyLibraries/Newlib/syscalls.c **** void _init(void) __attribute__((externally_visible));
  63:/opt/XMClib/XMC_Peripheral_Library_v2.1.16/ThirdPartyLibraries/Newlib/syscalls.c **** 
  64:/opt/XMClib/XMC_Peripheral_Library_v2.1.16/ThirdPartyLibraries/Newlib/syscalls.c **** /* c++ destructor dynamic shared object needed if -fuse-cxa-atexit is used*/
  65:/opt/XMClib/XMC_Peripheral_Library_v2.1.16/ThirdPartyLibraries/Newlib/syscalls.c **** void *__dso_handle __attribute__ ((weak));
  66:/opt/XMClib/XMC_Peripheral_Library_v2.1.16/ThirdPartyLibraries/Newlib/syscalls.c **** 
  67:/opt/XMClib/XMC_Peripheral_Library_v2.1.16/ThirdPartyLibraries/Newlib/syscalls.c **** // defined in linker script
  68:/opt/XMClib/XMC_Peripheral_Library_v2.1.16/ThirdPartyLibraries/Newlib/syscalls.c **** extern caddr_t Heap_Bank1_Start;
  69:/opt/XMClib/XMC_Peripheral_Library_v2.1.16/ThirdPartyLibraries/Newlib/syscalls.c **** extern caddr_t Heap_Bank1_End;
  70:/opt/XMClib/XMC_Peripheral_Library_v2.1.16/ThirdPartyLibraries/Newlib/syscalls.c **** caddr_t _sbrk(int nbytes)
  71:/opt/XMClib/XMC_Peripheral_Library_v2.1.16/ThirdPartyLibraries/Newlib/syscalls.c **** {
  27              		.loc 1 71 0
  28              		.cfi_startproc
  29              		@ args = 0, pretend = 0, frame = 0
  30              		@ frame_needed = 0, uses_anonymous_args = 0
  31              	.LVL0:
  32 0000 08B5     		push	{r3, lr}
  33              	.LCFI0:
  34              		.cfi_def_cfa_offset 8
  35              		.cfi_offset 3, -8
  36              		.cfi_offset 14, -4
  37 0002 0346     		mov	r3, r0
  72:/opt/XMClib/XMC_Peripheral_Library_v2.1.16/ThirdPartyLibraries/Newlib/syscalls.c ****   static caddr_t heap_ptr = NULL;
  73:/opt/XMClib/XMC_Peripheral_Library_v2.1.16/ThirdPartyLibraries/Newlib/syscalls.c ****   caddr_t base;
  74:/opt/XMClib/XMC_Peripheral_Library_v2.1.16/ThirdPartyLibraries/Newlib/syscalls.c **** 
  75:/opt/XMClib/XMC_Peripheral_Library_v2.1.16/ThirdPartyLibraries/Newlib/syscalls.c ****   if (heap_ptr == NULL) {
  38              		.loc 1 75 0
  39 0004 0C4A     		ldr	r2, .L7
  40 0006 1268     		ldr	r2, [r2]
  41 0008 5AB1     		cbz	r2, .L6
  42              	.L2:
  76:/opt/XMClib/XMC_Peripheral_Library_v2.1.16/ThirdPartyLibraries/Newlib/syscalls.c ****     heap_ptr = (caddr_t)&Heap_Bank1_Start;
  77:/opt/XMClib/XMC_Peripheral_Library_v2.1.16/ThirdPartyLibraries/Newlib/syscalls.c ****   }
  78:/opt/XMClib/XMC_Peripheral_Library_v2.1.16/ThirdPartyLibraries/Newlib/syscalls.c **** 
  79:/opt/XMClib/XMC_Peripheral_Library_v2.1.16/ThirdPartyLibraries/Newlib/syscalls.c ****   base = heap_ptr;
  43              		.loc 1 79 0
  44 000a 0B4A     		ldr	r2, .L7
  45 000c 1068     		ldr	r0, [r2]
  46              	.LVL1:
  80:/opt/XMClib/XMC_Peripheral_Library_v2.1.16/ThirdPartyLibraries/Newlib/syscalls.c **** 
  81:/opt/XMClib/XMC_Peripheral_Library_v2.1.16/ThirdPartyLibraries/Newlib/syscalls.c ****   /* heap word alignment */
  82:/opt/XMClib/XMC_Peripheral_Library_v2.1.16/ThirdPartyLibraries/Newlib/syscalls.c ****   nbytes = (nbytes + 3) & ~0x3U;
  47              		.loc 1 82 0
  48 000e 0333     		adds	r3, r3, #3
  49              	.LVL2:
  50 0010 23F00303 		bic	r3, r3, #3
  51              	.LVL3:
  83:/opt/XMClib/XMC_Peripheral_Library_v2.1.16/ThirdPartyLibraries/Newlib/syscalls.c ****   if ((caddr_t)&Heap_Bank1_End > (heap_ptr + nbytes))
  52              		.loc 1 83 0
  53 0014 0344     		add	r3, r3, r0
  54              	.LVL4:
  55 0016 094A     		ldr	r2, .L7+4
  56 0018 9342     		cmp	r3, r2
  57 001a 06D2     		bcs	.L3
  84:/opt/XMClib/XMC_Peripheral_Library_v2.1.16/ThirdPartyLibraries/Newlib/syscalls.c ****   {
  85:/opt/XMClib/XMC_Peripheral_Library_v2.1.16/ThirdPartyLibraries/Newlib/syscalls.c ****     heap_ptr += nbytes;
  58              		.loc 1 85 0
  59 001c 064A     		ldr	r2, .L7
  60 001e 1360     		str	r3, [r2]
  61              	.LVL5:
  62              	.L1:
  86:/opt/XMClib/XMC_Peripheral_Library_v2.1.16/ThirdPartyLibraries/Newlib/syscalls.c ****     return (base);
  87:/opt/XMClib/XMC_Peripheral_Library_v2.1.16/ThirdPartyLibraries/Newlib/syscalls.c ****   }
  88:/opt/XMClib/XMC_Peripheral_Library_v2.1.16/ThirdPartyLibraries/Newlib/syscalls.c ****   else
  89:/opt/XMClib/XMC_Peripheral_Library_v2.1.16/ThirdPartyLibraries/Newlib/syscalls.c ****   {
  90:/opt/XMClib/XMC_Peripheral_Library_v2.1.16/ThirdPartyLibraries/Newlib/syscalls.c ****     /* Heap overflow */
  91:/opt/XMClib/XMC_Peripheral_Library_v2.1.16/ThirdPartyLibraries/Newlib/syscalls.c ****     errno = ENOMEM;
  92:/opt/XMClib/XMC_Peripheral_Library_v2.1.16/ThirdPartyLibraries/Newlib/syscalls.c ****     return ((caddr_t)-1);
  93:/opt/XMClib/XMC_Peripheral_Library_v2.1.16/ThirdPartyLibraries/Newlib/syscalls.c ****   }
  94:/opt/XMClib/XMC_Peripheral_Library_v2.1.16/ThirdPartyLibraries/Newlib/syscalls.c **** }
  63              		.loc 1 94 0
  64 0020 08BD     		pop	{r3, pc}
  65              	.LVL6:
  66              	.L6:
  76:/opt/XMClib/XMC_Peripheral_Library_v2.1.16/ThirdPartyLibraries/Newlib/syscalls.c ****   }
  67              		.loc 1 76 0
  68 0022 054A     		ldr	r2, .L7
  69 0024 0649     		ldr	r1, .L7+8
  70 0026 1160     		str	r1, [r2]
  71 0028 EFE7     		b	.L2
  72              	.LVL7:
  73              	.L3:
  91:/opt/XMClib/XMC_Peripheral_Library_v2.1.16/ThirdPartyLibraries/Newlib/syscalls.c ****     return ((caddr_t)-1);
  74              		.loc 1 91 0
  75 002a FFF7FEFF 		bl	__errno
  76              	.LVL8:
  77 002e 0C23     		movs	r3, #12
  78 0030 0360     		str	r3, [r0]
  92:/opt/XMClib/XMC_Peripheral_Library_v2.1.16/ThirdPartyLibraries/Newlib/syscalls.c ****   }
  79              		.loc 1 92 0
  80 0032 4FF0FF30 		mov	r0, #-1
  81 0036 F3E7     		b	.L1
  82              	.L8:
  83              		.align	2
  84              	.L7:
  85 0038 00000000 		.word	.LANCHOR0
  86 003c 00000000 		.word	Heap_Bank1_End
  87 0040 00000000 		.word	Heap_Bank1_Start
  88              		.cfi_endproc
  89              	.LFE0:
  91              		.section	.text._init,"ax",%progbits
  92              		.align	1
  93              		.global	_init
  94              		.syntax unified
  95              		.thumb
  96              		.thumb_func
  97              		.fpu fpv4-sp-d16
  99              	_init:
 100              	.LFB1:
  95:/opt/XMClib/XMC_Peripheral_Library_v2.1.16/ThirdPartyLibraries/Newlib/syscalls.c **** 
  96:/opt/XMClib/XMC_Peripheral_Library_v2.1.16/ThirdPartyLibraries/Newlib/syscalls.c **** /* Init */
  97:/opt/XMClib/XMC_Peripheral_Library_v2.1.16/ThirdPartyLibraries/Newlib/syscalls.c **** void _init(void)
  98:/opt/XMClib/XMC_Peripheral_Library_v2.1.16/ThirdPartyLibraries/Newlib/syscalls.c **** {}
 101              		.loc 1 98 0
 102              		.cfi_startproc
 103              		@ args = 0, pretend = 0, frame = 0
 104              		@ frame_needed = 0, uses_anonymous_args = 0
 105              		@ link register save eliminated.
 106              		.loc 1 98 0
 107 0000 7047     		bx	lr
 108              		.cfi_endproc
 109              	.LFE1:
 111              		.weak	__dso_handle
 112              		.bss
 113              		.align	2
 114              		.set	.LANCHOR0,. + 0
 117              	heap_ptr.5731:
 118 0000 00000000 		.space	4
 121              	__dso_handle:
 122 0004 00000000 		.space	4
 123              		.text
 124              	.Letext0:
 125              		.file 2 "/usr/arm-none-eabi/include/sys/lock.h"
 126              		.file 3 "/usr/arm-none-eabi/include/sys/_types.h"
 127              		.file 4 "/usr/lib/gcc/arm-none-eabi/7.3.1/include/stddef.h"
 128              		.file 5 "/usr/arm-none-eabi/include/sys/reent.h"
 129              		.file 6 "/usr/arm-none-eabi/include/sys/errno.h"
 130              		.file 7 "/usr/arm-none-eabi/include/sys/types.h"
DEFINED SYMBOLS
                            *ABS*:0000000000000000 syscalls.c
     /tmp/ccmKTc39.s:17     .text._sbrk:0000000000000000 $t
     /tmp/ccmKTc39.s:24     .text._sbrk:0000000000000000 _sbrk
     /tmp/ccmKTc39.s:85     .text._sbrk:0000000000000038 $d
     /tmp/ccmKTc39.s:92     .text._init:0000000000000000 $t
     /tmp/ccmKTc39.s:99     .text._init:0000000000000000 _init
     /tmp/ccmKTc39.s:121    .bss:0000000000000004 __dso_handle
     /tmp/ccmKTc39.s:113    .bss:0000000000000000 $d
     /tmp/ccmKTc39.s:117    .bss:0000000000000000 heap_ptr.5731
                           .group:0000000000000000 wm4.0.36326cb9f2f282db52d0a8f4d7f6f490
                           .group:0000000000000000 wm4._newlib_version.h.4.875b979a44719054cd750d0952ad3fd6
                           .group:0000000000000000 wm4.features.h.33.5bd1eea2d80518b50f7af0b5ce6750e0
                           .group:0000000000000000 wm4._default_types.h.15.247e5cd201eca3442cbf5404108c4935
                           .group:0000000000000000 wm4._intsup.h.10.cce27fed8484c08a33f522034c30d2b5
                           .group:0000000000000000 wm4._stdint.h.10.c24fa3af3bc1706662bb5593a907e841
                           .group:0000000000000000 wm4.stdint.h.23.d53047a68f4a85177f80b422d52785ed
                           .group:0000000000000000 wm4.errno.h.2.ba016d646105af6cad23be83630b6a3f
                           .group:0000000000000000 wm4.newlib.h.8.f6e543eac3f2f65163ba2ffe3b04987b
                           .group:0000000000000000 wm4.ieeefp.h.77.220d9cccac42cd58761758bee2df4ce6
                           .group:0000000000000000 wm4.config.h.220.6cac6a9685cfce5e83c17784171638d9
                           .group:0000000000000000 wm4._ansi.h.31.de524f58584151836e90d8620a16f8e8
                           .group:0000000000000000 wm4.stddef.h.39.99b5021e28f91cdb161c889e07266673
                           .group:0000000000000000 wm4.lock.h.2.1461d1fff82dffe8bfddc23307f6484f
                           .group:0000000000000000 wm4._types.h.125.5cf8a495f1f7ef36777ad868a1e32068
                           .group:0000000000000000 wm4.stddef.h.161.5349cb105733e8777bfb0cf53c4e3f34
                           .group:0000000000000000 wm4._types.h.184.03611d4f6b5bec9997bcf4279eceba07
                           .group:0000000000000000 wm4.reent.h.17.90c2574d4acdcfce933db5cb09ff35fe
                           .group:0000000000000000 wm4.errno.h.14.6a5939d3ae7434a1e97991a97123b12d
                           .group:0000000000000000 wm4.cdefs.h.47.14fad0b327eb9dcf106599b738d85132
                           .group:0000000000000000 wm4.types.h.40.e8c16e7ec36ba55f133d0616070e25fc
                           .group:0000000000000000 wm4._endian.h.31.65a10590763c3dde1ac4a7f66d7d4891
                           .group:0000000000000000 wm4.endian.h.9.49f3a4695c1b61e8a0808de3c4a106cb
                           .group:0000000000000000 wm4._timeval.h.30.0e8bfd94e85db17dda3286ee81496fe6
                           .group:0000000000000000 wm4.timespec.h.41.d855182eb0e690443ab8651bcedca6e1
                           .group:0000000000000000 wm4.select.h.19.97ca6fd0c752a0f3b6719fd314d361e6
                           .group:0000000000000000 wm4.types.h.69.ed3eae3cf73030a737515151ebcab7a1
                           .group:0000000000000000 wm4.sched.h.22.c60982713a5c428609783c78f9c78d95
                           .group:0000000000000000 wm4._pthreadtypes.h.36.fcee9961c35163dde6267ef772ad1972

UNDEFINED SYMBOLS
__errno
Heap_Bank1_End
Heap_Bank1_Start
