   1              		.cpu cortex-m4
   2              		.eabi_attribute 27, 1
   3              		.eabi_attribute 20, 1
   4              		.eabi_attribute 21, 1
   5              		.eabi_attribute 23, 3
   6              		.eabi_attribute 24, 1
   7              		.eabi_attribute 25, 1
   8              		.eabi_attribute 26, 1
   9              		.eabi_attribute 30, 1
  10              		.eabi_attribute 34, 1
  11              		.eabi_attribute 18, 4
  12              		.file	"clockSetup.c"
  13              		.text
  14              	.Ltext0:
  15              		.cfi_sections	.debug_frame
  16              		.section	.text.SystemCoreClockSetup,"ax",%progbits
  17              		.align	1
  18              		.global	SystemCoreClockSetup
  19              		.syntax unified
  20              		.thumb
  21              		.thumb_func
  22              		.fpu fpv4-sp-d16
  24              	SystemCoreClockSetup:
  25              	.LFB193:
  26              		.file 1 "clockSetup.c"
   1:clockSetup.c  **** /* Source file for clock setup for XMC projects using USB
   2:clockSetup.c  ****  *
   3:clockSetup.c  ****  * Copyright 2018 TUM
   4:clockSetup.c  ****  * Created: 2018-11-15 Florian Wilde <florian.wilde@tum.de>
   5:clockSetup.c  ****  **************************************************************************************************
   6:clockSetup.c  **** 
   7:clockSetup.c  **** #include "VirtualSerial.h"
   8:clockSetup.c  **** #include "MPUeasy.h"
   9:clockSetup.c  **** 
  10:clockSetup.c  **** /* This function is only weakly declared in system_XMC4500.c so one can simply reimplement it if
  11:clockSetup.c  ****    necessary. The values to use are copied from Infineon's VirtualSerial example. */
  12:clockSetup.c  **** void SystemCoreClockSetup(void) {
  27              		.loc 1 12 0
  28              		.cfi_startproc
  29              		@ args = 0, pretend = 0, frame = 32
  30              		@ frame_needed = 0, uses_anonymous_args = 0
  31 0000 F0B5     		push	{r4, r5, r6, r7, lr}
  32              	.LCFI0:
  33              		.cfi_def_cfa_offset 20
  34              		.cfi_offset 4, -20
  35              		.cfi_offset 5, -16
  36              		.cfi_offset 6, -12
  37              		.cfi_offset 7, -8
  38              		.cfi_offset 14, -4
  39 0002 89B0     		sub	sp, sp, #36
  40              	.LCFI1:
  41              		.cfi_def_cfa_offset 56
  13:clockSetup.c  ****   XMC_SCU_CLOCK_CONFIG_t clock_config = {
  42              		.loc 1 13 0
  43 0004 0025     		movs	r5, #0
  44 0006 0495     		str	r5, [sp, #16]
  45 0008 0595     		str	r5, [sp, #20]
  46 000a 5023     		movs	r3, #80
  47 000c 8DF80C30 		strb	r3, [sp, #12]
  48 0010 0227     		movs	r7, #2
  49 0012 8DF80D70 		strb	r7, [sp, #13]
  50 0016 0426     		movs	r6, #4
  51 0018 8DF80E60 		strb	r6, [sp, #14]
  52 001c 0124     		movs	r4, #1
  53 001e 8DF80F40 		strb	r4, [sp, #15]
  54 0022 8DF81240 		strb	r4, [sp, #18]
  55 0026 4FF48033 		mov	r3, #65536
  56 002a 0693     		str	r3, [sp, #24]
  57 002c 8DF81C40 		strb	r4, [sp, #28]
  58 0030 8DF81D40 		strb	r4, [sp, #29]
  59 0034 8DF81E40 		strb	r4, [sp, #30]
  60 0038 8DF81F40 		strb	r4, [sp, #31]
  14:clockSetup.c  ****     .enable_oschp = true,
  15:clockSetup.c  ****     .calibration_mode = XMC_SCU_CLOCK_FOFI_CALIBRATION_MODE_FACTORY,
  16:clockSetup.c  ****     .syspll_config.p_div = 2,
  17:clockSetup.c  ****     .syspll_config.n_div = 80,
  18:clockSetup.c  ****     .syspll_config.k_div = 4,
  19:clockSetup.c  ****     .syspll_config.mode = XMC_SCU_CLOCK_SYSPLL_MODE_NORMAL,
  20:clockSetup.c  ****     .syspll_config.clksrc = XMC_SCU_CLOCK_SYSPLLCLKSRC_OSCHP,
  21:clockSetup.c  ****     .fsys_clksrc = XMC_SCU_CLOCK_SYSCLKSRC_PLL,
  22:clockSetup.c  ****     .fsys_clkdiv = 1,
  23:clockSetup.c  ****     .fcpu_clkdiv = 1,
  24:clockSetup.c  ****     .fccu_clkdiv = 1,
  25:clockSetup.c  ****     .fperipheral_clkdiv = 1
  26:clockSetup.c  ****     };
  27:clockSetup.c  **** 
  28:clockSetup.c  ****   /* General setup of clock tree with recommended default values, see above */
  29:clockSetup.c  ****   XMC_SCU_CLOCK_Init(&clock_config);
  61              		.loc 1 29 0
  62 003c 03A8     		add	r0, sp, #12
  63 003e FFF7FEFF 		bl	XMC_SCU_CLOCK_Init
  64              	.LVL0:
  30:clockSetup.c  **** 
  31:clockSetup.c  ****   /* Enable clock to USB peripheral */
  32:clockSetup.c  ****   XMC_SCU_CLOCK_EnableUsbPll();
  65              		.loc 1 32 0
  66 0042 FFF7FEFF 		bl	XMC_SCU_CLOCK_EnableUsbPll
  67              	.LVL1:
  33:clockSetup.c  ****   XMC_SCU_CLOCK_StartUsbPll(2, 64);
  68              		.loc 1 33 0
  69 0046 4021     		movs	r1, #64
  70 0048 3846     		mov	r0, r7
  71 004a FFF7FEFF 		bl	XMC_SCU_CLOCK_StartUsbPll
  72              	.LVL2:
  34:clockSetup.c  ****   XMC_SCU_CLOCK_SetUsbClockDivider(4);
  73              		.loc 1 34 0
  74 004e 3046     		mov	r0, r6
  75 0050 FFF7FEFF 		bl	XMC_SCU_CLOCK_SetUsbClockDivider
  76              	.LVL3:
  35:clockSetup.c  ****   XMC_SCU_CLOCK_SetUsbClockSource(XMC_SCU_CLOCK_USBCLKSRC_USBPLL);
  77              		.loc 1 35 0
  78 0054 2846     		mov	r0, r5
  79 0056 FFF7FEFF 		bl	XMC_SCU_CLOCK_SetUsbClockSource
  80              	.LVL4:
  36:clockSetup.c  ****   XMC_SCU_CLOCK_EnableClock(XMC_SCU_CLOCK_USB);
  81              		.loc 1 36 0
  82 005a 2046     		mov	r0, r4
  83 005c FFF7FEFF 		bl	XMC_SCU_CLOCK_EnableClock
  84              	.LVL5:
  37:clockSetup.c  **** 
  38:clockSetup.c  ****   /* Update clock status information */
  39:clockSetup.c  ****   SystemCoreClockUpdate();
  85              		.loc 1 39 0
  86 0060 FFF7FEFF 		bl	SystemCoreClockUpdate
  87              	.LVL6:
  40:clockSetup.c  **** 
  41:clockSetup.c  ****   /* Secretly activate MPU without calling any function with telltale name */
  42:clockSetup.c  ****   MPUconfig_t Stack = \
  88              		.loc 1 42 0
  89 0064 084A     		ldr	r2, .L3
  90 0066 6B46     		mov	r3, sp
  91 0068 07CA     		ldm	r2, {r0, r1, r2}
  92 006a 83E80700 		stm	r3, {r0, r1, r2}
  43:clockSetup.c  ****     {.baseAddress=(void *) 0x10000000, .size=16, .priority=1, \
  44:clockSetup.c  ****      .permissions=MPUeasyENABLEREGION | MPUeasyXN | MPUeasy_RW_RW};
  45:clockSetup.c  ****   configMPU(Stack);
  93              		.loc 1 45 0
  94 006e FFF7FEFF 		bl	configMPU
  95              	.LVL7:
  46:clockSetup.c  ****   enableMPU(1);
  96              		.loc 1 46 0
  97 0072 2046     		mov	r0, r4
  98 0074 FFF7FEFF 		bl	enableMPU
  99              	.LVL8:
  47:clockSetup.c  **** 
  48:clockSetup.c  ****   /* Pull P2.10 low to allow the ESS control board to recognize if a system reset was initiated. */
  49:clockSetup.c  ****   *((uint32_t *) (0x48028200+0x18)) |= 0x18<<19; /* set P2.10 as open-drain output */
 100              		.loc 1 49 0
 101 0078 044A     		ldr	r2, .L3+4
 102 007a 1368     		ldr	r3, [r2]
 103 007c 43F44003 		orr	r3, r3, #12582912
 104 0080 1360     		str	r3, [r2]
  50:clockSetup.c  **** }
 105              		.loc 1 50 0
 106 0082 09B0     		add	sp, sp, #36
 107              	.LCFI2:
 108              		.cfi_def_cfa_offset 20
 109              		@ sp needed
 110 0084 F0BD     		pop	{r4, r5, r6, r7, pc}
 111              	.L4:
 112 0086 00BF     		.align	2
 113              	.L3:
 114 0088 00000000 		.word	.LANCHOR0
 115 008c 18820248 		.word	1208123928
 116              		.cfi_endproc
 117              	.LFE193:
 119              		.section	.text.HardFault_Handler,"ax",%progbits
 120              		.align	1
 121              		.global	HardFault_Handler
 122              		.syntax unified
 123              		.thumb
 124              		.thumb_func
 125              		.fpu fpv4-sp-d16
 127              	HardFault_Handler:
 128              	.LFB194:
  51:clockSetup.c  **** 
  52:clockSetup.c  **** /* Add individual handlers so students can recognize in which exception they are trapped */
  53:clockSetup.c  **** void HardFault_Handler(void) {
 129              		.loc 1 53 0
 130              		.cfi_startproc
 131              		@ Volatile: function does not return.
 132              		@ args = 0, pretend = 0, frame = 0
 133              		@ frame_needed = 0, uses_anonymous_args = 0
 134              		@ link register save eliminated.
 135              	.L6:
 136 0000 FEE7     		b	.L6
 137              		.cfi_endproc
 138              	.LFE194:
 140              		.section	.text.BusFault_Handler,"ax",%progbits
 141              		.align	1
 142              		.global	BusFault_Handler
 143              		.syntax unified
 144              		.thumb
 145              		.thumb_func
 146              		.fpu fpv4-sp-d16
 148              	BusFault_Handler:
 149              	.LFB195:
  54:clockSetup.c  ****   while(1);
  55:clockSetup.c  **** }
  56:clockSetup.c  **** 
  57:clockSetup.c  **** void BusFault_Handler(void) {
 150              		.loc 1 57 0
 151              		.cfi_startproc
 152              		@ Volatile: function does not return.
 153              		@ args = 0, pretend = 0, frame = 0
 154              		@ frame_needed = 0, uses_anonymous_args = 0
 155              		@ link register save eliminated.
 156              	.L8:
 157 0000 FEE7     		b	.L8
 158              		.cfi_endproc
 159              	.LFE195:
 161              		.section	.text.UsageFault_Handler,"ax",%progbits
 162              		.align	1
 163              		.global	UsageFault_Handler
 164              		.syntax unified
 165              		.thumb
 166              		.thumb_func
 167              		.fpu fpv4-sp-d16
 169              	UsageFault_Handler:
 170              	.LFB196:
  58:clockSetup.c  ****   while(1);
  59:clockSetup.c  **** }
  60:clockSetup.c  **** 
  61:clockSetup.c  **** void UsageFault_Handler(void) {
 171              		.loc 1 61 0
 172              		.cfi_startproc
 173              		@ Volatile: function does not return.
 174              		@ args = 0, pretend = 0, frame = 0
 175              		@ frame_needed = 0, uses_anonymous_args = 0
 176              		@ link register save eliminated.
 177              	.L10:
 178 0000 FEE7     		b	.L10
 179              		.cfi_endproc
 180              	.LFE196:
 182              		.section	.rodata
 183              		.align	2
 184              		.set	.LANCHOR0,. + 0
 185              	.LC0:
 186 0000 00000010 		.word	268435456
 187 0004 93000000 		.word	147
 188 0008 10       		.byte	16
 189 0009 01       		.byte	1
 190 000a 0000     		.space	2
 191              		.text
 192              	.Letext0:
 193              		.file 2 "/usr/arm-none-eabi/include/machine/_default_types.h"
 194              		.file 3 "/usr/arm-none-eabi/include/sys/_stdint.h"
 195              		.file 4 "/usr/arm-none-eabi/include/sys/lock.h"
 196              		.file 5 "/usr/arm-none-eabi/include/sys/_types.h"
 197              		.file 6 "/usr/lib/gcc/arm-none-eabi/7.3.1/include/stddef.h"
 198              		.file 7 "/usr/arm-none-eabi/include/sys/reent.h"
 199              		.file 8 "/opt/XMClib/XMC_Peripheral_Library_v2.1.16/CMSIS/Include/core_cm4.h"
 200              		.file 9 "/opt/XMClib/XMC_Peripheral_Library_v2.1.16/CMSIS/Infineon/XMC4500_series/Include/system_X
 201              		.file 10 "/opt/XMClib/XMC_Peripheral_Library_v2.1.16/CMSIS/Infineon/XMC4500_series/Include/XMC4500
 202              		.file 11 "/usr/arm-none-eabi/include/stdlib.h"
 203              		.file 12 "/opt/XMClib/XMC_Peripheral_Library_v2.1.16/XMCLib/inc/xmc_usbd_regs.h"
 204              		.file 13 "/opt/XMClib/XMC_Peripheral_Library_v2.1.16/XMCLib/inc/xmc4_scu.h"
 205              		.file 14 "/opt/XMClib/XMC_Peripheral_Library_v2.1.16/XMCLib/inc/xmc_usbd.h"
 206              		.file 15 "/opt/XMClib/XMC_Peripheral_Library_v2.1.16/ThirdPartyLibraries/USBlib/USB/Core/XMC4000/U
 207              		.file 16 "/opt/XMClib/XMC_Peripheral_Library_v2.1.16/ThirdPartyLibraries/USBlib/USB/Core/XMC4000/.
 208              		.file 17 "/opt/XMClib/XMC_Peripheral_Library_v2.1.16/ThirdPartyLibraries/USBlib/USB/Core/XMC4000/.
 209              		.file 18 "/opt/XMClib/XMC_Peripheral_Library_v2.1.16/ThirdPartyLibraries/USBlib/USB/Core/XMC4000/.
 210              		.file 19 "/opt/XMClib/XMC_Peripheral_Library_v2.1.16/ThirdPartyLibraries/USBlib/USB/Core/USBTask.h
 211              		.file 20 "/opt/XMClib/XMC_Peripheral_Library_v2.1.16/ThirdPartyLibraries/USBlib/USB/Class/Device/.
 212              		.file 21 "/opt/XMClib/XMC_Peripheral_Library_v2.1.16/ThirdPartyLibraries/USBlib/USB/Class/Device/C
 213              		.file 22 "VirtualSerial.h"
 214              		.file 23 "MPUeasy.h"
 215              		.file 24 "/opt/XMClib/XMC_Peripheral_Library_v2.1.16/XMCLib/inc/xmc_scu.h"
DEFINED SYMBOLS
                            *ABS*:0000000000000000 clockSetup.c
     /tmp/ccuMw6Uk.s:17     .text.SystemCoreClockSetup:0000000000000000 $t
     /tmp/ccuMw6Uk.s:24     .text.SystemCoreClockSetup:0000000000000000 SystemCoreClockSetup
     /tmp/ccuMw6Uk.s:114    .text.SystemCoreClockSetup:0000000000000088 $d
     /tmp/ccuMw6Uk.s:120    .text.HardFault_Handler:0000000000000000 $t
     /tmp/ccuMw6Uk.s:127    .text.HardFault_Handler:0000000000000000 HardFault_Handler
     /tmp/ccuMw6Uk.s:141    .text.BusFault_Handler:0000000000000000 $t
     /tmp/ccuMw6Uk.s:148    .text.BusFault_Handler:0000000000000000 BusFault_Handler
     /tmp/ccuMw6Uk.s:162    .text.UsageFault_Handler:0000000000000000 $t
     /tmp/ccuMw6Uk.s:169    .text.UsageFault_Handler:0000000000000000 UsageFault_Handler
     /tmp/ccuMw6Uk.s:183    .rodata:0000000000000000 $d
                           .group:0000000000000000 wm4.0.36326cb9f2f282db52d0a8f4d7f6f490
                           .group:0000000000000000 wm4.USB.h.376.cfdb9ecb25c70fec676f585dede264a7
                           .group:0000000000000000 wm4.Common.h.60.c2f00e237f5994003db83c2422602b22
                           .group:0000000000000000 wm4._newlib_version.h.4.875b979a44719054cd750d0952ad3fd6
                           .group:0000000000000000 wm4.features.h.33.5bd1eea2d80518b50f7af0b5ce6750e0
                           .group:0000000000000000 wm4._default_types.h.15.247e5cd201eca3442cbf5404108c4935
                           .group:0000000000000000 wm4._intsup.h.10.cce27fed8484c08a33f522034c30d2b5
                           .group:0000000000000000 wm4._stdint.h.10.c24fa3af3bc1706662bb5593a907e841
                           .group:0000000000000000 wm4.stdint.h.23.d53047a68f4a85177f80b422d52785ed
                           .group:0000000000000000 wm4.stdbool.h.29.07dce69c3b78884144b7f7bd19483461
                           .group:0000000000000000 wm4.newlib.h.8.f6e543eac3f2f65163ba2ffe3b04987b
                           .group:0000000000000000 wm4.ieeefp.h.77.220d9cccac42cd58761758bee2df4ce6
                           .group:0000000000000000 wm4.config.h.220.6cac6a9685cfce5e83c17784171638d9
                           .group:0000000000000000 wm4._ansi.h.31.de524f58584151836e90d8620a16f8e8
                           .group:0000000000000000 wm4.stddef.h.39.99b5021e28f91cdb161c889e07266673
                           .group:0000000000000000 wm4.lock.h.2.1461d1fff82dffe8bfddc23307f6484f
                           .group:0000000000000000 wm4._types.h.125.5cf8a495f1f7ef36777ad868a1e32068
                           .group:0000000000000000 wm4.stddef.h.161.5349cb105733e8777bfb0cf53c4e3f34
                           .group:0000000000000000 wm4._types.h.184.03611d4f6b5bec9997bcf4279eceba07
                           .group:0000000000000000 wm4.reent.h.17.90c2574d4acdcfce933db5cb09ff35fe
                           .group:0000000000000000 wm4.cdefs.h.47.14fad0b327eb9dcf106599b738d85132
                           .group:0000000000000000 wm4.string.h.15.dab3980bf35408a4c507182805e2de3a
                           .group:0000000000000000 wm4.stddef.h.161.19e15733342b50ead2919490b095303e
                           .group:0000000000000000 wm4.BoardTypes.h.52.ca64813ccee737bcc2115eab5e075fdb
                           .group:0000000000000000 wm4.CompilerSpecific.h.55.4a5e5ff77cd35e49c89cf2115251aee0
                           .group:0000000000000000 wm4.Attributes.h.56.73b3ee26b0836c2dec569a5fa6f1b355
                           .group:0000000000000000 wm4.xmc_device.h.61.ba2d082e12f51240746cffdd60d42b81
                           .group:0000000000000000 wm4.XMC4500.h.55.9aa45b9b5790506b2dcb963e4e7adeaf
                           .group:0000000000000000 wm4.core_cm4.h.32.6c6eb1c8daeca23ce7ba79c8e8120d52
                           .group:0000000000000000 wm4.cmsis_gcc.h.26.91b63349961c35637933e4fba51b867b
                           .group:0000000000000000 wm4.core_cm4.h.172.fdd5a388a160bb6ff767b7d7ee212268
                           .group:0000000000000000 wm4.system_XMC4500.h.42.99124977c10ca8844a71949adbeabd70
                           .group:0000000000000000 wm4.XMC4500.h.208.b340195df97f067735c4c769ba59985a
                           .group:0000000000000000 wm4.xmc_device.h.1460.8860499b404961ffcfbb8d1fefcb2146
                           .group:0000000000000000 wm4.xmc_common.h.92.3f4336a80569affab05a81145b87c2fc
                           .group:0000000000000000 wm4.Endianness.h.57.3ac00c5468f4b91b806a0e6dba047e9c
                           .group:0000000000000000 wm4.Common.h.105.4b937a9cc9dcdb26c3f07541b0b763a8
                           .group:0000000000000000 wm4.USBController.h.49.cbfc73805155b6fff6267400af3f4eec
                           .group:0000000000000000 wm4.stdlib.h.13.4ed386f5c1a80d71e72172885d946ef2
                           .group:0000000000000000 wm4.alloca.h.8.dfc0c703c47ec3e69746825b17d9e66d
                           .group:0000000000000000 wm4.stdlib.h.56.d4493cd3736e51e9d56335045f26df45
                           .group:0000000000000000 wm4.xmc_usbd_regs.h.80.57c6c85fa0ecbc9f8327ce445aebb9bc
                           .group:0000000000000000 wm4.xmc4_scu.h.83.0449f5880ac071460ec1a8072311ea51
                           .group:0000000000000000 wm4.xmc_usbd.h.122.ce57a9e6a9da48ee33ece02813c49593
                           .group:0000000000000000 wm4.USBController_XMC4000.h.71.902f2653e09cb8b25245faa82cc6b907
                           .group:0000000000000000 wm4.StdDescriptors.h.73.7d17e8be7a73b855fc0f8827303b7597
                           .group:0000000000000000 wm4.Endpoint.h.73.3734de3e84ab23fb43d81f41fba620ec
                           .group:0000000000000000 wm4.Device_XMC4000.h.86.6803bdd99d84e764a570256c87a24d0a
                           .group:0000000000000000 wm4.StdRequestType.h.50.461dce94a3ee1fa9ff31ec5f28bd9699
                           .group:0000000000000000 wm4.ConfigDescriptors.h.51.0d67ebf453774188abf5a503ba8f6735
                           .group:0000000000000000 wm4.CDCClass.h.61.0d41ba255f7ce6f076fd610d8396dd1f
                           .group:0000000000000000 wm4.CDCClassCommon.h.72.14ca578d8547e19a8a0c0d2d328483bd
                           .group:0000000000000000 wm4.stdio.h.27.3fc80220048df77954e38daec3bb9670
                           .group:0000000000000000 wm4.stdarg.h.34.3a23a216c0c293b3d2ea2e89281481e6
                           .group:0000000000000000 wm4.types.h.40.e8c16e7ec36ba55f133d0616070e25fc
                           .group:0000000000000000 wm4._endian.h.31.65a10590763c3dde1ac4a7f66d7d4891
                           .group:0000000000000000 wm4.endian.h.9.49f3a4695c1b61e8a0808de3c4a106cb
                           .group:0000000000000000 wm4._timeval.h.30.0e8bfd94e85db17dda3286ee81496fe6
                           .group:0000000000000000 wm4.timespec.h.41.d855182eb0e690443ab8651bcedca6e1
                           .group:0000000000000000 wm4.select.h.19.97ca6fd0c752a0f3b6719fd314d361e6
                           .group:0000000000000000 wm4.types.h.69.ed3eae3cf73030a737515151ebcab7a1
                           .group:0000000000000000 wm4.sched.h.22.c60982713a5c428609783c78f9c78d95
                           .group:0000000000000000 wm4._pthreadtypes.h.36.fcee9961c35163dde6267ef772ad1972
                           .group:0000000000000000 wm4.stdio.h.2.4aa87247282eca6c8f36f9de33d8df1a
                           .group:0000000000000000 wm4.stdio.h.81.932d0c162786b883f622b8d05c120c78
                           .group:0000000000000000 wm4.HIDClass.h.62.6bb32c59177b21a83b8e65c5a1b0a615
                           .group:0000000000000000 wm4.HIDReportData.h.47.f13f4956396e0bec70835fe634fcc24d
                           .group:0000000000000000 wm4.HIDParser.h.88.4b86fe94cb8d01713592cdd0391b606b
                           .group:0000000000000000 wm4.HIDClassCommon.h.71.a60cdf9d7cd69289f43dde215b509193
                           .group:0000000000000000 wm4.MassStorageClass.h.61.e9235f3bd090b77f36343f082ef93107
                           .group:0000000000000000 wm4.MassStorageClassCommon.h.51.6aefecf288eb3c3c6c9bde61e26dd765
                           .group:0000000000000000 wm4.Descriptors.h.44.84a4fd312957d0d42fb6aaa001850ba4
                           .group:0000000000000000 wm4.MPUeasy.h.9.38db277834aa83585a0ea3fb277de25f

UNDEFINED SYMBOLS
XMC_SCU_CLOCK_Init
XMC_SCU_CLOCK_EnableUsbPll
XMC_SCU_CLOCK_StartUsbPll
XMC_SCU_CLOCK_SetUsbClockDivider
XMC_SCU_CLOCK_SetUsbClockSource
XMC_SCU_CLOCK_EnableClock
SystemCoreClockUpdate
configMPU
enableMPU
