   1              		.cpu cortex-m4
   2              		.eabi_attribute 27, 1
   3              		.eabi_attribute 20, 1
   4              		.eabi_attribute 21, 1
   5              		.eabi_attribute 23, 3
   6              		.eabi_attribute 24, 1
   7              		.eabi_attribute 25, 1
   8              		.eabi_attribute 26, 1
   9              		.eabi_attribute 30, 6
  10              		.eabi_attribute 34, 1
  11              		.eabi_attribute 18, 4
  12              		.file	"example_project.c"
  13              		.text
  14              	.Ltext0:
  15              		.cfi_sections	.debug_frame
  16              		.section	.text.XMC_GPIO_ToggleOutput,"ax",%progbits
  17              		.align	1
  18              		.syntax unified
  19              		.thumb
  20              		.thumb_func
  21              		.fpu fpv4-sp-d16
  23              	XMC_GPIO_ToggleOutput:
  24              	.LFB132:
  25              		.file 1 "/opt/XMClib/XMC_Peripheral_Library_v2.1.16/XMCLib/inc/xmc_gpio.h"
   1:/opt/XMClib/XMC_Peripheral_Library_v2.1.16/XMCLib/inc/xmc_gpio.h **** /**
   2:/opt/XMClib/XMC_Peripheral_Library_v2.1.16/XMCLib/inc/xmc_gpio.h ****  * @file xmc_gpio.h
   3:/opt/XMClib/XMC_Peripheral_Library_v2.1.16/XMCLib/inc/xmc_gpio.h ****  * @date 2015-06-20
   4:/opt/XMClib/XMC_Peripheral_Library_v2.1.16/XMCLib/inc/xmc_gpio.h ****  *
   5:/opt/XMClib/XMC_Peripheral_Library_v2.1.16/XMCLib/inc/xmc_gpio.h ****  * @cond
   6:/opt/XMClib/XMC_Peripheral_Library_v2.1.16/XMCLib/inc/xmc_gpio.h ****  **************************************************************************************************
   7:/opt/XMClib/XMC_Peripheral_Library_v2.1.16/XMCLib/inc/xmc_gpio.h ****  * XMClib v2.1.16 - XMC Peripheral Driver Library 
   8:/opt/XMClib/XMC_Peripheral_Library_v2.1.16/XMCLib/inc/xmc_gpio.h ****  *
   9:/opt/XMClib/XMC_Peripheral_Library_v2.1.16/XMCLib/inc/xmc_gpio.h ****  * Copyright (c) 2015-2017, Infineon Technologies AG
  10:/opt/XMClib/XMC_Peripheral_Library_v2.1.16/XMCLib/inc/xmc_gpio.h ****  * All rights reserved.                        
  11:/opt/XMClib/XMC_Peripheral_Library_v2.1.16/XMCLib/inc/xmc_gpio.h ****  *                                             
  12:/opt/XMClib/XMC_Peripheral_Library_v2.1.16/XMCLib/inc/xmc_gpio.h ****  * Redistribution and use in source and binary forms, with or without modification,are permitted pr
  13:/opt/XMClib/XMC_Peripheral_Library_v2.1.16/XMCLib/inc/xmc_gpio.h ****  * following conditions are met:   
  14:/opt/XMClib/XMC_Peripheral_Library_v2.1.16/XMCLib/inc/xmc_gpio.h ****  *                                                                              
  15:/opt/XMClib/XMC_Peripheral_Library_v2.1.16/XMCLib/inc/xmc_gpio.h ****  * Redistributions of source code must retain the above copyright notice, this list of conditions a
  16:/opt/XMClib/XMC_Peripheral_Library_v2.1.16/XMCLib/inc/xmc_gpio.h ****  * disclaimer.                        
  17:/opt/XMClib/XMC_Peripheral_Library_v2.1.16/XMCLib/inc/xmc_gpio.h ****  * 
  18:/opt/XMClib/XMC_Peripheral_Library_v2.1.16/XMCLib/inc/xmc_gpio.h ****  * Redistributions in binary form must reproduce the above copyright notice, this list of condition
  19:/opt/XMClib/XMC_Peripheral_Library_v2.1.16/XMCLib/inc/xmc_gpio.h ****  * disclaimer in the documentation and/or other materials provided with the distribution.          
  20:/opt/XMClib/XMC_Peripheral_Library_v2.1.16/XMCLib/inc/xmc_gpio.h ****  * 
  21:/opt/XMClib/XMC_Peripheral_Library_v2.1.16/XMCLib/inc/xmc_gpio.h ****  * Neither the name of the copyright holders nor the names of its contributors may be used to endor
  22:/opt/XMClib/XMC_Peripheral_Library_v2.1.16/XMCLib/inc/xmc_gpio.h ****  * products derived from this software without specific prior written permission.                  
  23:/opt/XMClib/XMC_Peripheral_Library_v2.1.16/XMCLib/inc/xmc_gpio.h ****  *                                                                              
  24:/opt/XMClib/XMC_Peripheral_Library_v2.1.16/XMCLib/inc/xmc_gpio.h ****  * THIS SOFTWARE IS PROVIDED BY THE COPYRIGHT HOLDERS AND CONTRIBUTORS "AS IS" AND ANY EXPRESS OR I
  25:/opt/XMClib/XMC_Peripheral_Library_v2.1.16/XMCLib/inc/xmc_gpio.h ****  * INCLUDING, BUT NOT LIMITED TO, THE IMPLIED WARRANTIES OF MERCHANTABILITY AND FITNESS FOR A PARTI
  26:/opt/XMClib/XMC_Peripheral_Library_v2.1.16/XMCLib/inc/xmc_gpio.h ****  * DISCLAIMED. IN NO EVENT SHALL THE COPYRIGHT HOLDER OR CONTRIBUTORS BE LIABLE  FOR ANY DIRECT, IN
  27:/opt/XMClib/XMC_Peripheral_Library_v2.1.16/XMCLib/inc/xmc_gpio.h ****  * SPECIAL, EXEMPLARY, OR CONSEQUENTIAL DAMAGES (INCLUDING, BUT NOT LIMITED TO, PROCUREMENT OF SUBS
  28:/opt/XMClib/XMC_Peripheral_Library_v2.1.16/XMCLib/inc/xmc_gpio.h ****  * SERVICES; LOSS OF USE, DATA, OR PROFITS; OR BUSINESS INTERRUPTION) HOWEVER CAUSED AND ON ANY THE
  29:/opt/XMClib/XMC_Peripheral_Library_v2.1.16/XMCLib/inc/xmc_gpio.h ****  * WHETHER IN CONTRACT, STRICT LIABILITY,OR TORT (INCLUDING NEGLIGENCE OR OTHERWISE) ARISING IN ANY
  30:/opt/XMClib/XMC_Peripheral_Library_v2.1.16/XMCLib/inc/xmc_gpio.h ****  * OF THIS SOFTWARE, EVEN IF ADVISED OF THE POSSIBILITY OF SUCH DAMAGE.                            
  31:/opt/XMClib/XMC_Peripheral_Library_v2.1.16/XMCLib/inc/xmc_gpio.h ****  *                                                                              
  32:/opt/XMClib/XMC_Peripheral_Library_v2.1.16/XMCLib/inc/xmc_gpio.h ****  * To improve the quality of the software, users are encouraged to share modifications, enhancement
  33:/opt/XMClib/XMC_Peripheral_Library_v2.1.16/XMCLib/inc/xmc_gpio.h ****  * Infineon Technologies AG dave@infineon.com).                                                    
  34:/opt/XMClib/XMC_Peripheral_Library_v2.1.16/XMCLib/inc/xmc_gpio.h ****  **************************************************************************************************
  35:/opt/XMClib/XMC_Peripheral_Library_v2.1.16/XMCLib/inc/xmc_gpio.h ****  *
  36:/opt/XMClib/XMC_Peripheral_Library_v2.1.16/XMCLib/inc/xmc_gpio.h ****  * Change History
  37:/opt/XMClib/XMC_Peripheral_Library_v2.1.16/XMCLib/inc/xmc_gpio.h ****  * --------------
  38:/opt/XMClib/XMC_Peripheral_Library_v2.1.16/XMCLib/inc/xmc_gpio.h ****  *
  39:/opt/XMClib/XMC_Peripheral_Library_v2.1.16/XMCLib/inc/xmc_gpio.h ****  * 2015-02-20:
  40:/opt/XMClib/XMC_Peripheral_Library_v2.1.16/XMCLib/inc/xmc_gpio.h ****  *     - Initial draft<br>
  41:/opt/XMClib/XMC_Peripheral_Library_v2.1.16/XMCLib/inc/xmc_gpio.h ****  *     - Documentation improved <br>
  42:/opt/XMClib/XMC_Peripheral_Library_v2.1.16/XMCLib/inc/xmc_gpio.h ****  *      
  43:/opt/XMClib/XMC_Peripheral_Library_v2.1.16/XMCLib/inc/xmc_gpio.h ****  * 2015-06-20:
  44:/opt/XMClib/XMC_Peripheral_Library_v2.1.16/XMCLib/inc/xmc_gpio.h ****  *     - Removed version macros and declaration of GetDriverVersion API
  45:/opt/XMClib/XMC_Peripheral_Library_v2.1.16/XMCLib/inc/xmc_gpio.h ****  *
  46:/opt/XMClib/XMC_Peripheral_Library_v2.1.16/XMCLib/inc/xmc_gpio.h ****  * @endcond
  47:/opt/XMClib/XMC_Peripheral_Library_v2.1.16/XMCLib/inc/xmc_gpio.h ****  *
  48:/opt/XMClib/XMC_Peripheral_Library_v2.1.16/XMCLib/inc/xmc_gpio.h ****  */
  49:/opt/XMClib/XMC_Peripheral_Library_v2.1.16/XMCLib/inc/xmc_gpio.h **** 
  50:/opt/XMClib/XMC_Peripheral_Library_v2.1.16/XMCLib/inc/xmc_gpio.h **** #ifndef XMC_GPIO_H
  51:/opt/XMClib/XMC_Peripheral_Library_v2.1.16/XMCLib/inc/xmc_gpio.h **** #define XMC_GPIO_H
  52:/opt/XMClib/XMC_Peripheral_Library_v2.1.16/XMCLib/inc/xmc_gpio.h **** 
  53:/opt/XMClib/XMC_Peripheral_Library_v2.1.16/XMCLib/inc/xmc_gpio.h **** /**************************************************************************************************
  54:/opt/XMClib/XMC_Peripheral_Library_v2.1.16/XMCLib/inc/xmc_gpio.h ****  * HEADER FILES
  55:/opt/XMClib/XMC_Peripheral_Library_v2.1.16/XMCLib/inc/xmc_gpio.h ****  **************************************************************************************************
  56:/opt/XMClib/XMC_Peripheral_Library_v2.1.16/XMCLib/inc/xmc_gpio.h **** 
  57:/opt/XMClib/XMC_Peripheral_Library_v2.1.16/XMCLib/inc/xmc_gpio.h **** #include "xmc_common.h"
  58:/opt/XMClib/XMC_Peripheral_Library_v2.1.16/XMCLib/inc/xmc_gpio.h **** 
  59:/opt/XMClib/XMC_Peripheral_Library_v2.1.16/XMCLib/inc/xmc_gpio.h **** /**
  60:/opt/XMClib/XMC_Peripheral_Library_v2.1.16/XMCLib/inc/xmc_gpio.h ****  * @addtogroup XMClib XMC Peripheral Library
  61:/opt/XMClib/XMC_Peripheral_Library_v2.1.16/XMCLib/inc/xmc_gpio.h ****  * @{
  62:/opt/XMClib/XMC_Peripheral_Library_v2.1.16/XMCLib/inc/xmc_gpio.h ****  */
  63:/opt/XMClib/XMC_Peripheral_Library_v2.1.16/XMCLib/inc/xmc_gpio.h **** 
  64:/opt/XMClib/XMC_Peripheral_Library_v2.1.16/XMCLib/inc/xmc_gpio.h **** /**
  65:/opt/XMClib/XMC_Peripheral_Library_v2.1.16/XMCLib/inc/xmc_gpio.h ****  * @addtogroup GPIO
  66:/opt/XMClib/XMC_Peripheral_Library_v2.1.16/XMCLib/inc/xmc_gpio.h ****  * @brief General Purpose Input Output (GPIO) driver for the XMC microcontroller family.
  67:/opt/XMClib/XMC_Peripheral_Library_v2.1.16/XMCLib/inc/xmc_gpio.h ****  *
  68:/opt/XMClib/XMC_Peripheral_Library_v2.1.16/XMCLib/inc/xmc_gpio.h ****  * GPIO driver provide a generic and very flexible software interface for all standard digital I/O 
  69:/opt/XMClib/XMC_Peripheral_Library_v2.1.16/XMCLib/inc/xmc_gpio.h ****  * Each port slice has individual interfaces for the operation as General Purpose I/O and it furthe
  70:/opt/XMClib/XMC_Peripheral_Library_v2.1.16/XMCLib/inc/xmc_gpio.h ****  * connectivity to the on-chip periphery and the control for the pad characteristics. 
  71:/opt/XMClib/XMC_Peripheral_Library_v2.1.16/XMCLib/inc/xmc_gpio.h ****  *
  72:/opt/XMClib/XMC_Peripheral_Library_v2.1.16/XMCLib/inc/xmc_gpio.h ****  * The driver is divided into Input and Output mode.
  73:/opt/XMClib/XMC_Peripheral_Library_v2.1.16/XMCLib/inc/xmc_gpio.h ****  *
  74:/opt/XMClib/XMC_Peripheral_Library_v2.1.16/XMCLib/inc/xmc_gpio.h ****  * Input mode features:
  75:/opt/XMClib/XMC_Peripheral_Library_v2.1.16/XMCLib/inc/xmc_gpio.h ****  * -# Configuration structure XMC_GPIO_CONFIG_t and initialization function XMC_GPIO_Init()
  76:/opt/XMClib/XMC_Peripheral_Library_v2.1.16/XMCLib/inc/xmc_gpio.h ****  * -# Allows the selection of weak pull-up or pull-down device. Configuration structure XMC_GPIO_MO
  77:/opt/XMClib/XMC_Peripheral_Library_v2.1.16/XMCLib/inc/xmc_gpio.h ****  * \if XMC1
  78:/opt/XMClib/XMC_Peripheral_Library_v2.1.16/XMCLib/inc/xmc_gpio.h ****  * -# Allows the selection of input hysteresis. XMC_GPIO_SetInputHysteresis()
  79:/opt/XMClib/XMC_Peripheral_Library_v2.1.16/XMCLib/inc/xmc_gpio.h ****  * \endif
  80:/opt/XMClib/XMC_Peripheral_Library_v2.1.16/XMCLib/inc/xmc_gpio.h ****  *
  81:/opt/XMClib/XMC_Peripheral_Library_v2.1.16/XMCLib/inc/xmc_gpio.h ****  * 
  82:/opt/XMClib/XMC_Peripheral_Library_v2.1.16/XMCLib/inc/xmc_gpio.h ****  * Output mode features:
  83:/opt/XMClib/XMC_Peripheral_Library_v2.1.16/XMCLib/inc/xmc_gpio.h ****  * -# Allows the selection of push pull/open drain and Alternate output. Configuration structure XM
  84:/opt/XMClib/XMC_Peripheral_Library_v2.1.16/XMCLib/inc/xmc_gpio.h ****  * \if XMC4
  85:/opt/XMClib/XMC_Peripheral_Library_v2.1.16/XMCLib/inc/xmc_gpio.h ****  * -# Allows the selection of pad driver strength. Configuration structure XMC_GPIO_OUTPUT_STRENGTH
  86:/opt/XMClib/XMC_Peripheral_Library_v2.1.16/XMCLib/inc/xmc_gpio.h ****  * \endif
  87:/opt/XMClib/XMC_Peripheral_Library_v2.1.16/XMCLib/inc/xmc_gpio.h ****  *
  88:/opt/XMClib/XMC_Peripheral_Library_v2.1.16/XMCLib/inc/xmc_gpio.h ****  * -# Allows the selection of initial output level. Configuration structure XMC_GPIO_OUTPUT_LEVEL_t
  89:/opt/XMClib/XMC_Peripheral_Library_v2.1.16/XMCLib/inc/xmc_gpio.h ****  *
  90:/opt/XMClib/XMC_Peripheral_Library_v2.1.16/XMCLib/inc/xmc_gpio.h ****  *@{
  91:/opt/XMClib/XMC_Peripheral_Library_v2.1.16/XMCLib/inc/xmc_gpio.h ****  */
  92:/opt/XMClib/XMC_Peripheral_Library_v2.1.16/XMCLib/inc/xmc_gpio.h ****  
  93:/opt/XMClib/XMC_Peripheral_Library_v2.1.16/XMCLib/inc/xmc_gpio.h **** /**************************************************************************************************
  94:/opt/XMClib/XMC_Peripheral_Library_v2.1.16/XMCLib/inc/xmc_gpio.h ****  * MACROS
  95:/opt/XMClib/XMC_Peripheral_Library_v2.1.16/XMCLib/inc/xmc_gpio.h ****  **************************************************************************************************
  96:/opt/XMClib/XMC_Peripheral_Library_v2.1.16/XMCLib/inc/xmc_gpio.h **** 
  97:/opt/XMClib/XMC_Peripheral_Library_v2.1.16/XMCLib/inc/xmc_gpio.h **** #define PORT_IOCR_PC_Pos PORT0_IOCR0_PC0_Pos
  98:/opt/XMClib/XMC_Peripheral_Library_v2.1.16/XMCLib/inc/xmc_gpio.h **** #define PORT_IOCR_PC_Msk PORT0_IOCR0_PC0_Msk
  99:/opt/XMClib/XMC_Peripheral_Library_v2.1.16/XMCLib/inc/xmc_gpio.h **** 
 100:/opt/XMClib/XMC_Peripheral_Library_v2.1.16/XMCLib/inc/xmc_gpio.h **** #define PORT_IOCR_PC_Size 				(8U)
 101:/opt/XMClib/XMC_Peripheral_Library_v2.1.16/XMCLib/inc/xmc_gpio.h **** 											
 102:/opt/XMClib/XMC_Peripheral_Library_v2.1.16/XMCLib/inc/xmc_gpio.h **** 
 103:/opt/XMClib/XMC_Peripheral_Library_v2.1.16/XMCLib/inc/xmc_gpio.h **** #define XMC_GPIO_CHECK_OUTPUT_LEVEL(level) ((level == XMC_GPIO_OUTPUT_LEVEL_LOW) || \
 104:/opt/XMClib/XMC_Peripheral_Library_v2.1.16/XMCLib/inc/xmc_gpio.h ****                                             (level == XMC_GPIO_OUTPUT_LEVEL_HIGH))
 105:/opt/XMClib/XMC_Peripheral_Library_v2.1.16/XMCLib/inc/xmc_gpio.h ****                                             
 106:/opt/XMClib/XMC_Peripheral_Library_v2.1.16/XMCLib/inc/xmc_gpio.h **** #define XMC_GPIO_CHECK_HWCTRL(hwctrl) ((hwctrl == XMC_GPIO_HWCTRL_DISABLED) || \
 107:/opt/XMClib/XMC_Peripheral_Library_v2.1.16/XMCLib/inc/xmc_gpio.h ****                                        (hwctrl == XMC_GPIO_HWCTRL_PERIPHERAL1) || \
 108:/opt/XMClib/XMC_Peripheral_Library_v2.1.16/XMCLib/inc/xmc_gpio.h ****                                        (hwctrl == XMC_GPIO_HWCTRL_PERIPHERAL2))                    
 109:/opt/XMClib/XMC_Peripheral_Library_v2.1.16/XMCLib/inc/xmc_gpio.h ****                                             
 110:/opt/XMClib/XMC_Peripheral_Library_v2.1.16/XMCLib/inc/xmc_gpio.h **** /**************************************************************************************************
 111:/opt/XMClib/XMC_Peripheral_Library_v2.1.16/XMCLib/inc/xmc_gpio.h ****  * ENUMS
 112:/opt/XMClib/XMC_Peripheral_Library_v2.1.16/XMCLib/inc/xmc_gpio.h ****  **************************************************************************************************
 113:/opt/XMClib/XMC_Peripheral_Library_v2.1.16/XMCLib/inc/xmc_gpio.h **** 
 114:/opt/XMClib/XMC_Peripheral_Library_v2.1.16/XMCLib/inc/xmc_gpio.h **** 
 115:/opt/XMClib/XMC_Peripheral_Library_v2.1.16/XMCLib/inc/xmc_gpio.h **** /**
 116:/opt/XMClib/XMC_Peripheral_Library_v2.1.16/XMCLib/inc/xmc_gpio.h ****  * Defines output level of a pin. Use type \a XMC_GPIO_OUTPUT_LEVEL_t for this enum.
 117:/opt/XMClib/XMC_Peripheral_Library_v2.1.16/XMCLib/inc/xmc_gpio.h ****  */
 118:/opt/XMClib/XMC_Peripheral_Library_v2.1.16/XMCLib/inc/xmc_gpio.h **** typedef enum XMC_GPIO_OUTPUT_LEVEL
 119:/opt/XMClib/XMC_Peripheral_Library_v2.1.16/XMCLib/inc/xmc_gpio.h **** {
 120:/opt/XMClib/XMC_Peripheral_Library_v2.1.16/XMCLib/inc/xmc_gpio.h ****   XMC_GPIO_OUTPUT_LEVEL_LOW  = 0x10000U, /**<  Reset bit */
 121:/opt/XMClib/XMC_Peripheral_Library_v2.1.16/XMCLib/inc/xmc_gpio.h ****   XMC_GPIO_OUTPUT_LEVEL_HIGH = 0x1U, 	/**< Set bit  */
 122:/opt/XMClib/XMC_Peripheral_Library_v2.1.16/XMCLib/inc/xmc_gpio.h **** } XMC_GPIO_OUTPUT_LEVEL_t;
 123:/opt/XMClib/XMC_Peripheral_Library_v2.1.16/XMCLib/inc/xmc_gpio.h **** 
 124:/opt/XMClib/XMC_Peripheral_Library_v2.1.16/XMCLib/inc/xmc_gpio.h **** /**
 125:/opt/XMClib/XMC_Peripheral_Library_v2.1.16/XMCLib/inc/xmc_gpio.h ****  * Defines direct hardware control characteristics of the pin . Use type \a XMC_GPIO_HWCTRL_t for t
 126:/opt/XMClib/XMC_Peripheral_Library_v2.1.16/XMCLib/inc/xmc_gpio.h ****  */
 127:/opt/XMClib/XMC_Peripheral_Library_v2.1.16/XMCLib/inc/xmc_gpio.h **** typedef enum XMC_GPIO_HWCTRL
 128:/opt/XMClib/XMC_Peripheral_Library_v2.1.16/XMCLib/inc/xmc_gpio.h **** {
 129:/opt/XMClib/XMC_Peripheral_Library_v2.1.16/XMCLib/inc/xmc_gpio.h ****   XMC_GPIO_HWCTRL_DISABLED     = 0x0U, /**<  Software control only */
 130:/opt/XMClib/XMC_Peripheral_Library_v2.1.16/XMCLib/inc/xmc_gpio.h ****   XMC_GPIO_HWCTRL_PERIPHERAL1  = 0x1U, /**<  HWI0/HWO0 control path can override the software confi
 131:/opt/XMClib/XMC_Peripheral_Library_v2.1.16/XMCLib/inc/xmc_gpio.h ****   XMC_GPIO_HWCTRL_PERIPHERAL2  = 0x2U  /**<  HWI1/HWO1 control path can override the software confi
 132:/opt/XMClib/XMC_Peripheral_Library_v2.1.16/XMCLib/inc/xmc_gpio.h **** } XMC_GPIO_HWCTRL_t;
 133:/opt/XMClib/XMC_Peripheral_Library_v2.1.16/XMCLib/inc/xmc_gpio.h **** 
 134:/opt/XMClib/XMC_Peripheral_Library_v2.1.16/XMCLib/inc/xmc_gpio.h **** /**************************************************************************************************
 135:/opt/XMClib/XMC_Peripheral_Library_v2.1.16/XMCLib/inc/xmc_gpio.h ****  * DEVICE FAMILY EXTENSIONS
 136:/opt/XMClib/XMC_Peripheral_Library_v2.1.16/XMCLib/inc/xmc_gpio.h ****  **************************************************************************************************
 137:/opt/XMClib/XMC_Peripheral_Library_v2.1.16/XMCLib/inc/xmc_gpio.h **** 
 138:/opt/XMClib/XMC_Peripheral_Library_v2.1.16/XMCLib/inc/xmc_gpio.h ****  #if UC_FAMILY == XMC1
 139:/opt/XMClib/XMC_Peripheral_Library_v2.1.16/XMCLib/inc/xmc_gpio.h **** #include "xmc1_gpio.h"
 140:/opt/XMClib/XMC_Peripheral_Library_v2.1.16/XMCLib/inc/xmc_gpio.h **** #elif UC_FAMILY == XMC4
 141:/opt/XMClib/XMC_Peripheral_Library_v2.1.16/XMCLib/inc/xmc_gpio.h **** #include "xmc4_gpio.h"
 142:/opt/XMClib/XMC_Peripheral_Library_v2.1.16/XMCLib/inc/xmc_gpio.h **** #else
 143:/opt/XMClib/XMC_Peripheral_Library_v2.1.16/XMCLib/inc/xmc_gpio.h **** #error "xmc_gpio.h: family device not supported"
 144:/opt/XMClib/XMC_Peripheral_Library_v2.1.16/XMCLib/inc/xmc_gpio.h **** #endif
 145:/opt/XMClib/XMC_Peripheral_Library_v2.1.16/XMCLib/inc/xmc_gpio.h **** 
 146:/opt/XMClib/XMC_Peripheral_Library_v2.1.16/XMCLib/inc/xmc_gpio.h **** /**************************************************************************************************
 147:/opt/XMClib/XMC_Peripheral_Library_v2.1.16/XMCLib/inc/xmc_gpio.h ****  * API PROTOTYPES
 148:/opt/XMClib/XMC_Peripheral_Library_v2.1.16/XMCLib/inc/xmc_gpio.h ****  **************************************************************************************************
 149:/opt/XMClib/XMC_Peripheral_Library_v2.1.16/XMCLib/inc/xmc_gpio.h **** 
 150:/opt/XMClib/XMC_Peripheral_Library_v2.1.16/XMCLib/inc/xmc_gpio.h **** #ifdef __cplusplus
 151:/opt/XMClib/XMC_Peripheral_Library_v2.1.16/XMCLib/inc/xmc_gpio.h **** extern "C" {
 152:/opt/XMClib/XMC_Peripheral_Library_v2.1.16/XMCLib/inc/xmc_gpio.h **** #endif
 153:/opt/XMClib/XMC_Peripheral_Library_v2.1.16/XMCLib/inc/xmc_gpio.h **** 
 154:/opt/XMClib/XMC_Peripheral_Library_v2.1.16/XMCLib/inc/xmc_gpio.h **** 
 155:/opt/XMClib/XMC_Peripheral_Library_v2.1.16/XMCLib/inc/xmc_gpio.h **** /**
 156:/opt/XMClib/XMC_Peripheral_Library_v2.1.16/XMCLib/inc/xmc_gpio.h ****  * @param  port	  Constant pointer pointing to GPIO port, to access port registers like Pn_OUT,Pn_O
 157:/opt/XMClib/XMC_Peripheral_Library_v2.1.16/XMCLib/inc/xmc_gpio.h ****  * @param  pin	  Port pin number.
 158:/opt/XMClib/XMC_Peripheral_Library_v2.1.16/XMCLib/inc/xmc_gpio.h ****  * @param  config GPIO configuration data structure. Refer data structure @ref XMC_GPIO_CONFIG_t fo
 159:/opt/XMClib/XMC_Peripheral_Library_v2.1.16/XMCLib/inc/xmc_gpio.h ****  *
 160:/opt/XMClib/XMC_Peripheral_Library_v2.1.16/XMCLib/inc/xmc_gpio.h ****  * @return None
 161:/opt/XMClib/XMC_Peripheral_Library_v2.1.16/XMCLib/inc/xmc_gpio.h ****  *
 162:/opt/XMClib/XMC_Peripheral_Library_v2.1.16/XMCLib/inc/xmc_gpio.h ****  * \par<b>Description:</b><br>
 163:/opt/XMClib/XMC_Peripheral_Library_v2.1.16/XMCLib/inc/xmc_gpio.h ****  * \if XMC1
 164:/opt/XMClib/XMC_Peripheral_Library_v2.1.16/XMCLib/inc/xmc_gpio.h ****  * Initializes input / output mode settings like, pull up / pull down devices,hysteresis, push pull
 165:/opt/XMClib/XMC_Peripheral_Library_v2.1.16/XMCLib/inc/xmc_gpio.h ****  * Also configures alternate function outputs and clears hardware port control for a selected \a po
 166:/opt/XMClib/XMC_Peripheral_Library_v2.1.16/XMCLib/inc/xmc_gpio.h ****  * \a config provides selected I/O settings. It configures hardware registers Pn_IOCR,Pn_OUT, Pn_OM
 167:/opt/XMClib/XMC_Peripheral_Library_v2.1.16/XMCLib/inc/xmc_gpio.h ****  * \endif
 168:/opt/XMClib/XMC_Peripheral_Library_v2.1.16/XMCLib/inc/xmc_gpio.h ****  * \if XMC4
 169:/opt/XMClib/XMC_Peripheral_Library_v2.1.16/XMCLib/inc/xmc_gpio.h ****  * Initializes input / output mode settings like, pull up / pull down devices,push pull /open drain
 170:/opt/XMClib/XMC_Peripheral_Library_v2.1.16/XMCLib/inc/xmc_gpio.h ****  * Also configures alternate function outputs and clears hardware port control for selected \a port
 171:/opt/XMClib/XMC_Peripheral_Library_v2.1.16/XMCLib/inc/xmc_gpio.h ****  * It configures hardware registers Pn_IOCR,Pn_OUT,Pn_OMR,Pn_PDISC and Pn_PDR.\n
 172:/opt/XMClib/XMC_Peripheral_Library_v2.1.16/XMCLib/inc/xmc_gpio.h ****  * \endif
 173:/opt/XMClib/XMC_Peripheral_Library_v2.1.16/XMCLib/inc/xmc_gpio.h ****  *
 174:/opt/XMClib/XMC_Peripheral_Library_v2.1.16/XMCLib/inc/xmc_gpio.h ****  * \par<b>Related APIs:</b><BR>
 175:/opt/XMClib/XMC_Peripheral_Library_v2.1.16/XMCLib/inc/xmc_gpio.h ****  *  None
 176:/opt/XMClib/XMC_Peripheral_Library_v2.1.16/XMCLib/inc/xmc_gpio.h ****  *
 177:/opt/XMClib/XMC_Peripheral_Library_v2.1.16/XMCLib/inc/xmc_gpio.h ****  * \par<b>Note:</b><br>
 178:/opt/XMClib/XMC_Peripheral_Library_v2.1.16/XMCLib/inc/xmc_gpio.h ****  * This API is called in definition of DAVE_init by code generation and therefore should not be exp
 179:/opt/XMClib/XMC_Peripheral_Library_v2.1.16/XMCLib/inc/xmc_gpio.h ****  * for the normal operation. Use other APIs only after DAVE_init is called successfully (returns DA
 180:/opt/XMClib/XMC_Peripheral_Library_v2.1.16/XMCLib/inc/xmc_gpio.h ****  *
 181:/opt/XMClib/XMC_Peripheral_Library_v2.1.16/XMCLib/inc/xmc_gpio.h ****  *
 182:/opt/XMClib/XMC_Peripheral_Library_v2.1.16/XMCLib/inc/xmc_gpio.h ****  */
 183:/opt/XMClib/XMC_Peripheral_Library_v2.1.16/XMCLib/inc/xmc_gpio.h **** 
 184:/opt/XMClib/XMC_Peripheral_Library_v2.1.16/XMCLib/inc/xmc_gpio.h ****  
 185:/opt/XMClib/XMC_Peripheral_Library_v2.1.16/XMCLib/inc/xmc_gpio.h **** void XMC_GPIO_Init(XMC_GPIO_PORT_t *const port, const uint8_t pin, const XMC_GPIO_CONFIG_t *const c
 186:/opt/XMClib/XMC_Peripheral_Library_v2.1.16/XMCLib/inc/xmc_gpio.h ****  
 187:/opt/XMClib/XMC_Peripheral_Library_v2.1.16/XMCLib/inc/xmc_gpio.h **** /**
 188:/opt/XMClib/XMC_Peripheral_Library_v2.1.16/XMCLib/inc/xmc_gpio.h ****  *
 189:/opt/XMClib/XMC_Peripheral_Library_v2.1.16/XMCLib/inc/xmc_gpio.h ****  * @param  port	Constant pointer pointing to GPIO port, to access hardware register Pn_IOCR.
 190:/opt/XMClib/XMC_Peripheral_Library_v2.1.16/XMCLib/inc/xmc_gpio.h ****  * @param  pin	Port pin number.
 191:/opt/XMClib/XMC_Peripheral_Library_v2.1.16/XMCLib/inc/xmc_gpio.h ****  * @param  mode input / output functionality selection. Refer @ref XMC_GPIO_MODE_t for valid values
 192:/opt/XMClib/XMC_Peripheral_Library_v2.1.16/XMCLib/inc/xmc_gpio.h ****  *
 193:/opt/XMClib/XMC_Peripheral_Library_v2.1.16/XMCLib/inc/xmc_gpio.h ****  * @return None
 194:/opt/XMClib/XMC_Peripheral_Library_v2.1.16/XMCLib/inc/xmc_gpio.h ****  *
 195:/opt/XMClib/XMC_Peripheral_Library_v2.1.16/XMCLib/inc/xmc_gpio.h ****  * \par<b>Description:</b><br>
 196:/opt/XMClib/XMC_Peripheral_Library_v2.1.16/XMCLib/inc/xmc_gpio.h ****  * Sets digital input and output driver functionality and characteristics of a GPIO port pin. It co
 197:/opt/XMClib/XMC_Peripheral_Library_v2.1.16/XMCLib/inc/xmc_gpio.h ****  * registers Pn_IOCR. \a mode is initially configured during initialization in XMC_GPIO_Init(). Cal
 198:/opt/XMClib/XMC_Peripheral_Library_v2.1.16/XMCLib/inc/xmc_gpio.h ****  * the port direction functionality as needed later in the program.
 199:/opt/XMClib/XMC_Peripheral_Library_v2.1.16/XMCLib/inc/xmc_gpio.h ****  *
 200:/opt/XMClib/XMC_Peripheral_Library_v2.1.16/XMCLib/inc/xmc_gpio.h ****  * \par<b>Related APIs:</b><BR>
 201:/opt/XMClib/XMC_Peripheral_Library_v2.1.16/XMCLib/inc/xmc_gpio.h ****  *  None
 202:/opt/XMClib/XMC_Peripheral_Library_v2.1.16/XMCLib/inc/xmc_gpio.h ****  *
 203:/opt/XMClib/XMC_Peripheral_Library_v2.1.16/XMCLib/inc/xmc_gpio.h ****  */
 204:/opt/XMClib/XMC_Peripheral_Library_v2.1.16/XMCLib/inc/xmc_gpio.h **** 
 205:/opt/XMClib/XMC_Peripheral_Library_v2.1.16/XMCLib/inc/xmc_gpio.h **** void XMC_GPIO_SetMode(XMC_GPIO_PORT_t *const port, const uint8_t pin, const XMC_GPIO_MODE_t mode);
 206:/opt/XMClib/XMC_Peripheral_Library_v2.1.16/XMCLib/inc/xmc_gpio.h **** 
 207:/opt/XMClib/XMC_Peripheral_Library_v2.1.16/XMCLib/inc/xmc_gpio.h **** 
 208:/opt/XMClib/XMC_Peripheral_Library_v2.1.16/XMCLib/inc/xmc_gpio.h **** /**
 209:/opt/XMClib/XMC_Peripheral_Library_v2.1.16/XMCLib/inc/xmc_gpio.h ****  *
 210:/opt/XMClib/XMC_Peripheral_Library_v2.1.16/XMCLib/inc/xmc_gpio.h ****  * @param  port	 Constant pointer pointing to GPIO port, to access hardware register Pn_OMR.
 211:/opt/XMClib/XMC_Peripheral_Library_v2.1.16/XMCLib/inc/xmc_gpio.h ****  * @param  pin	 Port pin number.
 212:/opt/XMClib/XMC_Peripheral_Library_v2.1.16/XMCLib/inc/xmc_gpio.h ****  * @param  level output level selection. Refer @ref XMC_GPIO_OUTPUT_LEVEL_t for valid values.
 213:/opt/XMClib/XMC_Peripheral_Library_v2.1.16/XMCLib/inc/xmc_gpio.h ****  *
 214:/opt/XMClib/XMC_Peripheral_Library_v2.1.16/XMCLib/inc/xmc_gpio.h ****  * @return None
 215:/opt/XMClib/XMC_Peripheral_Library_v2.1.16/XMCLib/inc/xmc_gpio.h ****  *
 216:/opt/XMClib/XMC_Peripheral_Library_v2.1.16/XMCLib/inc/xmc_gpio.h ****  * \par<b>Description:</b><br>
 217:/opt/XMClib/XMC_Peripheral_Library_v2.1.16/XMCLib/inc/xmc_gpio.h ****  * Set port pin output level to high or low.It configures hardware registers Pn_OMR.\a level is ini
 218:/opt/XMClib/XMC_Peripheral_Library_v2.1.16/XMCLib/inc/xmc_gpio.h ****  * configured during initialization in XMC_GPIO_Init(). Call this API to alter output level as need
 219:/opt/XMClib/XMC_Peripheral_Library_v2.1.16/XMCLib/inc/xmc_gpio.h ****  *
 220:/opt/XMClib/XMC_Peripheral_Library_v2.1.16/XMCLib/inc/xmc_gpio.h ****  * \par<b>Related APIs:</b><BR>
 221:/opt/XMClib/XMC_Peripheral_Library_v2.1.16/XMCLib/inc/xmc_gpio.h ****  *  XMC_GPIO_SetOutputHigh(), XMC_GPIO_SetOutputLow().
 222:/opt/XMClib/XMC_Peripheral_Library_v2.1.16/XMCLib/inc/xmc_gpio.h ****  *
 223:/opt/XMClib/XMC_Peripheral_Library_v2.1.16/XMCLib/inc/xmc_gpio.h ****  * \par<b>Note:</b><br>
 224:/opt/XMClib/XMC_Peripheral_Library_v2.1.16/XMCLib/inc/xmc_gpio.h ****  * Prior to this api, user has to configure port pin to output mode using XMC_GPIO_SetMode().
 225:/opt/XMClib/XMC_Peripheral_Library_v2.1.16/XMCLib/inc/xmc_gpio.h ****  *
 226:/opt/XMClib/XMC_Peripheral_Library_v2.1.16/XMCLib/inc/xmc_gpio.h ****  */
 227:/opt/XMClib/XMC_Peripheral_Library_v2.1.16/XMCLib/inc/xmc_gpio.h **** 
 228:/opt/XMClib/XMC_Peripheral_Library_v2.1.16/XMCLib/inc/xmc_gpio.h **** 
 229:/opt/XMClib/XMC_Peripheral_Library_v2.1.16/XMCLib/inc/xmc_gpio.h **** __STATIC_INLINE void XMC_GPIO_SetOutputLevel(XMC_GPIO_PORT_t *const port, const uint8_t pin, const 
 230:/opt/XMClib/XMC_Peripheral_Library_v2.1.16/XMCLib/inc/xmc_gpio.h **** {
 231:/opt/XMClib/XMC_Peripheral_Library_v2.1.16/XMCLib/inc/xmc_gpio.h ****   XMC_ASSERT("XMC_GPIO_SetOutputLevel: Invalid port", XMC_GPIO_CHECK_OUTPUT_PORT(port));
 232:/opt/XMClib/XMC_Peripheral_Library_v2.1.16/XMCLib/inc/xmc_gpio.h ****   XMC_ASSERT("XMC_GPIO_SetOutputLevel: Invalid output level", XMC_GPIO_CHECK_OUTPUT_LEVEL(level));
 233:/opt/XMClib/XMC_Peripheral_Library_v2.1.16/XMCLib/inc/xmc_gpio.h ****   
 234:/opt/XMClib/XMC_Peripheral_Library_v2.1.16/XMCLib/inc/xmc_gpio.h ****   port->OMR = (uint32_t)level << pin;
 235:/opt/XMClib/XMC_Peripheral_Library_v2.1.16/XMCLib/inc/xmc_gpio.h **** }
 236:/opt/XMClib/XMC_Peripheral_Library_v2.1.16/XMCLib/inc/xmc_gpio.h **** 
 237:/opt/XMClib/XMC_Peripheral_Library_v2.1.16/XMCLib/inc/xmc_gpio.h **** 
 238:/opt/XMClib/XMC_Peripheral_Library_v2.1.16/XMCLib/inc/xmc_gpio.h **** /**
 239:/opt/XMClib/XMC_Peripheral_Library_v2.1.16/XMCLib/inc/xmc_gpio.h ****  * @param  port constant pointer pointing to GPIO port, to access hardware register Pn_OMR.
 240:/opt/XMClib/XMC_Peripheral_Library_v2.1.16/XMCLib/inc/xmc_gpio.h ****  * @param  pin	Port pin number.
 241:/opt/XMClib/XMC_Peripheral_Library_v2.1.16/XMCLib/inc/xmc_gpio.h ****  *
 242:/opt/XMClib/XMC_Peripheral_Library_v2.1.16/XMCLib/inc/xmc_gpio.h ****  * @return None
 243:/opt/XMClib/XMC_Peripheral_Library_v2.1.16/XMCLib/inc/xmc_gpio.h ****  *
 244:/opt/XMClib/XMC_Peripheral_Library_v2.1.16/XMCLib/inc/xmc_gpio.h ****  * \par<b>Description:</b><br>
 245:/opt/XMClib/XMC_Peripheral_Library_v2.1.16/XMCLib/inc/xmc_gpio.h ****  *  Sets port pin output to high. It configures hardware registers Pn_OMR.
 246:/opt/XMClib/XMC_Peripheral_Library_v2.1.16/XMCLib/inc/xmc_gpio.h ****  *
 247:/opt/XMClib/XMC_Peripheral_Library_v2.1.16/XMCLib/inc/xmc_gpio.h ****  *  \par<b>Related APIs:</b><BR>
 248:/opt/XMClib/XMC_Peripheral_Library_v2.1.16/XMCLib/inc/xmc_gpio.h ****  *  XMC_GPIO_SetOutputLow()
 249:/opt/XMClib/XMC_Peripheral_Library_v2.1.16/XMCLib/inc/xmc_gpio.h ****  *
 250:/opt/XMClib/XMC_Peripheral_Library_v2.1.16/XMCLib/inc/xmc_gpio.h ****  * \par<b>Note:</b><br>
 251:/opt/XMClib/XMC_Peripheral_Library_v2.1.16/XMCLib/inc/xmc_gpio.h ****  * Prior to this api, user has to configure port pin to output mode using XMC_GPIO_SetMode().\n
 252:/opt/XMClib/XMC_Peripheral_Library_v2.1.16/XMCLib/inc/xmc_gpio.h ****  * Register Pn_OMR is virtual and does not contain any flip-flop. A read action delivers the value 
 253:/opt/XMClib/XMC_Peripheral_Library_v2.1.16/XMCLib/inc/xmc_gpio.h ****  *
 254:/opt/XMClib/XMC_Peripheral_Library_v2.1.16/XMCLib/inc/xmc_gpio.h ****  */
 255:/opt/XMClib/XMC_Peripheral_Library_v2.1.16/XMCLib/inc/xmc_gpio.h **** 
 256:/opt/XMClib/XMC_Peripheral_Library_v2.1.16/XMCLib/inc/xmc_gpio.h **** __STATIC_INLINE void XMC_GPIO_SetOutputHigh(XMC_GPIO_PORT_t *const port, const uint8_t pin)
 257:/opt/XMClib/XMC_Peripheral_Library_v2.1.16/XMCLib/inc/xmc_gpio.h **** {
 258:/opt/XMClib/XMC_Peripheral_Library_v2.1.16/XMCLib/inc/xmc_gpio.h ****   XMC_ASSERT("XMC_GPIO_SetOutputHigh: Invalid port", XMC_GPIO_CHECK_OUTPUT_PORT(port));
 259:/opt/XMClib/XMC_Peripheral_Library_v2.1.16/XMCLib/inc/xmc_gpio.h **** 
 260:/opt/XMClib/XMC_Peripheral_Library_v2.1.16/XMCLib/inc/xmc_gpio.h ****   port->OMR = (uint32_t)0x1U << pin;
 261:/opt/XMClib/XMC_Peripheral_Library_v2.1.16/XMCLib/inc/xmc_gpio.h **** }
 262:/opt/XMClib/XMC_Peripheral_Library_v2.1.16/XMCLib/inc/xmc_gpio.h **** 
 263:/opt/XMClib/XMC_Peripheral_Library_v2.1.16/XMCLib/inc/xmc_gpio.h **** /**
 264:/opt/XMClib/XMC_Peripheral_Library_v2.1.16/XMCLib/inc/xmc_gpio.h ****  *
 265:/opt/XMClib/XMC_Peripheral_Library_v2.1.16/XMCLib/inc/xmc_gpio.h ****  * @param  port	constant pointer pointing to GPIO port, to access hardware register Pn_OMR.
 266:/opt/XMClib/XMC_Peripheral_Library_v2.1.16/XMCLib/inc/xmc_gpio.h ****  * @param  pin	port pin number.
 267:/opt/XMClib/XMC_Peripheral_Library_v2.1.16/XMCLib/inc/xmc_gpio.h ****  *
 268:/opt/XMClib/XMC_Peripheral_Library_v2.1.16/XMCLib/inc/xmc_gpio.h ****  * @return  None
 269:/opt/XMClib/XMC_Peripheral_Library_v2.1.16/XMCLib/inc/xmc_gpio.h ****  *
 270:/opt/XMClib/XMC_Peripheral_Library_v2.1.16/XMCLib/inc/xmc_gpio.h ****  *\par<b>Description:</b><br>
 271:/opt/XMClib/XMC_Peripheral_Library_v2.1.16/XMCLib/inc/xmc_gpio.h ****  * Sets port pin output to low. It configures hardware registers Pn_OMR.\n
 272:/opt/XMClib/XMC_Peripheral_Library_v2.1.16/XMCLib/inc/xmc_gpio.h ****  *
 273:/opt/XMClib/XMC_Peripheral_Library_v2.1.16/XMCLib/inc/xmc_gpio.h ****  * \par<b>Related APIs:</b><BR>>
 274:/opt/XMClib/XMC_Peripheral_Library_v2.1.16/XMCLib/inc/xmc_gpio.h ****  * XMC_GPIO_SetOutputHigh()
 275:/opt/XMClib/XMC_Peripheral_Library_v2.1.16/XMCLib/inc/xmc_gpio.h ****  *
 276:/opt/XMClib/XMC_Peripheral_Library_v2.1.16/XMCLib/inc/xmc_gpio.h ****  *\par<b>Note:</b><br>
 277:/opt/XMClib/XMC_Peripheral_Library_v2.1.16/XMCLib/inc/xmc_gpio.h ****  * Prior to this api, user has to configure port pin to output mode using XMC_GPIO_SetMode().
 278:/opt/XMClib/XMC_Peripheral_Library_v2.1.16/XMCLib/inc/xmc_gpio.h ****  * Register Pn_OMR is virtual and does not contain any flip-flop. A read action delivers the value 
 279:/opt/XMClib/XMC_Peripheral_Library_v2.1.16/XMCLib/inc/xmc_gpio.h ****  *
 280:/opt/XMClib/XMC_Peripheral_Library_v2.1.16/XMCLib/inc/xmc_gpio.h ****  */
 281:/opt/XMClib/XMC_Peripheral_Library_v2.1.16/XMCLib/inc/xmc_gpio.h **** 
 282:/opt/XMClib/XMC_Peripheral_Library_v2.1.16/XMCLib/inc/xmc_gpio.h **** __STATIC_INLINE void XMC_GPIO_SetOutputLow(XMC_GPIO_PORT_t *const port, const uint8_t pin)
 283:/opt/XMClib/XMC_Peripheral_Library_v2.1.16/XMCLib/inc/xmc_gpio.h **** {
 284:/opt/XMClib/XMC_Peripheral_Library_v2.1.16/XMCLib/inc/xmc_gpio.h ****   XMC_ASSERT("XMC_GPIO_SetOutputLow: Invalid port", XMC_GPIO_CHECK_OUTPUT_PORT(port));
 285:/opt/XMClib/XMC_Peripheral_Library_v2.1.16/XMCLib/inc/xmc_gpio.h **** 
 286:/opt/XMClib/XMC_Peripheral_Library_v2.1.16/XMCLib/inc/xmc_gpio.h ****   port->OMR = 0x10000U << pin;
 287:/opt/XMClib/XMC_Peripheral_Library_v2.1.16/XMCLib/inc/xmc_gpio.h **** }
 288:/opt/XMClib/XMC_Peripheral_Library_v2.1.16/XMCLib/inc/xmc_gpio.h **** 
 289:/opt/XMClib/XMC_Peripheral_Library_v2.1.16/XMCLib/inc/xmc_gpio.h **** /**
 290:/opt/XMClib/XMC_Peripheral_Library_v2.1.16/XMCLib/inc/xmc_gpio.h ****  *
 291:/opt/XMClib/XMC_Peripheral_Library_v2.1.16/XMCLib/inc/xmc_gpio.h ****  * @param port constant pointer pointing to GPIO port, to access hardware register Pn_OMR.
 292:/opt/XMClib/XMC_Peripheral_Library_v2.1.16/XMCLib/inc/xmc_gpio.h ****  * @param pin  port pin number.
 293:/opt/XMClib/XMC_Peripheral_Library_v2.1.16/XMCLib/inc/xmc_gpio.h ****  *
 294:/opt/XMClib/XMC_Peripheral_Library_v2.1.16/XMCLib/inc/xmc_gpio.h ****  * @return None
 295:/opt/XMClib/XMC_Peripheral_Library_v2.1.16/XMCLib/inc/xmc_gpio.h ****  *
 296:/opt/XMClib/XMC_Peripheral_Library_v2.1.16/XMCLib/inc/xmc_gpio.h ****  * \par<b>Description:</b><br>
 297:/opt/XMClib/XMC_Peripheral_Library_v2.1.16/XMCLib/inc/xmc_gpio.h ****  * Configures port pin output to Toggle. It configures hardware registers Pn_OMR.
 298:/opt/XMClib/XMC_Peripheral_Library_v2.1.16/XMCLib/inc/xmc_gpio.h ****  *
 299:/opt/XMClib/XMC_Peripheral_Library_v2.1.16/XMCLib/inc/xmc_gpio.h ****  * \par<b>Related APIs:</b><BR>
 300:/opt/XMClib/XMC_Peripheral_Library_v2.1.16/XMCLib/inc/xmc_gpio.h ****  * XMC_GPIO_SetOutputHigh(), XMC_GPIO_SetOutputLow().
 301:/opt/XMClib/XMC_Peripheral_Library_v2.1.16/XMCLib/inc/xmc_gpio.h ****  *
 302:/opt/XMClib/XMC_Peripheral_Library_v2.1.16/XMCLib/inc/xmc_gpio.h ****  * \par<b>Note:</b><br>
 303:/opt/XMClib/XMC_Peripheral_Library_v2.1.16/XMCLib/inc/xmc_gpio.h ****  * Prior to this api, user has to configure port pin to output mode using XMC_GPIO_SetMode(). Regis
 304:/opt/XMClib/XMC_Peripheral_Library_v2.1.16/XMCLib/inc/xmc_gpio.h ****  * and does not contain any flip-flop. A read action delivers the value of 0.
 305:/opt/XMClib/XMC_Peripheral_Library_v2.1.16/XMCLib/inc/xmc_gpio.h ****  *
 306:/opt/XMClib/XMC_Peripheral_Library_v2.1.16/XMCLib/inc/xmc_gpio.h ****  */
 307:/opt/XMClib/XMC_Peripheral_Library_v2.1.16/XMCLib/inc/xmc_gpio.h **** 
 308:/opt/XMClib/XMC_Peripheral_Library_v2.1.16/XMCLib/inc/xmc_gpio.h **** __STATIC_INLINE void XMC_GPIO_ToggleOutput(XMC_GPIO_PORT_t *const port, const uint8_t pin)
 309:/opt/XMClib/XMC_Peripheral_Library_v2.1.16/XMCLib/inc/xmc_gpio.h **** {
  26              		.loc 1 309 0
  27              		.cfi_startproc
  28              		@ args = 0, pretend = 0, frame = 8
  29              		@ frame_needed = 1, uses_anonymous_args = 0
  30              		@ link register save eliminated.
  31 0000 80B4     		push	{r7}
  32              	.LCFI0:
  33              		.cfi_def_cfa_offset 4
  34              		.cfi_offset 7, -4
  35 0002 83B0     		sub	sp, sp, #12
  36              	.LCFI1:
  37              		.cfi_def_cfa_offset 16
  38 0004 00AF     		add	r7, sp, #0
  39              	.LCFI2:
  40              		.cfi_def_cfa_register 7
  41 0006 7860     		str	r0, [r7, #4]
  42 0008 0B46     		mov	r3, r1
  43 000a FB70     		strb	r3, [r7, #3]
 310:/opt/XMClib/XMC_Peripheral_Library_v2.1.16/XMCLib/inc/xmc_gpio.h ****   XMC_ASSERT("XMC_GPIO_ToggleOutput: Invalid port", XMC_GPIO_CHECK_OUTPUT_PORT(port));
 311:/opt/XMClib/XMC_Peripheral_Library_v2.1.16/XMCLib/inc/xmc_gpio.h **** 
 312:/opt/XMClib/XMC_Peripheral_Library_v2.1.16/XMCLib/inc/xmc_gpio.h ****   port->OMR = 0x10001U << pin;
  44              		.loc 1 312 0
  45 000c FB78     		ldrb	r3, [r7, #3]	@ zero_extendqisi2
  46 000e 4FF00112 		mov	r2, #65537
  47 0012 9A40     		lsls	r2, r2, r3
  48 0014 7B68     		ldr	r3, [r7, #4]
  49 0016 5A60     		str	r2, [r3, #4]
 313:/opt/XMClib/XMC_Peripheral_Library_v2.1.16/XMCLib/inc/xmc_gpio.h **** }
  50              		.loc 1 313 0
  51 0018 00BF     		nop
  52 001a 0C37     		adds	r7, r7, #12
  53              	.LCFI3:
  54              		.cfi_def_cfa_offset 4
  55 001c BD46     		mov	sp, r7
  56              	.LCFI4:
  57              		.cfi_def_cfa_register 13
  58              		@ sp needed
  59 001e 5DF8047B 		ldr	r7, [sp], #4
  60              	.LCFI5:
  61              		.cfi_restore 7
  62              		.cfi_def_cfa_offset 0
  63 0022 7047     		bx	lr
  64              		.cfi_endproc
  65              	.LFE132:
  67              		.section	.rodata
  68              		.align	2
  69              	.LC0:
  70 0000 80       		.byte	-128
  71 0001 000000   		.space	3
  72 0004 00000100 		.word	65536
  73 0008 00       		.byte	0
  74 0009 000000   		.space	3
  75              		.section	.text.main,"ax",%progbits
  76              		.align	1
  77              		.global	main
  78              		.syntax unified
  79              		.thumb
  80              		.thumb_func
  81              		.fpu fpv4-sp-d16
  83              	main:
  84              	.LFB138:
  85              		.file 2 "example_project.c"
   1:example_project.c **** #include <xmc_gpio.h>
   2:example_project.c **** 
   3:example_project.c **** int main(void) {
  86              		.loc 2 3 0
  87              		.cfi_startproc
  88              		@ args = 0, pretend = 0, frame = 16
  89              		@ frame_needed = 1, uses_anonymous_args = 0
  90 0000 80B5     		push	{r7, lr}
  91              	.LCFI6:
  92              		.cfi_def_cfa_offset 8
  93              		.cfi_offset 7, -8
  94              		.cfi_offset 14, -4
  95 0002 84B0     		sub	sp, sp, #16
  96              	.LCFI7:
  97              		.cfi_def_cfa_offset 24
  98 0004 00AF     		add	r7, sp, #0
  99              	.LCFI8:
 100              		.cfi_def_cfa_register 7
   4:example_project.c ****   const XMC_GPIO_CONFIG_t LED_config = \
 101              		.loc 2 4 0
 102 0006 0D4A     		ldr	r2, .L6
 103 0008 3B46     		mov	r3, r7
 104 000a 07CA     		ldm	r2, {r0, r1, r2}
 105 000c 83E80700 		stm	r3, {r0, r1, r2}
   5:example_project.c ****         {.mode=XMC_GPIO_MODE_OUTPUT_PUSH_PULL,\
   6:example_project.c ****          .output_level=XMC_GPIO_OUTPUT_LEVEL_LOW,\
   7:example_project.c ****          .output_strength=XMC_GPIO_OUTPUT_STRENGTH_STRONG_SHARP_EDGE};
   8:example_project.c **** 
   9:example_project.c ****   XMC_GPIO_Init(XMC_GPIO_PORT1, 0, &LED_config);
 106              		.loc 2 9 0
 107 0010 3B46     		mov	r3, r7
 108 0012 1A46     		mov	r2, r3
 109 0014 0021     		movs	r1, #0
 110 0016 0A48     		ldr	r0, .L6+4
 111 0018 FFF7FEFF 		bl	XMC_GPIO_Init
 112              	.L5:
 113              	.LBB2:
  10:example_project.c **** 
  11:example_project.c ****   while(1) {
  12:example_project.c ****     for(int32_t waiter=(1<<20); waiter >= 0; waiter--);
 114              		.loc 2 12 0
 115 001c 4FF48013 		mov	r3, #1048576
 116 0020 FB60     		str	r3, [r7, #12]
 117 0022 02E0     		b	.L3
 118              	.L4:
 119              		.loc 2 12 0 is_stmt 0 discriminator 3
 120 0024 FB68     		ldr	r3, [r7, #12]
 121 0026 013B     		subs	r3, r3, #1
 122 0028 FB60     		str	r3, [r7, #12]
 123              	.L3:
 124              		.loc 2 12 0 discriminator 1
 125 002a FB68     		ldr	r3, [r7, #12]
 126 002c 002B     		cmp	r3, #0
 127 002e F9DA     		bge	.L4
 128              	.LBE2:
  13:example_project.c ****     XMC_GPIO_ToggleOutput(XMC_GPIO_PORT1, 0);
 129              		.loc 2 13 0 is_stmt 1
 130 0030 0021     		movs	r1, #0
 131 0032 0348     		ldr	r0, .L6+4
 132 0034 FFF7FEFF 		bl	XMC_GPIO_ToggleOutput
  12:example_project.c ****     XMC_GPIO_ToggleOutput(XMC_GPIO_PORT1, 0);
 133              		.loc 2 12 0
 134 0038 F0E7     		b	.L5
 135              	.L7:
 136 003a 00BF     		.align	2
 137              	.L6:
 138 003c 00000000 		.word	.LC0
 139 0040 00810248 		.word	1208123648
 140              		.cfi_endproc
 141              	.LFE138:
 143              		.text
 144              	.Letext0:
 145              		.file 3 "/usr/arm-none-eabi/include/machine/_default_types.h"
 146              		.file 4 "/usr/arm-none-eabi/include/sys/_stdint.h"
 147              		.file 5 "/usr/arm-none-eabi/include/sys/lock.h"
 148              		.file 6 "/usr/arm-none-eabi/include/sys/_types.h"
 149              		.file 7 "/usr/lib/gcc/arm-none-eabi/7.3.1/include/stddef.h"
 150              		.file 8 "/usr/arm-none-eabi/include/sys/reent.h"
 151              		.file 9 "/opt/XMClib/XMC_Peripheral_Library_v2.1.16/CMSIS/Include/core_cm4.h"
 152              		.file 10 "/opt/XMClib/XMC_Peripheral_Library_v2.1.16/CMSIS/Infineon/XMC4500_series/Include/system_
 153              		.file 11 "/opt/XMClib/XMC_Peripheral_Library_v2.1.16/XMCLib/inc/xmc4_gpio.h"
DEFINED SYMBOLS
                            *ABS*:0000000000000000 example_project.c
     /tmp/ccqI8Pix.s:17     .text.XMC_GPIO_ToggleOutput:0000000000000000 $t
     /tmp/ccqI8Pix.s:23     .text.XMC_GPIO_ToggleOutput:0000000000000000 XMC_GPIO_ToggleOutput
     /tmp/ccqI8Pix.s:68     .rodata:0000000000000000 $d
     /tmp/ccqI8Pix.s:76     .text.main:0000000000000000 $t
     /tmp/ccqI8Pix.s:83     .text.main:0000000000000000 main
     /tmp/ccqI8Pix.s:138    .text.main:000000000000003c $d
                           .group:0000000000000000 wm4.0.7a9f4dea188ccacb7d502cdcabb040c1
                           .group:0000000000000000 wm4.stddef.h.39.99b5021e28f91cdb161c889e07266673
                           .group:0000000000000000 wm4._newlib_version.h.4.875b979a44719054cd750d0952ad3fd6
                           .group:0000000000000000 wm4.features.h.33.5bd1eea2d80518b50f7af0b5ce6750e0
                           .group:0000000000000000 wm4._default_types.h.15.247e5cd201eca3442cbf5404108c4935
                           .group:0000000000000000 wm4._intsup.h.10.cce27fed8484c08a33f522034c30d2b5
                           .group:0000000000000000 wm4._stdint.h.10.c24fa3af3bc1706662bb5593a907e841
                           .group:0000000000000000 wm4.stdint.h.23.d53047a68f4a85177f80b422d52785ed
                           .group:0000000000000000 wm4.stdbool.h.29.07dce69c3b78884144b7f7bd19483461
                           .group:0000000000000000 wm4.newlib.h.8.f6e543eac3f2f65163ba2ffe3b04987b
                           .group:0000000000000000 wm4.ieeefp.h.77.220d9cccac42cd58761758bee2df4ce6
                           .group:0000000000000000 wm4.config.h.220.6cac6a9685cfce5e83c17784171638d9
                           .group:0000000000000000 wm4._ansi.h.31.de524f58584151836e90d8620a16f8e8
                           .group:0000000000000000 wm4.lock.h.2.1461d1fff82dffe8bfddc23307f6484f
                           .group:0000000000000000 wm4._types.h.125.5cf8a495f1f7ef36777ad868a1e32068
                           .group:0000000000000000 wm4.stddef.h.161.5349cb105733e8777bfb0cf53c4e3f34
                           .group:0000000000000000 wm4._types.h.184.03611d4f6b5bec9997bcf4279eceba07
                           .group:0000000000000000 wm4.reent.h.17.90c2574d4acdcfce933db5cb09ff35fe
                           .group:0000000000000000 wm4.cdefs.h.47.14fad0b327eb9dcf106599b738d85132
                           .group:0000000000000000 wm4.string.h.15.dab3980bf35408a4c507182805e2de3a
                           .group:0000000000000000 wm4.stddef.h.161.19e15733342b50ead2919490b095303e
                           .group:0000000000000000 wm4.xmc_device.h.61.ba2d082e12f51240746cffdd60d42b81
                           .group:0000000000000000 wm4.XMC4500.h.55.9aa45b9b5790506b2dcb963e4e7adeaf
                           .group:0000000000000000 wm4.core_cm4.h.32.6c6eb1c8daeca23ce7ba79c8e8120d52
                           .group:0000000000000000 wm4.cmsis_gcc.h.26.91b63349961c35637933e4fba51b867b
                           .group:0000000000000000 wm4.core_cm4.h.172.fdd5a388a160bb6ff767b7d7ee212268
                           .group:0000000000000000 wm4.system_XMC4500.h.42.99124977c10ca8844a71949adbeabd70
                           .group:0000000000000000 wm4.XMC4500.h.208.b340195df97f067735c4c769ba59985a
                           .group:0000000000000000 wm4.xmc_device.h.1460.8860499b404961ffcfbb8d1fefcb2146
                           .group:0000000000000000 wm4.xmc_common.h.92.3f4336a80569affab05a81145b87c2fc
                           .group:0000000000000000 wm4.xmc_gpio.h.97.fa6a2e1be6030a75d960293cc3bbbd6b
                           .group:0000000000000000 wm4.xmc4_gpio_map.h.74.66e9110cf801b78826ef5354da51c32f
                           .group:0000000000000000 wm4.xmc4_gpio.h.79.ce6c49508b5a7769c66e7e3c21dcdfe4

UNDEFINED SYMBOLS
XMC_GPIO_Init
