-------------------------------------------------------------------
Timestamp: 2021-7-5
Number of guessed Characters (last time): 1 (33.3333%)
Number of tries: 9
-------------------------------------------------------------------
Timestamp: 2021-7-5
Number of guessed Characters (last time): 0 (0%)
Number of tries: 7
-------------------------------------------------------------------
Timestamp: 2021-7-5
Number of guessed Characters (last time): 3 (100%)
Number of tries: 219
-------------------------------------------------------------------
Timestamp: 2021-7-5
Number of guessed Characters (last time): 0 (0%)
Number of tries: 11
-------------------------------------------------------------------
Timestamp: 2021-7-10
Number of guessed Characters (last time): 3 (100%)
Number of tries: 222
-------------------------------------------------------------------
Timestamp: 2021-7-12
Number of guessed Characters (last time): 0 (0%)
Number of tries: 4
-------------------------------------------------------------------
Timestamp: 2021-7-12
Number of guessed Characters (last time): 3 (100%)
Number of tries: 236
