   1              		.cpu cortex-m4
   2              		.eabi_attribute 27, 1
   3              		.eabi_attribute 20, 1
   4              		.eabi_attribute 21, 1
   5              		.eabi_attribute 23, 3
   6              		.eabi_attribute 24, 1
   7              		.eabi_attribute 25, 1
   8              		.eabi_attribute 26, 1
   9              		.eabi_attribute 30, 6
  10              		.eabi_attribute 34, 1
  11              		.eabi_attribute 18, 4
  12              		.file	"dimming.c"
  13              		.text
  14              	.Ltext0:
  15              		.cfi_sections	.debug_frame
  16              		.section	.text.main,"ax",%progbits
  17              		.align	1
  18              		.global	main
  19              		.syntax unified
  20              		.thumb
  21              		.thumb_func
  22              		.fpu fpv4-sp-d16
  24              	main:
  25              	.LFB128:
  26              		.file 1 "dimming.c"
   1:dimming.c     **** #include <xmc_common.h>
   2:dimming.c     **** 
   3:dimming.c     **** void initCCU4(void);
   4:dimming.c     **** void connectLED(void);
   5:dimming.c     **** 
   6:dimming.c     **** int main(void)
   7:dimming.c     **** {
  27              		.loc 1 7 0
  28              		.cfi_startproc
  29              		@ args = 0, pretend = 0, frame = 0
  30              		@ frame_needed = 1, uses_anonymous_args = 0
  31 0000 80B5     		push	{r7, lr}
  32              	.LCFI0:
  33              		.cfi_def_cfa_offset 8
  34              		.cfi_offset 7, -8
  35              		.cfi_offset 14, -4
  36 0002 00AF     		add	r7, sp, #0
  37              	.LCFI1:
  38              		.cfi_def_cfa_register 7
   8:dimming.c     **** 	initCCU4();
  39              		.loc 1 8 0
  40 0004 FFF7FEFF 		bl	initCCU4
  41              	.L2:
   9:dimming.c     **** 
  10:dimming.c     **** 	while(1);
  42              		.loc 1 10 0 discriminator 1
  43 0008 FEE7     		b	.L2
  44              		.cfi_endproc
  45              	.LFE128:
  47              		.section	.text.initCCU4,"ax",%progbits
  48              		.align	1
  49              		.global	initCCU4
  50              		.syntax unified
  51              		.thumb
  52              		.thumb_func
  53              		.fpu fpv4-sp-d16
  55              	initCCU4:
  56              	.LFB129:
  11:dimming.c     **** 	return 0;
  12:dimming.c     **** }
  13:dimming.c     **** 
  14:dimming.c     **** void initCCU4()
  15:dimming.c     **** {
  57              		.loc 1 15 0
  58              		.cfi_startproc
  59              		@ args = 0, pretend = 0, frame = 0
  60              		@ frame_needed = 1, uses_anonymous_args = 0
  61 0000 80B5     		push	{r7, lr}
  62              	.LCFI2:
  63              		.cfi_def_cfa_offset 8
  64              		.cfi_offset 7, -8
  65              		.cfi_offset 14, -4
  66 0002 00AF     		add	r7, sp, #0
  67              	.LCFI3:
  68              		.cfi_def_cfa_register 7
  16:dimming.c     **** 	SCU_RESET -> PRCLR0 = SCU_RESET_PRCLR0_CCU40RS_Msk;
  69              		.loc 1 16 0
  70 0004 0F4B     		ldr	r3, .L4
  71 0006 0422     		movs	r2, #4
  72 0008 5A61     		str	r2, [r3, #20]
  17:dimming.c     **** 	SCU_CLK -> CLKSET = SCU_CLK_CLKSET_CCUCEN_Msk;
  73              		.loc 1 17 0
  74 000a 0F4B     		ldr	r3, .L4+4
  75 000c 1022     		movs	r2, #16
  76 000e 5A60     		str	r2, [r3, #4]
  18:dimming.c     **** 	CCU40 -> GIDLC = CCU4_GIDLC_SPRB_Msk;
  77              		.loc 1 18 0
  78 0010 0E4B     		ldr	r3, .L4+8
  79 0012 4FF48072 		mov	r2, #256
  80 0016 DA60     		str	r2, [r3, #12]
  19:dimming.c     **** 	CCU40_CC42 -> PRS = 0XFFFF;
  81              		.loc 1 19 0
  82 0018 0D4B     		ldr	r3, .L4+12
  83 001a 4FF6FF72 		movw	r2, #65535
  84 001e 5A63     		str	r2, [r3, #52]
  20:dimming.c     **** 	CCU40_CC42 -> CRS = (1 - 0.1) * 0XFFFF;
  85              		.loc 1 20 0
  86 0020 0B4B     		ldr	r3, .L4+12
  87 0022 4EF26562 		movw	r2, #58981
  88 0026 DA63     		str	r2, [r3, #60]
  21:dimming.c     **** 	CCU40 -> GCSS = CCU4_GCSS_S2SE_Msk;
  89              		.loc 1 21 0
  90 0028 084B     		ldr	r3, .L4+8
  91 002a 4FF48072 		mov	r2, #256
  92 002e 1A61     		str	r2, [r3, #16]
  22:dimming.c     **** 	connectLED();
  93              		.loc 1 22 0
  94 0030 FFF7FEFF 		bl	connectLED
  23:dimming.c     **** 	CCU40 -> GIDLC = CCU4_GIDLC_CS2I_Msk;
  95              		.loc 1 23 0
  96 0034 054B     		ldr	r3, .L4+8
  97 0036 0422     		movs	r2, #4
  98 0038 DA60     		str	r2, [r3, #12]
  24:dimming.c     **** 	CCU40_CC42 -> TCSET = CCU4_CC4_TCSET_TRBS_Msk;
  99              		.loc 1 24 0
 100 003a 054B     		ldr	r3, .L4+12
 101 003c 0122     		movs	r2, #1
 102 003e DA60     		str	r2, [r3, #12]
  25:dimming.c     **** }
 103              		.loc 1 25 0
 104 0040 00BF     		nop
 105 0042 80BD     		pop	{r7, pc}
 106              	.L5:
 107              		.align	2
 108              	.L4:
 109 0044 00440050 		.word	1342194688
 110 0048 00460050 		.word	1342195200
 111 004c 00C00040 		.word	1073790976
 112 0050 00C30040 		.word	1073791744
 113              		.cfi_endproc
 114              	.LFE129:
 116              		.section	.text.connectLED,"ax",%progbits
 117              		.align	1
 118              		.global	connectLED
 119              		.syntax unified
 120              		.thumb
 121              		.thumb_func
 122              		.fpu fpv4-sp-d16
 124              	connectLED:
 125              	.LFB130:
  26:dimming.c     **** 
  27:dimming.c     **** void connectLED()
  28:dimming.c     **** {
 126              		.loc 1 28 0
 127              		.cfi_startproc
 128              		@ args = 0, pretend = 0, frame = 0
 129              		@ frame_needed = 1, uses_anonymous_args = 0
 130              		@ link register save eliminated.
 131 0000 80B4     		push	{r7}
 132              	.LCFI4:
 133              		.cfi_def_cfa_offset 4
 134              		.cfi_offset 7, -4
 135 0002 00AF     		add	r7, sp, #0
 136              	.LCFI5:
 137              		.cfi_def_cfa_register 7
  29:dimming.c     **** 	static const uint8_t PP_ALT3 = 0b10011;
  30:dimming.c     **** 	PORT1 -> IOCR0 = (PORT1 -> IOCR0 & ~PORT1_IOCR0_PC1_Msk) | (PP_ALT3 << PORT1_IOCR0_PC1_Pos);
 138              		.loc 1 30 0
 139 0004 074B     		ldr	r3, .L7
 140 0006 1B69     		ldr	r3, [r3, #16]
 141 0008 23F47843 		bic	r3, r3, #63488
 142 000c 064A     		ldr	r2, .L7+4
 143 000e 1278     		ldrb	r2, [r2]	@ zero_extendqisi2
 144 0010 D202     		lsls	r2, r2, #11
 145 0012 1146     		mov	r1, r2
 146 0014 034A     		ldr	r2, .L7
 147 0016 0B43     		orrs	r3, r3, r1
 148 0018 1361     		str	r3, [r2, #16]
  31:dimming.c     **** }
 149              		.loc 1 31 0
 150 001a 00BF     		nop
 151 001c BD46     		mov	sp, r7
 152              	.LCFI6:
 153              		.cfi_def_cfa_register 13
 154              		@ sp needed
 155 001e 5DF8047B 		ldr	r7, [sp], #4
 156              	.LCFI7:
 157              		.cfi_restore 7
 158              		.cfi_def_cfa_offset 0
 159 0022 7047     		bx	lr
 160              	.L8:
 161              		.align	2
 162              	.L7:
 163 0024 00810248 		.word	1208123648
 164 0028 00000000 		.word	PP_ALT3.8140
 165              		.cfi_endproc
 166              	.LFE130:
 168              		.section	.rodata
 171              	PP_ALT3.8140:
 172 0000 13       		.byte	19
 173              		.text
 174              	.Letext0:
 175              		.file 2 "/usr/arm-none-eabi/include/machine/_default_types.h"
 176              		.file 3 "/usr/arm-none-eabi/include/sys/_stdint.h"
 177              		.file 4 "/usr/arm-none-eabi/include/sys/lock.h"
 178              		.file 5 "/usr/arm-none-eabi/include/sys/_types.h"
 179              		.file 6 "/usr/lib/gcc/arm-none-eabi/7.3.1/include/stddef.h"
 180              		.file 7 "/usr/arm-none-eabi/include/sys/reent.h"
 181              		.file 8 "/opt/XMClib/XMC_Peripheral_Library_v2.1.16/CMSIS/Include/core_cm4.h"
 182              		.file 9 "/opt/XMClib/XMC_Peripheral_Library_v2.1.16/CMSIS/Infineon/XMC4500_series/Include/system_X
 183              		.file 10 "/opt/XMClib/XMC_Peripheral_Library_v2.1.16/CMSIS/Infineon/XMC4500_series/Include/XMC4500
DEFINED SYMBOLS
                            *ABS*:0000000000000000 dimming.c
     /tmp/cc95T1fb.s:17     .text.main:0000000000000000 $t
     /tmp/cc95T1fb.s:24     .text.main:0000000000000000 main
     /tmp/cc95T1fb.s:55     .text.initCCU4:0000000000000000 initCCU4
     /tmp/cc95T1fb.s:48     .text.initCCU4:0000000000000000 $t
     /tmp/cc95T1fb.s:124    .text.connectLED:0000000000000000 connectLED
     /tmp/cc95T1fb.s:109    .text.initCCU4:0000000000000044 $d
     /tmp/cc95T1fb.s:117    .text.connectLED:0000000000000000 $t
     /tmp/cc95T1fb.s:163    .text.connectLED:0000000000000024 $d
     /tmp/cc95T1fb.s:171    .rodata:0000000000000000 PP_ALT3.8140
                           .group:0000000000000000 wm4.0.7a9f4dea188ccacb7d502cdcabb040c1
                           .group:0000000000000000 wm4.stddef.h.39.99b5021e28f91cdb161c889e07266673
                           .group:0000000000000000 wm4._newlib_version.h.4.875b979a44719054cd750d0952ad3fd6
                           .group:0000000000000000 wm4.features.h.33.5bd1eea2d80518b50f7af0b5ce6750e0
                           .group:0000000000000000 wm4._default_types.h.15.247e5cd201eca3442cbf5404108c4935
                           .group:0000000000000000 wm4._intsup.h.10.cce27fed8484c08a33f522034c30d2b5
                           .group:0000000000000000 wm4._stdint.h.10.c24fa3af3bc1706662bb5593a907e841
                           .group:0000000000000000 wm4.stdint.h.23.d53047a68f4a85177f80b422d52785ed
                           .group:0000000000000000 wm4.stdbool.h.29.07dce69c3b78884144b7f7bd19483461
                           .group:0000000000000000 wm4.newlib.h.8.f6e543eac3f2f65163ba2ffe3b04987b
                           .group:0000000000000000 wm4.ieeefp.h.77.220d9cccac42cd58761758bee2df4ce6
                           .group:0000000000000000 wm4.config.h.220.6cac6a9685cfce5e83c17784171638d9
                           .group:0000000000000000 wm4._ansi.h.31.de524f58584151836e90d8620a16f8e8
                           .group:0000000000000000 wm4.lock.h.2.1461d1fff82dffe8bfddc23307f6484f
                           .group:0000000000000000 wm4._types.h.125.5cf8a495f1f7ef36777ad868a1e32068
                           .group:0000000000000000 wm4.stddef.h.161.5349cb105733e8777bfb0cf53c4e3f34
                           .group:0000000000000000 wm4._types.h.184.03611d4f6b5bec9997bcf4279eceba07
                           .group:0000000000000000 wm4.reent.h.17.90c2574d4acdcfce933db5cb09ff35fe
                           .group:0000000000000000 wm4.cdefs.h.47.14fad0b327eb9dcf106599b738d85132
                           .group:0000000000000000 wm4.string.h.15.dab3980bf35408a4c507182805e2de3a
                           .group:0000000000000000 wm4.stddef.h.161.19e15733342b50ead2919490b095303e
                           .group:0000000000000000 wm4.xmc_device.h.61.ba2d082e12f51240746cffdd60d42b81
                           .group:0000000000000000 wm4.XMC4500.h.55.9aa45b9b5790506b2dcb963e4e7adeaf
                           .group:0000000000000000 wm4.core_cm4.h.32.6c6eb1c8daeca23ce7ba79c8e8120d52
                           .group:0000000000000000 wm4.cmsis_gcc.h.26.91b63349961c35637933e4fba51b867b
                           .group:0000000000000000 wm4.core_cm4.h.172.fdd5a388a160bb6ff767b7d7ee212268
                           .group:0000000000000000 wm4.system_XMC4500.h.42.99124977c10ca8844a71949adbeabd70
                           .group:0000000000000000 wm4.XMC4500.h.208.b340195df97f067735c4c769ba59985a
                           .group:0000000000000000 wm4.xmc_device.h.1460.8860499b404961ffcfbb8d1fefcb2146
                           .group:0000000000000000 wm4.xmc_common.h.92.3f4336a80569affab05a81145b87c2fc

NO UNDEFINED SYMBOLS
